{"meta": {"format": 3, "version": "7.12.0", "timestamp": "2025-11-28T21:28:17.201529", "branch_coverage": false, "show_contexts": false}, "files": {"analytics.py": {"executed_lines": [1, 9, 10, 11, 12, 13, 14, 15, 17, 19, 25, 26, 27, 135, 136, 217, 218, 289, 290, 343, 344, 434, 435, 513, 514], "summary": {"covered_lines": 24, "num_statements": 185, "percent_covered": 12.972972972972974, "percent_covered_display": "13", "missing_lines": 161, "excluded_lines": 0, "percent_statements_covered": 12.972972972972974, "percent_statements_covered_display": "13"}, "missing_lines": [40, 41, 43, 45, 47, 48, 51, 52, 53, 56, 59, 65, 66, 71, 72, 80, 81, 83, 86, 87, 88, 90, 99, 100, 110, 111, 112, 113, 114, 116, 132, 150, 151, 154, 155, 160, 162, 163, 164, 166, 169, 175, 176, 178, 183, 185, 186, 187, 188, 189, 191, 193, 214, 226, 227, 229, 231, 232, 233, 236, 242, 243, 245, 248, 249, 250, 251, 252, 254, 257, 258, 259, 260, 261, 263, 265, 286, 298, 299, 301, 303, 304, 305, 308, 314, 315, 317, 320, 322, 324, 340, 353, 354, 356, 358, 359, 360, 363, 364, 365, 367, 368, 370, 373, 375, 385, 386, 388, 391, 392, 393, 394, 395, 396, 397, 399, 401, 427, 449, 450, 453, 454, 459, 461, 463, 466, 469, 475, 476, 477, 479, 483, 488, 489, 491, 506, 521, 522, 525, 526, 527, 528, 529, 530, 532, 533, 534, 535, 536, 538, 539, 542, 543, 545, 546, 548, 549, 551, 552, 554, 964], "excluded_lines": [], "functions": {"booking_summary": {"executed_lines": [], "summary": {"covered_lines": 0, "num_statements": 31, "percent_covered": 0.0, "percent_covered_display": "0", "missing_lines": 31, "excluded_lines": 0, "percent_statements_covered": 0.0, "percent_statements_covered_display": "0"}, "missing_lines": [40, 41, 43, 45, 47, 48, 51, 52, 53, 56, 59, 65, 66, 71, 72, 80, 81, 83, 86, 87, 88, 90, 99, 100, 110, 111, 112, 113, 114, 116, 132], "excluded_lines": []}, "booking_trends": {"executed_lines": [], "summary": {"covered_lines": 0, "num_statements": 22, "percent_covered": 0.0, "percent_covered_display": "0", "missing_lines": 22, "excluded_lines": 0, "percent_statements_covered": 0.0, "percent_statements_covered_display": "0"}, "missing_lines": [150, 151, 154, 155, 160, 162, 163, 164, 166, 169, 175, 176, 178, 183, 185, 186, 187, 188, 189, 191, 193, 214], "excluded_lines": []}, "peak_hours": {"executed_lines": [], "summary": {"covered_lines": 0, "num_statements": 19, "percent_covered": 0.0, "percent_covered_display": "0", "missing_lines": 19, "excluded_lines": 0, "percent_statements_covered": 0.0, "percent_statements_covered_display": "0"}, "missing_lines": [226, 227, 229, 231, 232, 233, 236, 242, 243, 245, 248, 249, 250, 251, 252, 254, 257, 265, 286], "excluded_lines": []}, "peak_hours.get_popularity": {"executed_lines": [], "summary": {"covered_lines": 0, "num_statements": 5, "percent_covered": 0.0, "percent_covered_display": "0", "missing_lines": 5, "excluded_lines": 0, "percent_statements_covered": 0.0, "percent_statements_covered_display": "0"}, "missing_lines": [258, 259, 260, 261, 263], "excluded_lines": []}, "day_of_week_analysis": {"executed_lines": [], "summary": {"covered_lines": 0, "num_statements": 14, "percent_covered": 0.0, "percent_covered_display": "0", "missing_lines": 14, "excluded_lines": 0, "percent_statements_covered": 0.0, "percent_statements_covered_display": "0"}, "missing_lines": [298, 299, 301, 303, 304, 305, 308, 314, 315, 317, 320, 322, 324, 340], "excluded_lines": []}, "cancellation_rate": {"executed_lines": [], "summary": {"covered_lines": 0, "num_statements": 20, "percent_covered": 0.0, "percent_covered_display": "0", "missing_lines": 20, "excluded_lines": 0, "percent_statements_covered": 0.0, "percent_statements_covered_display": "0"}, "missing_lines": [353, 354, 356, 358, 359, 360, 363, 364, 365, 367, 368, 370, 373, 375, 385, 386, 388, 391, 401, 427], "excluded_lines": []}, "cancellation_rate.get_status": {"executed_lines": [], "summary": {"covered_lines": 0, "num_statements": 7, "percent_covered": 0.0, "percent_covered_display": "0", "missing_lines": 7, "excluded_lines": 0, "percent_statements_covered": 0.0, "percent_statements_covered_display": "0"}, "missing_lines": [392, 393, 394, 395, 396, 397, 399], "excluded_lines": []}, "user_activity": {"executed_lines": [], "summary": {"covered_lines": 0, "num_statements": 18, "percent_covered": 0.0, "percent_covered_display": "0", "missing_lines": 18, "excluded_lines": 0, "percent_statements_covered": 0.0, "percent_statements_covered_display": "0"}, "missing_lines": [449, 450, 453, 454, 459, 461, 463, 466, 469, 475, 476, 477, 479, 483, 488, 489, 491, 506], "excluded_lines": []}, "analytics_dashboard": {"executed_lines": [], "summary": {"covered_lines": 0, "num_statements": 25, "percent_covered": 0.0, "percent_covered_display": "0", "missing_lines": 25, "excluded_lines": 0, "percent_statements_covered": 0.0, "percent_statements_covered_display": "0"}, "missing_lines": [521, 522, 525, 526, 527, 528, 529, 530, 532, 533, 534, 535, 536, 538, 539, 542, 543, 545, 546, 548, 549, 551, 552, 554, 964], "excluded_lines": []}, "": {"executed_lines": [1, 9, 10, 11, 12, 13, 14, 15, 17, 19, 25, 26, 27, 135, 136, 217, 218, 289, 290, 343, 344, 434, 435, 513, 514], "summary": {"covered_lines": 24, "num_statements": 24, "percent_covered": 100.0, "percent_covered_display": "100", "missing_lines": 0, "excluded_lines": 0, "percent_statements_covered": 100.0, "percent_statements_covered_display": "100"}, "missing_lines": [], "excluded_lines": []}}, "classes": {"": {"executed_lines": [1, 9, 10, 11, 12, 13, 14, 15, 17, 19, 25, 26, 27, 135, 136, 217, 218, 289, 290, 343, 344, 434, 435, 513, 514], "summary": {"covered_lines": 24, "num_statements": 185, "percent_covered": 12.972972972972974, "percent_covered_display": "13", "missing_lines": 161, "excluded_lines": 0, "percent_statements_covered": 12.972972972972974, "percent_statements_covered_display": "13"}, "missing_lines": [40, 41, 43, 45, 47, 48, 51, 52, 53, 56, 59, 65, 66, 71, 72, 80, 81, 83, 86, 87, 88, 90, 99, 100, 110, 111, 112, 113, 114, 116, 132, 150, 151, 154, 155, 160, 162, 163, 164, 166, 169, 175, 176, 178, 183, 185, 186, 187, 188, 189, 191, 193, 214, 226, 227, 229, 231, 232, 233, 236, 242, 243, 245, 248, 249, 250, 251, 252, 254, 257, 258, 259, 260, 261, 263, 265, 286, 298, 299, 301, 303, 304, 305, 308, 314, 315, 317, 320, 322, 324, 340, 353, 354, 356, 358, 359, 360, 363, 364, 365, 367, 368, 370, 373, 375, 385, 386, 388, 391, 392, 393, 394, 395, 396, 397, 399, 401, 427, 449, 450, 453, 454, 459, 461, 463, 466, 469, 475, 476, 477, 479, 483, 488, 489, 491, 506, 521, 522, 525, 526, 527, 528, 529, 530, 532, 533, 534, 535, 536, 538, 539, 542, 543, 545, 546, 548, 549, 551, 552, 554, 964], "excluded_lines": []}}}, "auth.py": {"executed_lines": [1, 7, 8, 9, 10, 11, 13, 15, 16, 20, 22, 69], "summary": {"covered_lines": 11, "num_statements": 23, "percent_covered": 47.82608695652174, "percent_covered_display": "48", "missing_lines": 12, "excluded_lines": 0, "percent_statements_covered": 47.82608695652174, "percent_statements_covered_display": "48"}, "missing_lines": [44, 50, 52, 55, 56, 57, 60, 65, 67, 90, 91, 95], "excluded_lines": [], "functions": {"get_current_user": {"executed_lines": [], "summary": {"covered_lines": 0, "num_statements": 9, "percent_covered": 0.0, "percent_covered_display": "0", "missing_lines": 9, "excluded_lines": 0, "percent_statements_covered": 0.0, "percent_statements_covered_display": "0"}, "missing_lines": [44, 50, 52, 55, 56, 57, 60, 65, 67], "excluded_lines": []}, "require_admin_or_manager": {"executed_lines": [], "summary": {"covered_lines": 0, "num_statements": 3, "percent_covered": 0.0, "percent_covered_display": "0", "missing_lines": 3, "excluded_lines": 0, "percent_statements_covered": 0.0, "percent_statements_covered_display": "0"}, "missing_lines": [90, 91, 95], "excluded_lines": []}, "": {"executed_lines": [1, 7, 8, 9, 10, 11, 13, 15, 16, 20, 22, 69], "summary": {"covered_lines": 11, "num_statements": 11, "percent_covered": 100.0, "percent_covered_display": "100", "missing_lines": 0, "excluded_lines": 0, "percent_statements_covered": 100.0, "percent_statements_covered_display": "100"}, "missing_lines": [], "excluded_lines": []}}, "classes": {"": {"executed_lines": [1, 7, 8, 9, 10, 11, 13, 15, 16, 20, 22, 69], "summary": {"covered_lines": 11, "num_statements": 23, "percent_covered": 47.82608695652174, "percent_covered_display": "48", "missing_lines": 12, "excluded_lines": 0, "percent_statements_covered": 47.82608695652174, "percent_statements_covered_display": "48"}, "missing_lines": [44, 50, 52, 55, 56, 57, 60, 65, 67, 90, 91, 95], "excluded_lines": []}}}, "database.py": {"executed_lines": [1, 7, 8, 9, 10, 11, 14, 17, 21, 30, 38, 40], "summary": {"covered_lines": 11, "num_statements": 15, "percent_covered": 73.33333333333333, "percent_covered_display": "73", "missing_lines": 4, "excluded_lines": 0, "percent_statements_covered": 73.33333333333333, "percent_statements_covered_display": "73"}, "missing_lines": [51, 52, 53, 55], "excluded_lines": [], "functions": {"get_db": {"executed_lines": [], "summary": {"covered_lines": 0, "num_statements": 4, "percent_covered": 0.0, "percent_covered_display": "0", "missing_lines": 4, "excluded_lines": 0, "percent_statements_covered": 0.0, "percent_statements_covered_display": "0"}, "missing_lines": [51, 52, 53, 55], "excluded_lines": []}, "": {"executed_lines": [1, 7, 8, 9, 10, 11, 14, 17, 21, 30, 38, 40], "summary": {"covered_lines": 11, "num_statements": 11, "percent_covered": 100.0, "percent_covered_display": "100", "missing_lines": 0, "excluded_lines": 0, "percent_statements_covered": 100.0, "percent_statements_covered_display": "100"}, "missing_lines": [], "excluded_lines": []}}, "classes": {"": {"executed_lines": [1, 7, 8, 9, 10, 11, 14, 17, 21, 30, 38, 40], "summary": {"covered_lines": 11, "num_statements": 15, "percent_covered": 73.33333333333333, "percent_covered_display": "73", "missing_lines": 4, "excluded_lines": 0, "percent_statements_covered": 73.33333333333333, "percent_statements_covered_display": "73"}, "missing_lines": [51, 52, 53, 55], "excluded_lines": []}}}, "errors.py": {"executed_lines": [1, 7, 9, 10, 14, 15, 20, 21, 25, 26, 31, 32, 36, 37, 42, 43, 47, 48, 53, 54, 59, 60], "summary": {"covered_lines": 16, "num_statements": 16, "percent_covered": 100.0, "percent_covered_display": "100", "missing_lines": 0, "excluded_lines": 0, "percent_statements_covered": 100.0, "percent_statements_covered_display": "100"}, "missing_lines": [], "excluded_lines": [], "functions": {"BookingNotFoundException.__init__": {"executed_lines": [15], "summary": {"covered_lines": 1, "num_statements": 1, "percent_covered": 100.0, "percent_covered_display": "100", "missing_lines": 0, "excluded_lines": 0, "percent_statements_covered": 100.0, "percent_statements_covered_display": "100"}, "missing_lines": [], "excluded_lines": []}, "BookingConflictException.__init__": {"executed_lines": [26], "summary": {"covered_lines": 1, "num_statements": 1, "percent_covered": 100.0, "percent_covered_display": "100", "missing_lines": 0, "excluded_lines": 0, "percent_statements_covered": 100.0, "percent_statements_covered_display": "100"}, "missing_lines": [], "excluded_lines": []}, "RoomNotFoundException.__init__": {"executed_lines": [37], "summary": {"covered_lines": 1, "num_statements": 1, "percent_covered": 100.0, "percent_covered_display": "100", "missing_lines": 0, "excluded_lines": 0, "percent_statements_covered": 100.0, "percent_statements_covered_display": "100"}, "missing_lines": [], "excluded_lines": []}, "UnauthorizedBookingAccessException.__init__": {"executed_lines": [48], "summary": {"covered_lines": 1, "num_statements": 1, "percent_covered": 100.0, "percent_covered_display": "100", "missing_lines": 0, "excluded_lines": 0, "percent_statements_covered": 100.0, "percent_statements_covered_display": "100"}, "missing_lines": [], "excluded_lines": []}, "InvalidBookingStateException.__init__": {"executed_lines": [60], "summary": {"covered_lines": 1, "num_statements": 1, "percent_covered": 100.0, "percent_covered_display": "100", "missing_lines": 0, "excluded_lines": 0, "percent_statements_covered": 100.0, "percent_statements_covered_display": "100"}, "missing_lines": [], "excluded_lines": []}, "": {"executed_lines": [1, 7, 9, 10, 14, 20, 21, 25, 31, 32, 36, 42, 43, 47, 53, 54, 59], "summary": {"covered_lines": 11, "num_statements": 11, "percent_covered": 100.0, "percent_covered_display": "100", "missing_lines": 0, "excluded_lines": 0, "percent_statements_covered": 100.0, "percent_statements_covered_display": "100"}, "missing_lines": [], "excluded_lines": []}}, "classes": {"BookingNotFoundException": {"executed_lines": [15], "summary": {"covered_lines": 1, "num_statements": 1, "percent_covered": 100.0, "percent_covered_display": "100", "missing_lines": 0, "excluded_lines": 0, "percent_statements_covered": 100.0, "percent_statements_covered_display": "100"}, "missing_lines": [], "excluded_lines": []}, "BookingConflictException": {"executed_lines": [26], "summary": {"covered_lines": 1, "num_statements": 1, "percent_covered": 100.0, "percent_covered_display": "100", "missing_lines": 0, "excluded_lines": 0, "percent_statements_covered": 100.0, "percent_statements_covered_display": "100"}, "missing_lines": [], "excluded_lines": []}, "RoomNotFoundException": {"executed_lines": [37], "summary": {"covered_lines": 1, "num_statements": 1, "percent_covered": 100.0, "percent_covered_display": "100", "missing_lines": 0, "excluded_lines": 0, "percent_statements_covered": 100.0, "percent_statements_covered_display": "100"}, "missing_lines": [], "excluded_lines": []}, "UnauthorizedBookingAccessException": {"executed_lines": [48], "summary": {"covered_lines": 1, "num_statements": 1, "percent_covered": 100.0, "percent_covered_display": "100", "missing_lines": 0, "excluded_lines": 0, "percent_statements_covered": 100.0, "percent_statements_covered_display": "100"}, "missing_lines": [], "excluded_lines": []}, "InvalidBookingStateException": {"executed_lines": [60], "summary": {"covered_lines": 1, "num_statements": 1, "percent_covered": 100.0, "percent_covered_display": "100", "missing_lines": 0, "excluded_lines": 0, "percent_statements_covered": 100.0, "percent_statements_covered_display": "100"}, "missing_lines": [], "excluded_lines": []}, "": {"executed_lines": [1, 7, 9, 10, 14, 20, 21, 25, 31, 32, 36, 42, 43, 47, 53, 54, 59], "summary": {"covered_lines": 11, "num_statements": 11, "percent_covered": 100.0, "percent_covered_display": "100", "missing_lines": 0, "excluded_lines": 0, "percent_statements_covered": 100.0, "percent_statements_covered_display": "100"}, "missing_lines": [], "excluded_lines": []}}}, "main.py": {"executed_lines": [1, 7, 8, 9, 10, 13, 23, 32, 35, 37, 42, 46, 52, 57, 62, 68], "summary": {"covered_lines": 15, "num_statements": 17, "percent_covered": 88.23529411764706, "percent_covered_display": "88", "missing_lines": 2, "excluded_lines": 0, "percent_statements_covered": 88.23529411764706, "percent_statements_covered_display": "88"}, "missing_lines": [69, 72], "excluded_lines": [], "functions": {"root": {"executed_lines": [46], "summary": {"covered_lines": 1, "num_statements": 1, "percent_covered": 100.0, "percent_covered_display": "100", "missing_lines": 0, "excluded_lines": 0, "percent_statements_covered": 100.0, "percent_statements_covered_display": "100"}, "missing_lines": [], "excluded_lines": []}, "health_check": {"executed_lines": [62], "summary": {"covered_lines": 1, "num_statements": 1, "percent_covered": 100.0, "percent_covered_display": "100", "missing_lines": 0, "excluded_lines": 0, "percent_statements_covered": 100.0, "percent_statements_covered_display": "100"}, "missing_lines": [], "excluded_lines": []}, "": {"executed_lines": [1, 7, 8, 9, 10, 13, 23, 32, 35, 37, 42, 52, 57, 68], "summary": {"covered_lines": 13, "num_statements": 15, "percent_covered": 86.66666666666667, "percent_covered_display": "87", "missing_lines": 2, "excluded_lines": 0, "percent_statements_covered": 86.66666666666667, "percent_statements_covered_display": "87"}, "missing_lines": [69, 72], "excluded_lines": []}}, "classes": {"": {"executed_lines": [1, 7, 8, 9, 10, 13, 23, 32, 35, 37, 42, 46, 52, 57, 62, 68], "summary": {"covered_lines": 15, "num_statements": 17, "percent_covered": 88.23529411764706, "percent_covered_display": "88", "missing_lines": 2, "excluded_lines": 0, "percent_statements_covered": 88.23529411764706, "percent_statements_covered_display": "88"}, "missing_lines": [69, 72], "excluded_lines": []}}}, "models.py": {"executed_lines": [1, 7, 8, 9, 11, 12, 32, 35, 39, 44, 51, 56, 60, 67, 74, 80, 84, 90, 94, 99, 104, 105, 124, 126, 129, 136, 137, 140, 147, 148, 151, 152, 155, 159, 165, 169, 170, 175, 177, 178, 179, 180, 181, 182, 183, 184, 185, 187], "summary": {"covered_lines": 44, "num_statements": 47, "percent_covered": 93.61702127659575, "percent_covered_display": "94", "missing_lines": 3, "excluded_lines": 0, "percent_statements_covered": 93.61702127659575, "percent_statements_covered_display": "94"}, "missing_lines": [101, 167, 188], "excluded_lines": [], "functions": {"Booking.__repr__": {"executed_lines": [], "summary": {"covered_lines": 0, "num_statements": 1, "percent_covered": 0.0, "percent_covered_display": "0", "missing_lines": 1, "excluded_lines": 0, "percent_statements_covered": 0.0, "percent_statements_covered_display": "0"}, "missing_lines": [101], "excluded_lines": []}, "BookingHistory.__repr__": {"executed_lines": [], "summary": {"covered_lines": 0, "num_statements": 1, "percent_covered": 0.0, "percent_covered_display": "0", "missing_lines": 1, "excluded_lines": 0, "percent_statements_covered": 0.0, "percent_statements_covered_display": "0"}, "missing_lines": [167], "excluded_lines": []}, "Room.__repr__": {"executed_lines": [], "summary": {"covered_lines": 0, "num_statements": 1, "percent_covered": 0.0, "percent_covered_display": "0", "missing_lines": 1, "excluded_lines": 0, "percent_statements_covered": 0.0, "percent_statements_covered_display": "0"}, "missing_lines": [188], "excluded_lines": []}, "": {"executed_lines": [1, 7, 8, 9, 11, 12, 32, 35, 39, 44, 51, 56, 60, 67, 74, 80, 84, 90, 94, 99, 104, 105, 124, 126, 129, 136, 137, 140, 147, 148, 151, 152, 155, 159, 165, 169, 170, 175, 177, 178, 179, 180, 181, 182, 183, 184, 185, 187], "summary": {"covered_lines": 44, "num_statements": 44, "percent_covered": 100.0, "percent_covered_display": "100", "missing_lines": 0, "excluded_lines": 0, "percent_statements_covered": 100.0, "percent_statements_covered_display": "100"}, "missing_lines": [], "excluded_lines": []}}, "classes": {"Booking": {"executed_lines": [], "summary": {"covered_lines": 0, "num_statements": 1, "percent_covered": 0.0, "percent_covered_display": "0", "missing_lines": 1, "excluded_lines": 0, "percent_statements_covered": 0.0, "percent_statements_covered_display": "0"}, "missing_lines": [101], "excluded_lines": []}, "BookingHistory": {"executed_lines": [], "summary": {"covered_lines": 0, "num_statements": 1, "percent_covered": 0.0, "percent_covered_display": "0", "missing_lines": 1, "excluded_lines": 0, "percent_statements_covered": 0.0, "percent_statements_covered_display": "0"}, "missing_lines": [167], "excluded_lines": []}, "Room": {"executed_lines": [], "summary": {"covered_lines": 0, "num_statements": 1, "percent_covered": 0.0, "percent_covered_display": "0", "missing_lines": 1, "excluded_lines": 0, "percent_statements_covered": 0.0, "percent_statements_covered_display": "0"}, "missing_lines": [188], "excluded_lines": []}, "": {"executed_lines": [1, 7, 8, 9, 11, 12, 32, 35, 39, 44, 51, 56, 60, 67, 74, 80, 84, 90, 94, 99, 104, 105, 124, 126, 129, 136, 137, 140, 147, 148, 151, 152, 155, 159, 165, 169, 170, 175, 177, 178, 179, 180, 181, 182, 183, 184, 185, 187], "summary": {"covered_lines": 44, "num_statements": 44, "percent_covered": 100.0, "percent_covered_display": "100", "missing_lines": 0, "excluded_lines": 0, "percent_statements_covered": 100.0, "percent_statements_covered_display": "100"}, "missing_lines": [], "excluded_lines": []}}}, "profiling_bookings.py": {"executed_lines": [], "summary": {"covered_lines": 0, "num_statements": 173, "percent_covered": 0.0, "percent_covered_display": "0", "missing_lines": 173, "excluded_lines": 0, "percent_statements_covered": 0.0, "percent_statements_covered_display": "0"}, "missing_lines": [9, 10, 11, 12, 13, 14, 15, 16, 19, 21, 22, 25, 27, 29, 30, 31, 39, 40, 41, 42, 43, 44, 46, 48, 49, 50, 53, 54, 59, 61, 69, 70, 71, 72, 73, 74, 76, 77, 78, 79, 82, 83, 84, 85, 86, 92, 93, 95, 96, 97, 98, 99, 100, 101, 103, 104, 105, 106, 107, 109, 111, 113, 114, 115, 117, 124, 125, 126, 127, 128, 130, 131, 132, 133, 134, 135, 136, 137, 139, 145, 146, 147, 149, 150, 151, 152, 154, 155, 156, 157, 158, 160, 161, 162, 163, 164, 165, 168, 169, 170, 171, 173, 174, 175, 177, 178, 179, 181, 182, 183, 184, 185, 187, 189, 191, 192, 193, 195, 203, 204, 205, 207, 210, 211, 212, 213, 214, 215, 217, 218, 219, 220, 221, 222, 223, 224, 226, 227, 228, 229, 230, 231, 233, 234, 235, 236, 237, 238, 241, 243, 245, 247, 249, 250, 251, 252, 253, 255, 257, 258, 261, 263, 264, 265, 266, 268, 269, 270, 271, 272, 273, 275, 276], "excluded_lines": [], "functions": {"run_command": {"executed_lines": [], "summary": {"covered_lines": 0, "num_statements": 9, "percent_covered": 0.0, "percent_covered_display": "0", "missing_lines": 9, "excluded_lines": 0, "percent_statements_covered": 0.0, "percent_statements_covered_display": "0"}, "missing_lines": [29, 30, 31, 39, 40, 41, 42, 43, 44], "excluded_lines": []}, "analyze_coverage": {"executed_lines": [], "summary": {"covered_lines": 0, "num_statements": 37, "percent_covered": 0.0, "percent_covered_display": "0", "missing_lines": 37, "excluded_lines": 0, "percent_statements_covered": 0.0, "percent_statements_covered_display": "0"}, "missing_lines": [48, 49, 50, 53, 54, 59, 61, 69, 70, 71, 72, 73, 74, 76, 77, 78, 79, 82, 83, 84, 85, 86, 92, 93, 95, 96, 97, 98, 99, 100, 101, 103, 104, 105, 106, 107, 109], "excluded_lines": []}, "analyze_performance": {"executed_lines": [], "summary": {"covered_lines": 0, "num_statements": 52, "percent_covered": 0.0, "percent_covered_display": "0", "missing_lines": 52, "excluded_lines": 0, "percent_statements_covered": 0.0, "percent_statements_covered_display": "0"}, "missing_lines": [113, 114, 115, 117, 124, 125, 126, 127, 128, 130, 131, 132, 133, 134, 135, 136, 137, 139, 145, 146, 147, 149, 150, 151, 152, 154, 155, 156, 157, 158, 160, 161, 162, 163, 164, 165, 168, 169, 170, 171, 173, 174, 175, 177, 178, 179, 181, 182, 183, 184, 185, 187], "excluded_lines": []}, "generate_report": {"executed_lines": [], "summary": {"covered_lines": 0, "num_statements": 37, "percent_covered": 0.0, "percent_covered_display": "0", "missing_lines": 37, "excluded_lines": 0, "percent_statements_covered": 0.0, "percent_statements_covered_display": "0"}, "missing_lines": [191, 192, 193, 195, 203, 204, 205, 207, 210, 211, 212, 213, 214, 215, 217, 218, 219, 220, 221, 222, 223, 224, 226, 227, 228, 229, 230, 231, 233, 234, 235, 236, 237, 238, 241, 243, 245], "excluded_lines": []}, "main": {"executed_lines": [], "summary": {"covered_lines": 0, "num_statements": 19, "percent_covered": 0.0, "percent_covered_display": "0", "missing_lines": 19, "excluded_lines": 0, "percent_statements_covered": 0.0, "percent_statements_covered_display": "0"}, "missing_lines": [249, 250, 251, 252, 253, 255, 257, 258, 261, 263, 264, 265, 266, 268, 269, 270, 271, 272, 273], "excluded_lines": []}, "": {"executed_lines": [], "summary": {"covered_lines": 0, "num_statements": 19, "percent_covered": 0.0, "percent_covered_display": "0", "missing_lines": 19, "excluded_lines": 0, "percent_statements_covered": 0.0, "percent_statements_covered_display": "0"}, "missing_lines": [9, 10, 11, 12, 13, 14, 15, 16, 19, 21, 22, 25, 27, 46, 111, 189, 247, 275, 276], "excluded_lines": []}}, "classes": {"": {"executed_lines": [], "summary": {"covered_lines": 0, "num_statements": 173, "percent_covered": 0.0, "percent_covered_display": "0", "missing_lines": 173, "excluded_lines": 0, "percent_statements_covered": 0.0, "percent_statements_covered_display": "0"}, "missing_lines": [9, 10, 11, 12, 13, 14, 15, 16, 19, 21, 22, 25, 27, 29, 30, 31, 39, 40, 41, 42, 43, 44, 46, 48, 49, 50, 53, 54, 59, 61, 69, 70, 71, 72, 73, 74, 76, 77, 78, 79, 82, 83, 84, 85, 86, 92, 93, 95, 96, 97, 98, 99, 100, 101, 103, 104, 105, 106, 107, 109, 111, 113, 114, 115, 117, 124, 125, 126, 127, 128, 130, 131, 132, 133, 134, 135, 136, 137, 139, 145, 146, 147, 149, 150, 151, 152, 154, 155, 156, 157, 158, 160, 161, 162, 163, 164, 165, 168, 169, 170, 171, 173, 174, 175, 177, 178, 179, 181, 182, 183, 184, 185, 187, 189, 191, 192, 193, 195, 203, 204, 205, 207, 210, 211, 212, 213, 214, 215, 217, 218, 219, 220, 221, 222, 223, 224, 226, 227, 228, 229, 230, 231, 233, 234, 235, 236, 237, 238, 241, 243, 245, 247, 249, 250, 251, 252, 253, 255, 257, 258, 261, 263, 264, 265, 266, 268, 269, 270, 271, 272, 273, 275, 276], "excluded_lines": []}}}, "profiling_bookings_enhanced.py": {"executed_lines": [], "summary": {"covered_lines": 0, "num_statements": 51, "percent_covered": 0.0, "percent_covered_display": "0", "missing_lines": 51, "excluded_lines": 0, "percent_statements_covered": 0.0, "percent_statements_covered_display": "0"}, "missing_lines": [7, 8, 9, 10, 11, 12, 13, 15, 16, 17, 19, 21, 22, 24, 26, 27, 28, 30, 31, 33, 34, 36, 39, 40, 42, 43, 44, 46, 47, 48, 50, 51, 52, 53, 54, 56, 57, 60, 61, 63, 64, 65, 67, 82, 83, 86, 87, 88, 90, 91, 92], "excluded_lines": [], "functions": {"get_memory_usage": {"executed_lines": [], "summary": {"covered_lines": 0, "num_statements": 2, "percent_covered": 0.0, "percent_covered_display": "0", "missing_lines": 2, "excluded_lines": 0, "percent_statements_covered": 0.0, "percent_statements_covered_display": "0"}, "missing_lines": [21, 22], "excluded_lines": []}, "run_pytest_with_memory": {"executed_lines": [], "summary": {"covered_lines": 0, "num_statements": 29, "percent_covered": 0.0, "percent_covered_display": "0", "missing_lines": 29, "excluded_lines": 0, "percent_statements_covered": 0.0, "percent_statements_covered_display": "0"}, "missing_lines": [26, 27, 28, 30, 31, 33, 34, 36, 39, 40, 42, 43, 44, 46, 47, 48, 50, 51, 52, 53, 54, 56, 57, 60, 61, 63, 64, 65, 67], "excluded_lines": []}, "": {"executed_lines": [], "summary": {"covered_lines": 0, "num_statements": 20, "percent_covered": 0.0, "percent_covered_display": "0", "missing_lines": 20, "excluded_lines": 0, "percent_statements_covered": 0.0, "percent_statements_covered_display": "0"}, "missing_lines": [7, 8, 9, 10, 11, 12, 13, 15, 16, 17, 19, 24, 82, 83, 86, 87, 88, 90, 91, 92], "excluded_lines": []}}, "classes": {"": {"executed_lines": [], "summary": {"covered_lines": 0, "num_statements": 51, "percent_covered": 0.0, "percent_covered_display": "0", "missing_lines": 51, "excluded_lines": 0, "percent_statements_covered": 0.0, "percent_statements_covered_display": "0"}, "missing_lines": [7, 8, 9, 10, 11, 12, 13, 15, 16, 17, 19, 21, 22, 24, 26, 27, 28, 30, 31, 33, 34, 36, 39, 40, 42, 43, 44, 46, 47, 48, 50, 51, 52, 53, 54, 56, 57, 60, 61, 63, 64, 65, 67, 82, 83, 86, 87, 88, 90, 91, 92], "excluded_lines": []}}}, "routes.py": {"executed_lines": [1, 8, 9, 10, 11, 12, 13, 15, 16, 17, 18, 19, 28, 34, 41, 101, 103, 106, 108, 110, 115, 117, 128, 134, 183, 185, 187, 192, 196, 204, 210, 255, 257, 260, 262, 264, 265, 267, 273, 342, 343, 346, 348, 354, 360, 362, 368, 417, 418, 422, 428, 433, 435, 436, 442, 486, 488, 489, 490, 493, 497, 506, 507, 512, 518, 564, 566, 570, 571, 582, 588, 651, 653, 656, 658, 661, 662, 664, 665, 667, 673, 731, 733, 735, 739, 740, 742, 743], "summary": {"covered_lines": 87, "num_statements": 100, "percent_covered": 87.0, "percent_covered_display": "87", "missing_lines": 13, "excluded_lines": 0, "percent_statements_covered": 87.0, "percent_statements_covered_display": "87"}, "missing_lines": [119, 121, 122, 123, 198, 199, 349, 567, 568, 573, 574, 576, 577], "excluded_lines": [], "functions": {"create_booking": {"executed_lines": [101, 103, 106, 108, 110, 115, 117], "summary": {"covered_lines": 7, "num_statements": 11, "percent_covered": 63.63636363636363, "percent_covered_display": "64", "missing_lines": 4, "excluded_lines": 0, "percent_statements_covered": 63.63636363636363, "percent_statements_covered_display": "64"}, "missing_lines": [119, 121, 122, 123], "excluded_lines": []}, "get_bookings": {"executed_lines": [183, 185, 187, 192, 196], "summary": {"covered_lines": 5, "num_statements": 7, "percent_covered": 71.42857142857143, "percent_covered_display": "71", "missing_lines": 2, "excluded_lines": 0, "percent_statements_covered": 71.42857142857143, "percent_statements_covered_display": "71"}, "missing_lines": [198, 199], "excluded_lines": []}, "get_booking": {"executed_lines": [255, 257, 260, 262, 264, 265], "summary": {"covered_lines": 6, "num_statements": 6, "percent_covered": 100.0, "percent_covered_display": "100", "missing_lines": 0, "excluded_lines": 0, "percent_statements_covered": 100.0, "percent_statements_covered_display": "100"}, "missing_lines": [], "excluded_lines": []}, "update_booking": {"executed_lines": [342, 343, 346, 348, 354, 360], "summary": {"covered_lines": 6, "num_statements": 7, "percent_covered": 85.71428571428571, "percent_covered_display": "86", "missing_lines": 1, "excluded_lines": 0, "percent_statements_covered": 85.71428571428571, "percent_statements_covered_display": "86"}, "missing_lines": [349], "excluded_lines": []}, "cancel_booking": {"executed_lines": [417, 418, 422, 428, 433], "summary": {"covered_lines": 5, "num_statements": 5, "percent_covered": 100.0, "percent_covered_display": "100", "missing_lines": 0, "excluded_lines": 0, "percent_statements_covered": 100.0, "percent_statements_covered_display": "100"}, "missing_lines": [], "excluded_lines": []}, "check_availability": {"executed_lines": [486, 488, 489, 490, 493, 497, 506, 507], "summary": {"covered_lines": 8, "num_statements": 8, "percent_covered": 100.0, "percent_covered_display": "100", "missing_lines": 0, "excluded_lines": 0, "percent_statements_covered": 100.0, "percent_statements_covered_display": "100"}, "missing_lines": [], "excluded_lines": []}, "get_room_schedule": {"executed_lines": [564, 566, 570, 571], "summary": {"covered_lines": 4, "num_statements": 10, "percent_covered": 40.0, "percent_covered_display": "40", "missing_lines": 6, "excluded_lines": 0, "percent_statements_covered": 40.0, "percent_statements_covered_display": "40"}, "missing_lines": [567, 568, 573, 574, 576, 577], "excluded_lines": []}, "get_booking_history": {"executed_lines": [651, 653, 656, 658, 661, 662, 664, 665], "summary": {"covered_lines": 8, "num_statements": 8, "percent_covered": 100.0, "percent_covered_display": "100", "missing_lines": 0, "excluded_lines": 0, "percent_statements_covered": 100.0, "percent_statements_covered_display": "100"}, "missing_lines": [], "excluded_lines": []}, "get_user_booking_history": {"executed_lines": [731, 733, 735, 739, 740, 742, 743], "summary": {"covered_lines": 7, "num_statements": 7, "percent_covered": 100.0, "percent_covered_display": "100", "missing_lines": 0, "excluded_lines": 0, "percent_statements_covered": 100.0, "percent_statements_covered_display": "100"}, "missing_lines": [], "excluded_lines": []}, "": {"executed_lines": [1, 8, 9, 10, 11, 12, 13, 15, 16, 17, 18, 19, 28, 34, 41, 128, 134, 204, 210, 267, 273, 362, 368, 435, 436, 442, 512, 518, 582, 588, 667, 673], "summary": {"covered_lines": 31, "num_statements": 31, "percent_covered": 100.0, "percent_covered_display": "100", "missing_lines": 0, "excluded_lines": 0, "percent_statements_covered": 100.0, "percent_statements_covered_display": "100"}, "missing_lines": [], "excluded_lines": []}}, "classes": {"": {"executed_lines": [1, 8, 9, 10, 11, 12, 13, 15, 16, 17, 18, 19, 28, 34, 41, 101, 103, 106, 108, 110, 115, 117, 128, 134, 183, 185, 187, 192, 196, 204, 210, 255, 257, 260, 262, 264, 265, 267, 273, 342, 343, 346, 348, 354, 360, 362, 368, 417, 418, 422, 428, 433, 435, 436, 442, 486, 488, 489, 490, 493, 497, 506, 507, 512, 518, 564, 566, 570, 571, 582, 588, 651, 653, 656, 658, 661, 662, 664, 665, 667, 673, 731, 733, 735, 739, 740, 742, 743], "summary": {"covered_lines": 87, "num_statements": 100, "percent_covered": 87.0, "percent_covered_display": "87", "missing_lines": 13, "excluded_lines": 0, "percent_statements_covered": 87.0, "percent_statements_covered_display": "87"}, "missing_lines": [119, 121, 122, 123, 198, 199, 349, 567, 568, 573, 574, 576, 577], "excluded_lines": []}}}, "schemas.py": {"executed_lines": [1, 7, 8, 9, 11, 12, 16, 21, 25, 29, 33, 39, 40, 41, 47, 48, 49, 51, 52, 56, 60, 64, 70, 71, 75, 76, 77, 78, 79, 80, 81, 82, 83, 84, 85, 87, 89, 91, 92, 96, 97, 98, 99, 101, 102, 106, 110, 111, 112, 113, 114, 119, 120, 124, 125, 126, 127, 128, 129, 130, 131, 132, 134, 135], "summary": {"covered_lines": 30, "num_statements": 30, "percent_covered": 100.0, "percent_covered_display": "100", "missing_lines": 0, "excluded_lines": 0, "percent_statements_covered": 100.0, "percent_statements_covered_display": "100"}, "missing_lines": [], "excluded_lines": [], "functions": {"BookingCreate.validate_time_order": {"executed_lines": [47, 48, 49], "summary": {"covered_lines": 3, "num_statements": 3, "percent_covered": 100.0, "percent_covered_display": "100", "missing_lines": 0, "excluded_lines": 0, "percent_statements_covered": 100.0, "percent_statements_covered_display": "100"}, "missing_lines": [], "excluded_lines": []}, "": {"executed_lines": [1, 7, 8, 9, 11, 12, 16, 21, 25, 29, 33, 39, 40, 41, 51, 52, 56, 60, 64, 70, 71, 75, 76, 77, 78, 79, 80, 81, 82, 83, 84, 85, 87, 89, 91, 92, 96, 97, 98, 99, 101, 102, 106, 110, 111, 112, 113, 114, 119, 120, 124, 125, 126, 127, 128, 129, 130, 131, 132, 134, 135], "summary": {"covered_lines": 27, "num_statements": 27, "percent_covered": 100.0, "percent_covered_display": "100", "missing_lines": 0, "excluded_lines": 0, "percent_statements_covered": 100.0, "percent_statements_covered_display": "100"}, "missing_lines": [], "excluded_lines": []}}, "classes": {"BookingCreate": {"executed_lines": [47, 48, 49], "summary": {"covered_lines": 3, "num_statements": 3, "percent_covered": 100.0, "percent_covered_display": "100", "missing_lines": 0, "excluded_lines": 0, "percent_statements_covered": 100.0, "percent_statements_covered_display": "100"}, "missing_lines": [], "excluded_lines": []}, "BookingUpdate": {"executed_lines": [], "summary": {"covered_lines": 0, "num_statements": 0, "percent_covered": 100.0, "percent_covered_display": "100", "missing_lines": 0, "excluded_lines": 0, "percent_statements_covered": 100.0, "percent_statements_covered_display": "100"}, "missing_lines": [], "excluded_lines": []}, "BookingResponse": {"executed_lines": [], "summary": {"covered_lines": 0, "num_statements": 0, "percent_covered": 100.0, "percent_covered_display": "100", "missing_lines": 0, "excluded_lines": 0, "percent_statements_covered": 100.0, "percent_statements_covered_display": "100"}, "missing_lines": [], "excluded_lines": []}, "BookingResponse.Config": {"executed_lines": [], "summary": {"covered_lines": 0, "num_statements": 0, "percent_covered": 100.0, "percent_covered_display": "100", "missing_lines": 0, "excluded_lines": 0, "percent_statements_covered": 100.0, "percent_statements_covered_display": "100"}, "missing_lines": [], "excluded_lines": []}, "AvailabilityCheck": {"executed_lines": [], "summary": {"covered_lines": 0, "num_statements": 0, "percent_covered": 100.0, "percent_covered_display": "100", "missing_lines": 0, "excluded_lines": 0, "percent_statements_covered": 100.0, "percent_statements_covered_display": "100"}, "missing_lines": [], "excluded_lines": []}, "AvailabilityResponse": {"executed_lines": [], "summary": {"covered_lines": 0, "num_statements": 0, "percent_covered": 100.0, "percent_covered_display": "100", "missing_lines": 0, "excluded_lines": 0, "percent_statements_covered": 100.0, "percent_statements_covered_display": "100"}, "missing_lines": [], "excluded_lines": []}, "BookingHistoryResponse": {"executed_lines": [], "summary": {"covered_lines": 0, "num_statements": 0, "percent_covered": 100.0, "percent_covered_display": "100", "missing_lines": 0, "excluded_lines": 0, "percent_statements_covered": 100.0, "percent_statements_covered_display": "100"}, "missing_lines": [], "excluded_lines": []}, "BookingHistoryResponse.Config": {"executed_lines": [], "summary": {"covered_lines": 0, "num_statements": 0, "percent_covered": 100.0, "percent_covered_display": "100", "missing_lines": 0, "excluded_lines": 0, "percent_statements_covered": 100.0, "percent_statements_covered_display": "100"}, "missing_lines": [], "excluded_lines": []}, "": {"executed_lines": [1, 7, 8, 9, 11, 12, 16, 21, 25, 29, 33, 39, 40, 41, 51, 52, 56, 60, 64, 70, 71, 75, 76, 77, 78, 79, 80, 81, 82, 83, 84, 85, 87, 89, 91, 92, 96, 97, 98, 99, 101, 102, 106, 110, 111, 112, 113, 114, 119, 120, 124, 125, 126, 127, 128, 129, 130, 131, 132, 134, 135], "summary": {"covered_lines": 27, "num_statements": 27, "percent_covered": 100.0, "percent_covered_display": "100", "missing_lines": 0, "excluded_lines": 0, "percent_statements_covered": 100.0, "percent_statements_covered_display": "100"}, "missing_lines": [], "excluded_lines": []}}}, "services.py": {"executed_lines": [1, 12, 13, 14, 15, 16, 18, 19, 20, 21, 30, 32, 33, 38, 39, 54, 56, 57, 60, 61, 65, 67, 68, 99, 107, 108, 111, 114, 115, 120, 123, 125, 126, 156, 157, 169, 170, 177, 178, 207, 212, 213, 216, 217, 221, 228, 229, 233, 235, 246, 247, 248, 251, 262, 264, 265, 279, 283, 284, 286, 288, 289, 305, 309, 310, 313, 318, 320, 321, 341, 344, 345, 346, 348, 349, 352, 357, 359, 360, 394, 397, 400, 401, 404, 405, 408, 409, 410, 413, 418, 422, 430, 431, 435, 436, 439, 440, 443, 445, 446, 449, 462, 464, 465, 490, 493, 496, 497, 500, 501, 502, 503, 505, 506, 509, 518, 520, 521, 541, 545, 546, 565, 566, 569, 576, 578, 579, 593, 597, 599, 600, 620, 621, 624, 625, 628], "summary": {"covered_lines": 134, "num_statements": 141, "percent_covered": 95.0354609929078, "percent_covered_display": "95", "missing_lines": 7, "excluded_lines": 0, "percent_statements_covered": 95.0354609929078, "percent_statements_covered_display": "95"}, "missing_lines": [171, 174, 175, 218, 347, 419, 567], "excluded_lines": [], "functions": {"BookingService.verify_room_exists": {"executed_lines": [54, 56, 57, 60, 61, 65], "summary": {"covered_lines": 6, "num_statements": 6, "percent_covered": 100.0, "percent_covered_display": "100", "missing_lines": 0, "excluded_lines": 0, "percent_statements_covered": 100.0, "percent_statements_covered_display": "100"}, "missing_lines": [], "excluded_lines": []}, "BookingService.check_booking_conflict": {"executed_lines": [99, 107, 108, 111, 114, 115, 120, 123], "summary": {"covered_lines": 8, "num_statements": 8, "percent_covered": 100.0, "percent_covered_display": "100", "missing_lines": 0, "excluded_lines": 0, "percent_statements_covered": 100.0, "percent_statements_covered_display": "100"}, "missing_lines": [], "excluded_lines": []}, "BookingService.log_booking_history": {"executed_lines": [156, 157, 169, 170], "summary": {"covered_lines": 4, "num_statements": 7, "percent_covered": 57.142857142857146, "percent_covered_display": "57", "missing_lines": 3, "excluded_lines": 0, "percent_statements_covered": 57.142857142857146, "percent_statements_covered_display": "57"}, "missing_lines": [171, 174, 175], "excluded_lines": []}, "BookingService.create_booking": {"executed_lines": [207, 212, 213, 216, 217, 221, 228, 229, 233, 235, 246, 247, 248, 251, 262], "summary": {"covered_lines": 15, "num_statements": 16, "percent_covered": 93.75, "percent_covered_display": "94", "missing_lines": 1, "excluded_lines": 0, "percent_statements_covered": 93.75, "percent_statements_covered_display": "94"}, "missing_lines": [218], "excluded_lines": []}, "BookingService.get_booking_by_id": {"executed_lines": [279, 283, 284, 286], "summary": {"covered_lines": 4, "num_statements": 4, "percent_covered": 100.0, "percent_covered_display": "100", "missing_lines": 0, "excluded_lines": 0, "percent_statements_covered": 100.0, "percent_statements_covered_display": "100"}, "missing_lines": [], "excluded_lines": []}, "BookingService.get_user_bookings": {"executed_lines": [305, 309, 310, 313, 318], "summary": {"covered_lines": 5, "num_statements": 5, "percent_covered": 100.0, "percent_covered_display": "100", "missing_lines": 0, "excluded_lines": 0, "percent_statements_covered": 100.0, "percent_statements_covered_display": "100"}, "missing_lines": [], "excluded_lines": []}, "BookingService.get_all_bookings": {"executed_lines": [341, 344, 345, 346, 348, 349, 352, 357], "summary": {"covered_lines": 8, "num_statements": 9, "percent_covered": 88.88888888888889, "percent_covered_display": "89", "missing_lines": 1, "excluded_lines": 0, "percent_statements_covered": 88.88888888888889, "percent_statements_covered_display": "89"}, "missing_lines": [347], "excluded_lines": []}, "BookingService.update_booking": {"executed_lines": [394, 397, 400, 401, 404, 405, 408, 409, 410, 413, 418, 422, 430, 431, 435, 436, 439, 440, 443, 445, 446, 449, 462], "summary": {"covered_lines": 23, "num_statements": 24, "percent_covered": 95.83333333333333, "percent_covered_display": "96", "missing_lines": 1, "excluded_lines": 0, "percent_statements_covered": 95.83333333333333, "percent_statements_covered_display": "96"}, "missing_lines": [419], "excluded_lines": []}, "BookingService.cancel_booking": {"executed_lines": [490, 493, 496, 497, 500, 501, 502, 503, 505, 506, 509, 518], "summary": {"covered_lines": 12, "num_statements": 12, "percent_covered": 100.0, "percent_covered_display": "100", "missing_lines": 0, "excluded_lines": 0, "percent_statements_covered": 100.0, "percent_statements_covered_display": "100"}, "missing_lines": [], "excluded_lines": []}, "BookingService.check_availability": {"executed_lines": [541], "summary": {"covered_lines": 1, "num_statements": 1, "percent_covered": 100.0, "percent_covered_display": "100", "missing_lines": 0, "excluded_lines": 0, "percent_statements_covered": 100.0, "percent_statements_covered_display": "100"}, "missing_lines": [], "excluded_lines": []}, "BookingService.get_room_schedule": {"executed_lines": [565, 566, 569, 576], "summary": {"covered_lines": 4, "num_statements": 5, "percent_covered": 80.0, "percent_covered_display": "80", "missing_lines": 1, "excluded_lines": 0, "percent_statements_covered": 80.0, "percent_statements_covered_display": "80"}, "missing_lines": [567], "excluded_lines": []}, "BookingService.get_booking_history": {"executed_lines": [593, 597], "summary": {"covered_lines": 2, "num_statements": 2, "percent_covered": 100.0, "percent_covered_display": "100", "missing_lines": 0, "excluded_lines": 0, "percent_statements_covered": 100.0, "percent_statements_covered_display": "100"}, "missing_lines": [], "excluded_lines": []}, "BookingService.check_booking_authorization": {"executed_lines": [620, 621, 624, 625, 628], "summary": {"covered_lines": 5, "num_statements": 5, "percent_covered": 100.0, "percent_covered_display": "100", "missing_lines": 0, "excluded_lines": 0, "percent_statements_covered": 100.0, "percent_statements_covered_display": "100"}, "missing_lines": [], "excluded_lines": []}, "": {"executed_lines": [1, 12, 13, 14, 15, 16, 18, 19, 20, 21, 30, 32, 33, 38, 39, 67, 68, 125, 126, 177, 178, 264, 265, 288, 289, 320, 321, 359, 360, 464, 465, 520, 521, 545, 546, 578, 579, 599, 600], "summary": {"covered_lines": 37, "num_statements": 37, "percent_covered": 100.0, "percent_covered_display": "100", "missing_lines": 0, "excluded_lines": 0, "percent_statements_covered": 100.0, "percent_statements_covered_display": "100"}, "missing_lines": [], "excluded_lines": []}}, "classes": {"BookingService": {"executed_lines": [54, 56, 57, 60, 61, 65, 99, 107, 108, 111, 114, 115, 120, 123, 156, 157, 169, 170, 207, 212, 213, 216, 217, 221, 228, 229, 233, 235, 246, 247, 248, 251, 262, 279, 283, 284, 286, 305, 309, 310, 313, 318, 341, 344, 345, 346, 348, 349, 352, 357, 394, 397, 400, 401, 404, 405, 408, 409, 410, 413, 418, 422, 430, 431, 435, 436, 439, 440, 443, 445, 446, 449, 462, 490, 493, 496, 497, 500, 501, 502, 503, 505, 506, 509, 518, 541, 565, 566, 569, 576, 593, 597, 620, 621, 624, 625, 628], "summary": {"covered_lines": 97, "num_statements": 104, "percent_covered": 93.26923076923077, "percent_covered_display": "93", "missing_lines": 7, "excluded_lines": 0, "percent_statements_covered": 93.26923076923077, "percent_statements_covered_display": "93"}, "missing_lines": [171, 174, 175, 218, 347, 419, 567], "excluded_lines": []}, "": {"executed_lines": [1, 12, 13, 14, 15, 16, 18, 19, 20, 21, 30, 32, 33, 38, 39, 67, 68, 125, 126, 177, 178, 264, 265, 288, 289, 320, 321, 359, 360, 464, 465, 520, 521, 545, 546, 578, 579, 599, 600], "summary": {"covered_lines": 37, "num_statements": 37, "percent_covered": 100.0, "percent_covered_display": "100", "missing_lines": 0, "excluded_lines": 0, "percent_statements_covered": 100.0, "percent_statements_covered_display": "100"}, "missing_lines": [], "excluded_lines": []}}}, "tests\\__init__.py": {"executed_lines": [1], "summary": {"covered_lines": 0, "num_statements": 0, "percent_covered": 100.0, "percent_covered_display": "100", "missing_lines": 0, "excluded_lines": 0, "percent_statements_covered": 100.0, "percent_statements_covered_display": "100"}, "missing_lines": [], "excluded_lines": [], "functions": {"": {"executed_lines": [1], "summary": {"covered_lines": 0, "num_statements": 0, "percent_covered": 100.0, "percent_covered_display": "100", "missing_lines": 0, "excluded_lines": 0, "percent_statements_covered": 100.0, "percent_statements_covered_display": "100"}, "missing_lines": [], "excluded_lines": []}}, "classes": {"": {"executed_lines": [1], "summary": {"covered_lines": 0, "num_statements": 0, "percent_covered": 100.0, "percent_covered_display": "100", "missing_lines": 0, "excluded_lines": 0, "percent_statements_covered": 100.0, "percent_statements_covered_display": "100"}, "missing_lines": [], "excluded_lines": []}}}, "tests\\conftest.py": {"executed_lines": [1, 7, 8, 9, 10, 11, 12, 13, 16, 18, 19, 20, 21, 24, 25, 27, 28, 30, 35, 38, 39, 41, 42, 43, 45, 47, 48, 50, 51, 53, 54, 55, 57, 60, 62, 63, 67, 68, 74, 75, 77, 78, 86, 87, 98, 99, 110, 111, 113, 119, 120, 122, 128, 129, 131, 137, 138, 140, 148, 154, 155, 157, 158, 159, 161, 162, 164, 166, 196, 197, 198, 200, 206, 207, 214, 215, 221, 222, 232, 233, 235, 236, 239, 240, 242, 243, 245, 246, 248, 249, 252, 253, 255, 256, 258, 259, 261, 262, 265, 266, 268, 269, 275, 277, 280, 283, 286], "summary": {"covered_lines": 106, "num_statements": 113, "percent_covered": 93.80530973451327, "percent_covered_display": "94", "missing_lines": 7, "excluded_lines": 0, "percent_statements_covered": 93.80530973451327, "percent_statements_covered_display": "94"}, "missing_lines": [89, 90, 101, 102, 210, 217, 224], "excluded_lines": [], "functions": {"test_db": {"executed_lines": [30, 35, 38, 39, 41, 42, 43, 45, 47, 48], "summary": {"covered_lines": 10, "num_statements": 10, "percent_covered": 100.0, "percent_covered_display": "100", "missing_lines": 0, "excluded_lines": 0, "percent_statements_covered": 100.0, "percent_statements_covered_display": "100"}, "missing_lines": [], "excluded_lines": []}, "client": {"executed_lines": [53, 60, 62, 63, 67, 68], "summary": {"covered_lines": 6, "num_statements": 6, "percent_covered": 100.0, "percent_covered_display": "100", "missing_lines": 0, "excluded_lines": 0, "percent_statements_covered": 100.0, "percent_statements_covered_display": "100"}, "missing_lines": [], "excluded_lines": []}, "client.override_get_db": {"executed_lines": [54, 55, 57], "summary": {"covered_lines": 3, "num_statements": 3, "percent_covered": 100.0, "percent_covered_display": "100", "missing_lines": 0, "excluded_lines": 0, "percent_statements_covered": 100.0, "percent_statements_covered_display": "100"}, "missing_lines": [], "excluded_lines": []}, "sample_booking_data": {"executed_lines": [77, 78], "summary": {"covered_lines": 2, "num_statements": 2, "percent_covered": 100.0, "percent_covered_display": "100", "missing_lines": 0, "excluded_lines": 0, "percent_statements_covered": 100.0, "percent_statements_covered_display": "100"}, "missing_lines": [], "excluded_lines": []}, "sample_booking_data_morning": {"executed_lines": [], "summary": {"covered_lines": 0, "num_statements": 2, "percent_covered": 0.0, "percent_covered_display": "0", "missing_lines": 2, "excluded_lines": 0, "percent_statements_covered": 0.0, "percent_statements_covered_display": "0"}, "missing_lines": [89, 90], "excluded_lines": []}, "sample_booking_data_afternoon": {"executed_lines": [], "summary": {"covered_lines": 0, "num_statements": 2, "percent_covered": 0.0, "percent_covered_display": "0", "missing_lines": 2, "excluded_lines": 0, "percent_statements_covered": 0.0, "percent_statements_covered_display": "0"}, "missing_lines": [101, 102], "excluded_lines": []}, "sample_user_data": {"executed_lines": [113], "summary": {"covered_lines": 1, "num_statements": 1, "percent_covered": 100.0, "percent_covered_display": "100", "missing_lines": 0, "excluded_lines": 0, "percent_statements_covered": 100.0, "percent_statements_covered_display": "100"}, "missing_lines": [], "excluded_lines": []}, "sample_admin_data": {"executed_lines": [122], "summary": {"covered_lines": 1, "num_statements": 1, "percent_covered": 100.0, "percent_covered_display": "100", "missing_lines": 0, "excluded_lines": 0, "percent_statements_covered": 100.0, "percent_statements_covered_display": "100"}, "missing_lines": [], "excluded_lines": []}, "sample_manager_data": {"executed_lines": [131], "summary": {"covered_lines": 1, "num_statements": 1, "percent_covered": 100.0, "percent_covered_display": "100", "missing_lines": 0, "excluded_lines": 0, "percent_statements_covered": 100.0, "percent_statements_covered_display": "100"}, "missing_lines": [], "excluded_lines": []}, "sample_room": {"executed_lines": [140, 148], "summary": {"covered_lines": 2, "num_statements": 2, "percent_covered": 100.0, "percent_covered_display": "100", "missing_lines": 0, "excluded_lines": 0, "percent_statements_covered": 100.0, "percent_statements_covered_display": "100"}, "missing_lines": [], "excluded_lines": []}, "populate_sample_room": {"executed_lines": [157, 158, 159], "summary": {"covered_lines": 3, "num_statements": 3, "percent_covered": 100.0, "percent_covered_display": "100", "missing_lines": 0, "excluded_lines": 0, "percent_statements_covered": 100.0, "percent_statements_covered_display": "100"}, "missing_lines": [], "excluded_lines": []}, "populate_bookings": {"executed_lines": [164, 166, 196, 197, 198, 200], "summary": {"covered_lines": 6, "num_statements": 6, "percent_covered": 100.0, "percent_covered_display": "100", "missing_lines": 0, "excluded_lines": 0, "percent_statements_covered": 100.0, "percent_statements_covered_display": "100"}, "missing_lines": [], "excluded_lines": []}, "auth_headers_user": {"executed_lines": [], "summary": {"covered_lines": 0, "num_statements": 1, "percent_covered": 0.0, "percent_covered_display": "0", "missing_lines": 1, "excluded_lines": 0, "percent_statements_covered": 0.0, "percent_statements_covered_display": "0"}, "missing_lines": [210], "excluded_lines": []}, "auth_headers_admin": {"executed_lines": [], "summary": {"covered_lines": 0, "num_statements": 1, "percent_covered": 0.0, "percent_covered_display": "0", "missing_lines": 1, "excluded_lines": 0, "percent_statements_covered": 0.0, "percent_statements_covered_display": "0"}, "missing_lines": [217], "excluded_lines": []}, "auth_headers_manager": {"executed_lines": [], "summary": {"covered_lines": 0, "num_statements": 1, "percent_covered": 0.0, "percent_covered_display": "0", "missing_lines": 1, "excluded_lines": 0, "percent_statements_covered": 0.0, "percent_statements_covered_display": "0"}, "missing_lines": [224], "excluded_lines": []}, "mock_get_current_user_regular": {"executed_lines": [235, 239, 240, 242, 243], "summary": {"covered_lines": 5, "num_statements": 5, "percent_covered": 100.0, "percent_covered_display": "100", "missing_lines": 0, "excluded_lines": 0, "percent_statements_covered": 100.0, "percent_statements_covered_display": "100"}, "missing_lines": [], "excluded_lines": []}, "mock_get_current_user_regular.mock_user": {"executed_lines": [236], "summary": {"covered_lines": 1, "num_statements": 1, "percent_covered": 100.0, "percent_covered_display": "100", "missing_lines": 0, "excluded_lines": 0, "percent_statements_covered": 100.0, "percent_statements_covered_display": "100"}, "missing_lines": [], "excluded_lines": []}, "mock_get_current_user_admin": {"executed_lines": [248, 252, 253, 255, 256], "summary": {"covered_lines": 5, "num_statements": 5, "percent_covered": 100.0, "percent_covered_display": "100", "missing_lines": 0, "excluded_lines": 0, "percent_statements_covered": 100.0, "percent_statements_covered_display": "100"}, "missing_lines": [], "excluded_lines": []}, "mock_get_current_user_admin.mock_user": {"executed_lines": [249], "summary": {"covered_lines": 1, "num_statements": 1, "percent_covered": 100.0, "percent_covered_display": "100", "missing_lines": 0, "excluded_lines": 0, "percent_statements_covered": 100.0, "percent_statements_covered_display": "100"}, "missing_lines": [], "excluded_lines": []}, "mock_get_current_user_manager": {"executed_lines": [261, 265, 266, 268, 269], "summary": {"covered_lines": 5, "num_statements": 5, "percent_covered": 100.0, "percent_covered_display": "100", "missing_lines": 0, "excluded_lines": 0, "percent_statements_covered": 100.0, "percent_statements_covered_display": "100"}, "missing_lines": [], "excluded_lines": []}, "mock_get_current_user_manager.mock_user": {"executed_lines": [262], "summary": {"covered_lines": 1, "num_statements": 1, "percent_covered": 100.0, "percent_covered_display": "100", "missing_lines": 0, "excluded_lines": 0, "percent_statements_covered": 100.0, "percent_statements_covered_display": "100"}, "missing_lines": [], "excluded_lines": []}, "pytest_configure": {"executed_lines": [277, 280, 283, 286], "summary": {"covered_lines": 4, "num_statements": 4, "percent_covered": 100.0, "percent_covered_display": "100", "missing_lines": 0, "excluded_lines": 0, "percent_statements_covered": 100.0, "percent_statements_covered_display": "100"}, "missing_lines": [], "excluded_lines": []}, "": {"executed_lines": [1, 7, 8, 9, 10, 11, 12, 13, 16, 18, 19, 20, 21, 24, 25, 27, 28, 50, 51, 74, 75, 86, 87, 98, 99, 110, 111, 119, 120, 128, 129, 137, 138, 154, 155, 161, 162, 206, 207, 214, 215, 221, 222, 232, 233, 245, 246, 258, 259, 275], "summary": {"covered_lines": 49, "num_statements": 49, "percent_covered": 100.0, "percent_covered_display": "100", "missing_lines": 0, "excluded_lines": 0, "percent_statements_covered": 100.0, "percent_statements_covered_display": "100"}, "missing_lines": [], "excluded_lines": []}}, "classes": {"": {"executed_lines": [1, 7, 8, 9, 10, 11, 12, 13, 16, 18, 19, 20, 21, 24, 25, 27, 28, 30, 35, 38, 39, 41, 42, 43, 45, 47, 48, 50, 51, 53, 54, 55, 57, 60, 62, 63, 67, 68, 74, 75, 77, 78, 86, 87, 98, 99, 110, 111, 113, 119, 120, 122, 128, 129, 131, 137, 138, 140, 148, 154, 155, 157, 158, 159, 161, 162, 164, 166, 196, 197, 198, 200, 206, 207, 214, 215, 221, 222, 232, 233, 235, 236, 239, 240, 242, 243, 245, 246, 248, 249, 252, 253, 255, 256, 258, 259, 261, 262, 265, 266, 268, 269, 275, 277, 280, 283, 286], "summary": {"covered_lines": 106, "num_statements": 113, "percent_covered": 93.80530973451327, "percent_covered_display": "94", "missing_lines": 7, "excluded_lines": 0, "percent_statements_covered": 93.80530973451327, "percent_statements_covered_display": "94"}, "missing_lines": [89, 90, 101, 102, 210, 217, 224], "excluded_lines": []}}}, "tests\\test_bookings_edge_cases.py": {"executed_lines": [1, 8, 9, 10, 11, 16, 17, 19, 20, 22, 23, 25, 31, 33, 34, 36, 37, 39, 46, 48, 49, 51, 52, 54, 60, 62, 63, 65, 66, 68, 74, 76, 77, 79, 80, 83, 89, 92, 93, 95, 96, 98, 100, 107, 109, 110, 112, 114, 121, 123, 124, 126, 128, 135, 138, 139, 141, 142, 144, 146, 147, 150, 152, 153, 155, 157, 158, 161, 163, 164, 166, 169, 170, 172, 173, 175, 176, 178, 180, 181, 183, 184, 185, 188, 189, 191, 192, 197, 199, 202, 209, 210, 213, 217, 219, 220, 224, 226, 229, 230, 231, 232, 233, 241, 242, 244, 246, 247, 250, 251, 253, 254, 257, 259, 260, 264, 265, 267, 268, 270, 272, 273, 278, 279, 280, 282, 283, 287, 289, 290, 293, 296, 297, 299, 300, 302, 304, 305, 306, 308, 311, 312, 314, 315, 317, 318, 320, 321, 322, 324, 325, 328, 331, 332, 335, 336, 338, 339, 341, 342, 350, 352, 357, 358, 360, 361, 368, 370, 375, 376, 378, 383, 385, 388, 389, 391, 392, 394, 396, 399, 406, 407, 410, 417, 424, 425, 426, 428, 431, 432, 434, 435, 440, 441, 449, 451, 453, 454, 459, 460, 468, 470, 472, 473, 478, 479, 480, 488, 490, 492, 493, 498, 499, 500, 508, 510, 514], "summary": {"covered_lines": 206, "num_statements": 206, "percent_covered": 100.0, "percent_covered_display": "100", "missing_lines": 0, "excluded_lines": 0, "percent_statements_covered": 100.0, "percent_statements_covered_display": "100"}, "missing_lines": [], "excluded_lines": [], "functions": {"TestEdgeCasesDateAndTime.test_booking_midnight_to_midnight": {"executed_lines": [22, 23, 25, 31], "summary": {"covered_lines": 4, "num_statements": 4, "percent_covered": 100.0, "percent_covered_display": "100", "missing_lines": 0, "excluded_lines": 0, "percent_statements_covered": 100.0, "percent_statements_covered_display": "100"}, "missing_lines": [], "excluded_lines": []}, "TestEdgeCasesDateAndTime.test_booking_almost_midnight": {"executed_lines": [36, 37, 39, 46], "summary": {"covered_lines": 4, "num_statements": 4, "percent_covered": 100.0, "percent_covered_display": "100", "missing_lines": 0, "excluded_lines": 0, "percent_statements_covered": 100.0, "percent_statements_covered_display": "100"}, "missing_lines": [], "excluded_lines": []}, "TestEdgeCasesDateAndTime.test_booking_15_minute_minimum": {"executed_lines": [51, 52, 54, 60], "summary": {"covered_lines": 4, "num_statements": 4, "percent_covered": 100.0, "percent_covered_display": "100", "missing_lines": 0, "excluded_lines": 0, "percent_statements_covered": 100.0, "percent_statements_covered_display": "100"}, "missing_lines": [], "excluded_lines": []}, "TestEdgeCasesDateAndTime.test_booking_12_hour_maximum": {"executed_lines": [65, 66, 68, 74], "summary": {"covered_lines": 4, "num_statements": 4, "percent_covered": 100.0, "percent_covered_display": "100", "missing_lines": 0, "excluded_lines": 0, "percent_statements_covered": 100.0, "percent_statements_covered_display": "100"}, "missing_lines": [], "excluded_lines": []}, "TestEdgeCasesDateAndTime.test_booking_crossing_midnight": {"executed_lines": [79, 80, 83, 89], "summary": {"covered_lines": 4, "num_statements": 4, "percent_covered": 100.0, "percent_covered_display": "100", "missing_lines": 0, "excluded_lines": 0, "percent_statements_covered": 100.0, "percent_statements_covered_display": "100"}, "missing_lines": [], "excluded_lines": []}, "TestEdgeCasesTimeOverlap.test_overlap_one_minute_difference": {"executed_lines": [98, 100, 107], "summary": {"covered_lines": 3, "num_statements": 3, "percent_covered": 100.0, "percent_covered_display": "100", "missing_lines": 0, "excluded_lines": 0, "percent_statements_covered": 100.0, "percent_statements_covered_display": "100"}, "missing_lines": [], "excluded_lines": []}, "TestEdgeCasesTimeOverlap.test_overlap_second_difference": {"executed_lines": [112, 114, 121], "summary": {"covered_lines": 3, "num_statements": 3, "percent_covered": 100.0, "percent_covered_display": "100", "missing_lines": 0, "excluded_lines": 0, "percent_statements_covered": 100.0, "percent_statements_covered_display": "100"}, "missing_lines": [], "excluded_lines": []}, "TestEdgeCasesTimeOverlap.test_overlap_single_second_overlap": {"executed_lines": [126, 128, 135], "summary": {"covered_lines": 3, "num_statements": 3, "percent_covered": 100.0, "percent_covered_display": "100", "missing_lines": 0, "excluded_lines": 0, "percent_statements_covered": 100.0, "percent_statements_covered_display": "100"}, "missing_lines": [], "excluded_lines": []}, "TestEdgeCasesInputSanitization.test_sanitize_null_bytes": {"executed_lines": [144, 146, 147, 150], "summary": {"covered_lines": 4, "num_statements": 4, "percent_covered": 100.0, "percent_covered_display": "100", "missing_lines": 0, "excluded_lines": 0, "percent_statements_covered": 100.0, "percent_statements_covered_display": "100"}, "missing_lines": [], "excluded_lines": []}, "TestEdgeCasesInputSanitization.test_sanitize_unicode_characters": {"executed_lines": [155, 157, 158, 161], "summary": {"covered_lines": 4, "num_statements": 4, "percent_covered": 100.0, "percent_covered_display": "100", "missing_lines": 0, "excluded_lines": 0, "percent_statements_covered": 100.0, "percent_statements_covered_display": "100"}, "missing_lines": [], "excluded_lines": []}, "TestEdgeCasesInputSanitization.test_sanitize_very_long_string": {"executed_lines": [166, 169, 170, 172, 173], "summary": {"covered_lines": 5, "num_statements": 5, "percent_covered": 100.0, "percent_covered_display": "100", "missing_lines": 0, "excluded_lines": 0, "percent_statements_covered": 100.0, "percent_statements_covered_display": "100"}, "missing_lines": [], "excluded_lines": []}, "TestEdgeCasesInputSanitization.test_sanitize_multiple_sql_keywords": {"executed_lines": [178, 180, 181, 183, 184, 185], "summary": {"covered_lines": 6, "num_statements": 6, "percent_covered": 100.0, "percent_covered_display": "100", "missing_lines": 0, "excluded_lines": 0, "percent_statements_covered": 100.0, "percent_statements_covered_display": "100"}, "missing_lines": [], "excluded_lines": []}, "TestEdgeCasesBookingCreation.test_create_back_to_back_bookings": {"executed_lines": [197, 199, 202, 209, 210, 213, 217], "summary": {"covered_lines": 7, "num_statements": 7, "percent_covered": 100.0, "percent_covered_display": "100", "missing_lines": 0, "excluded_lines": 0, "percent_statements_covered": 100.0, "percent_statements_covered_display": "100"}, "missing_lines": [], "excluded_lines": []}, "TestEdgeCasesBookingCreation.test_create_many_bookings_same_room_same_day": {"executed_lines": [224, 226, 229, 230, 231, 232, 233, 241, 242, 244, 246, 247], "summary": {"covered_lines": 12, "num_statements": 12, "percent_covered": 100.0, "percent_covered_display": "100", "missing_lines": 0, "excluded_lines": 0, "percent_statements_covered": 100.0, "percent_statements_covered_display": "100"}, "missing_lines": [], "excluded_lines": []}, "TestEdgeCasesRoomCapacity.test_book_room_at_capacity": {"executed_lines": [257, 259, 260], "summary": {"covered_lines": 3, "num_statements": 3, "percent_covered": 100.0, "percent_covered_display": "100", "missing_lines": 0, "excluded_lines": 0, "percent_statements_covered": 100.0, "percent_statements_covered_display": "100"}, "missing_lines": [], "excluded_lines": []}, "TestEdgeCasesUserRoles.test_unknown_role_access_denied": {"executed_lines": [270, 272, 273, 278, 279, 280], "summary": {"covered_lines": 6, "num_statements": 6, "percent_covered": 100.0, "percent_covered_display": "100", "missing_lines": 0, "excluded_lines": 0, "percent_statements_covered": 100.0, "percent_statements_covered_display": "100"}, "missing_lines": [], "excluded_lines": []}, "TestEdgeCasesUserRoles.test_admin_can_update_other_user_booking": {"executed_lines": [287, 289, 290, 293], "summary": {"covered_lines": 4, "num_statements": 4, "percent_covered": 100.0, "percent_covered_display": "100", "missing_lines": 0, "excluded_lines": 0, "percent_statements_covered": 100.0, "percent_statements_covered_display": "100"}, "missing_lines": [], "excluded_lines": []}, "TestEdgeCasesBouncedBookings.test_cannot_cancel_completed_booking": {"executed_lines": [302, 304, 305, 306, 308, 311, 312], "summary": {"covered_lines": 7, "num_statements": 7, "percent_covered": 100.0, "percent_covered_display": "100", "missing_lines": 0, "excluded_lines": 0, "percent_statements_covered": 100.0, "percent_statements_covered_display": "100"}, "missing_lines": [], "excluded_lines": []}, "TestEdgeCasesBouncedBookings.test_cannot_update_completed_booking": {"executed_lines": [317, 318, 320, 321, 322, 324, 325, 328, 331, 332], "summary": {"covered_lines": 10, "num_statements": 10, "percent_covered": 100.0, "percent_covered_display": "100", "missing_lines": 0, "excluded_lines": 0, "percent_statements_covered": 100.0, "percent_statements_covered_display": "100"}, "missing_lines": [], "excluded_lines": []}, "TestErrorHandlingValidation.test_booking_negative_room_id": {"executed_lines": [341, 342, 350, 352], "summary": {"covered_lines": 4, "num_statements": 4, "percent_covered": 100.0, "percent_covered_display": "100", "missing_lines": 0, "excluded_lines": 0, "percent_statements_covered": 100.0, "percent_statements_covered_display": "100"}, "missing_lines": [], "excluded_lines": []}, "TestErrorHandlingValidation.test_booking_zero_room_id": {"executed_lines": [360, 361, 368, 370], "summary": {"covered_lines": 4, "num_statements": 4, "percent_covered": 100.0, "percent_covered_display": "100", "missing_lines": 0, "excluded_lines": 0, "percent_statements_covered": 100.0, "percent_statements_covered_display": "100"}, "missing_lines": [], "excluded_lines": []}, "TestErrorHandlingValidation.test_booking_missing_required_fields": {"executed_lines": [378, 383, 385], "summary": {"covered_lines": 3, "num_statements": 3, "percent_covered": 100.0, "percent_covered_display": "100", "missing_lines": 0, "excluded_lines": 0, "percent_statements_covered": 100.0, "percent_statements_covered_display": "100"}, "missing_lines": [], "excluded_lines": []}, "TestBoundaryConditionsScheduling.test_multiple_rooms_same_time": {"executed_lines": [394, 396, 399, 406, 407, 410, 417, 424, 425, 426, 428], "summary": {"covered_lines": 11, "num_statements": 11, "percent_covered": 100.0, "percent_covered_display": "100", "missing_lines": 0, "excluded_lines": 0, "percent_statements_covered": 100.0, "percent_statements_covered_display": "100"}, "missing_lines": [], "excluded_lines": []}, "TestSpecialCharactersInPurpose.test_booking_with_special_characters_in_purpose": {"executed_lines": [440, 441, 449, 451], "summary": {"covered_lines": 4, "num_statements": 4, "percent_covered": 100.0, "percent_covered_display": "100", "missing_lines": 0, "excluded_lines": 0, "percent_statements_covered": 100.0, "percent_statements_covered_display": "100"}, "missing_lines": [], "excluded_lines": []}, "TestSpecialCharactersInPurpose.test_booking_with_quotes_in_purpose": {"executed_lines": [459, 460, 468, 470], "summary": {"covered_lines": 4, "num_statements": 4, "percent_covered": 100.0, "percent_covered_display": "100", "missing_lines": 0, "excluded_lines": 0, "percent_statements_covered": 100.0, "percent_statements_covered_display": "100"}, "missing_lines": [], "excluded_lines": []}, "TestSpecialCharactersInPurpose.test_booking_with_very_long_purpose": {"executed_lines": [478, 479, 480, 488, 490], "summary": {"covered_lines": 5, "num_statements": 5, "percent_covered": 100.0, "percent_covered_display": "100", "missing_lines": 0, "excluded_lines": 0, "percent_statements_covered": 100.0, "percent_statements_covered_display": "100"}, "missing_lines": [], "excluded_lines": []}, "TestSpecialCharactersInPurpose.test_booking_with_oversized_purpose_rejected": {"executed_lines": [498, 499, 500, 508, 510], "summary": {"covered_lines": 5, "num_statements": 5, "percent_covered": 100.0, "percent_covered_display": "100", "missing_lines": 0, "excluded_lines": 0, "percent_statements_covered": 100.0, "percent_statements_covered_display": "100"}, "missing_lines": [], "excluded_lines": []}, "": {"executed_lines": [1, 8, 9, 10, 11, 16, 17, 19, 20, 33, 34, 48, 49, 62, 63, 76, 77, 92, 93, 95, 96, 109, 110, 123, 124, 138, 139, 141, 142, 152, 153, 163, 164, 175, 176, 188, 189, 191, 192, 219, 220, 250, 251, 253, 254, 264, 265, 267, 268, 282, 283, 296, 297, 299, 300, 314, 315, 335, 336, 338, 339, 357, 358, 375, 376, 388, 389, 391, 392, 431, 432, 434, 435, 453, 454, 472, 473, 492, 493, 514], "summary": {"covered_lines": 69, "num_statements": 69, "percent_covered": 100.0, "percent_covered_display": "100", "missing_lines": 0, "excluded_lines": 0, "percent_statements_covered": 100.0, "percent_statements_covered_display": "100"}, "missing_lines": [], "excluded_lines": []}}, "classes": {"TestEdgeCasesDateAndTime": {"executed_lines": [22, 23, 25, 31, 36, 37, 39, 46, 51, 52, 54, 60, 65, 66, 68, 74, 79, 80, 83, 89], "summary": {"covered_lines": 20, "num_statements": 20, "percent_covered": 100.0, "percent_covered_display": "100", "missing_lines": 0, "excluded_lines": 0, "percent_statements_covered": 100.0, "percent_statements_covered_display": "100"}, "missing_lines": [], "excluded_lines": []}, "TestEdgeCasesTimeOverlap": {"executed_lines": [98, 100, 107, 112, 114, 121, 126, 128, 135], "summary": {"covered_lines": 9, "num_statements": 9, "percent_covered": 100.0, "percent_covered_display": "100", "missing_lines": 0, "excluded_lines": 0, "percent_statements_covered": 100.0, "percent_statements_covered_display": "100"}, "missing_lines": [], "excluded_lines": []}, "TestEdgeCasesInputSanitization": {"executed_lines": [144, 146, 147, 150, 155, 157, 158, 161, 166, 169, 170, 172, 173, 178, 180, 181, 183, 184, 185], "summary": {"covered_lines": 19, "num_statements": 19, "percent_covered": 100.0, "percent_covered_display": "100", "missing_lines": 0, "excluded_lines": 0, "percent_statements_covered": 100.0, "percent_statements_covered_display": "100"}, "missing_lines": [], "excluded_lines": []}, "TestEdgeCasesBookingCreation": {"executed_lines": [197, 199, 202, 209, 210, 213, 217, 224, 226, 229, 230, 231, 232, 233, 241, 242, 244, 246, 247], "summary": {"covered_lines": 19, "num_statements": 19, "percent_covered": 100.0, "percent_covered_display": "100", "missing_lines": 0, "excluded_lines": 0, "percent_statements_covered": 100.0, "percent_statements_covered_display": "100"}, "missing_lines": [], "excluded_lines": []}, "TestEdgeCasesRoomCapacity": {"executed_lines": [257, 259, 260], "summary": {"covered_lines": 3, "num_statements": 3, "percent_covered": 100.0, "percent_covered_display": "100", "missing_lines": 0, "excluded_lines": 0, "percent_statements_covered": 100.0, "percent_statements_covered_display": "100"}, "missing_lines": [], "excluded_lines": []}, "TestEdgeCasesUserRoles": {"executed_lines": [270, 272, 273, 278, 279, 280, 287, 289, 290, 293], "summary": {"covered_lines": 10, "num_statements": 10, "percent_covered": 100.0, "percent_covered_display": "100", "missing_lines": 0, "excluded_lines": 0, "percent_statements_covered": 100.0, "percent_statements_covered_display": "100"}, "missing_lines": [], "excluded_lines": []}, "TestEdgeCasesBouncedBookings": {"executed_lines": [302, 304, 305, 306, 308, 311, 312, 317, 318, 320, 321, 322, 324, 325, 328, 331, 332], "summary": {"covered_lines": 17, "num_statements": 17, "percent_covered": 100.0, "percent_covered_display": "100", "missing_lines": 0, "excluded_lines": 0, "percent_statements_covered": 100.0, "percent_statements_covered_display": "100"}, "missing_lines": [], "excluded_lines": []}, "TestErrorHandlingValidation": {"executed_lines": [341, 342, 350, 352, 360, 361, 368, 370, 378, 383, 385], "summary": {"covered_lines": 11, "num_statements": 11, "percent_covered": 100.0, "percent_covered_display": "100", "missing_lines": 0, "excluded_lines": 0, "percent_statements_covered": 100.0, "percent_statements_covered_display": "100"}, "missing_lines": [], "excluded_lines": []}, "TestBoundaryConditionsScheduling": {"executed_lines": [394, 396, 399, 406, 407, 410, 417, 424, 425, 426, 428], "summary": {"covered_lines": 11, "num_statements": 11, "percent_covered": 100.0, "percent_covered_display": "100", "missing_lines": 0, "excluded_lines": 0, "percent_statements_covered": 100.0, "percent_statements_covered_display": "100"}, "missing_lines": [], "excluded_lines": []}, "TestSpecialCharactersInPurpose": {"executed_lines": [440, 441, 449, 451, 459, 460, 468, 470, 478, 479, 480, 488, 490, 498, 499, 500, 508, 510], "summary": {"covered_lines": 18, "num_statements": 18, "percent_covered": 100.0, "percent_covered_display": "100", "missing_lines": 0, "excluded_lines": 0, "percent_statements_covered": 100.0, "percent_statements_covered_display": "100"}, "missing_lines": [], "excluded_lines": []}, "": {"executed_lines": [1, 8, 9, 10, 11, 16, 17, 19, 20, 33, 34, 48, 49, 62, 63, 76, 77, 92, 93, 95, 96, 109, 110, 123, 124, 138, 139, 141, 142, 152, 153, 163, 164, 175, 176, 188, 189, 191, 192, 219, 220, 250, 251, 253, 254, 264, 265, 267, 268, 282, 283, 296, 297, 299, 300, 314, 315, 335, 336, 338, 339, 357, 358, 375, 376, 388, 389, 391, 392, 431, 432, 434, 435, 453, 454, 472, 473, 492, 493, 514], "summary": {"covered_lines": 69, "num_statements": 69, "percent_covered": 100.0, "percent_covered_display": "100", "missing_lines": 0, "excluded_lines": 0, "percent_statements_covered": 100.0, "percent_statements_covered_display": "100"}, "missing_lines": [], "excluded_lines": []}}}, "tests\\test_bookings_routes.py": {"executed_lines": [1, 8, 9, 10, 11, 12, 17, 18, 20, 21, 23, 25, 26, 27, 28, 30, 31, 33, 35, 36, 37, 38, 41, 42, 44, 45, 50, 55, 56, 57, 58, 59, 60, 61, 63, 64, 66, 72, 74, 75, 80, 81, 89, 91, 92, 94, 95, 100, 101, 109, 111, 116, 117, 122, 123, 131, 133, 135, 136, 141, 143, 151, 153, 155, 156, 161, 162, 170, 172, 174, 175, 180, 181, 189, 191, 194, 195, 197, 198, 203, 205, 206, 207, 208, 210, 211, 216, 218, 219, 220, 222, 223, 228, 230, 231, 232, 234, 235, 237, 239, 245, 246, 248, 249, 254, 256, 258, 259, 260, 261, 263, 264, 269, 271, 273, 275, 276, 281, 283, 285, 287, 288, 293, 295, 298, 299, 301, 302, 307, 308, 313, 318, 319, 320, 321, 323, 324, 329, 330, 332, 337, 338, 339, 341, 342, 347, 348, 350, 355, 360, 362, 363, 368, 370, 375, 377, 378, 383, 384, 386, 391, 393, 394, 399, 402, 405, 406, 408, 409, 414, 417, 418, 420, 421, 426, 428, 430, 431, 432, 433, 435, 436, 441, 443, 445, 446, 451, 453, 455, 457, 458, 463, 466, 467, 470, 472, 474, 475, 480, 482, 484, 487, 488, 492, 493, 496, 497, 499, 500, 505, 507, 517, 518, 519, 520, 522, 523, 528, 530, 540, 541, 542, 543, 545, 546, 551, 553, 563, 566, 567, 569, 570, 575, 577, 582, 583, 584, 585, 587, 588, 593, 595, 600, 601, 602, 605, 606, 608, 609, 614, 616, 619, 621, 622, 627, 629, 631, 634, 635, 637, 638, 643, 645, 646, 647, 649, 650, 655, 657, 659, 660, 665, 667, 670, 671, 673, 674, 679, 681, 682, 683, 684, 686, 687, 692, 694, 695, 696], "summary": {"covered_lines": 276, "num_statements": 276, "percent_covered": 100.0, "percent_covered_display": "100", "missing_lines": 0, "excluded_lines": 0, "percent_statements_covered": 100.0, "percent_statements_covered_display": "100"}, "missing_lines": [], "excluded_lines": [], "functions": {"TestHealthEndpoints.test_root_endpoint": {"executed_lines": [23, 25, 26, 27, 28], "summary": {"covered_lines": 5, "num_statements": 5, "percent_covered": 100.0, "percent_covered_display": "100", "missing_lines": 0, "excluded_lines": 0, "percent_statements_covered": 100.0, "percent_statements_covered_display": "100"}, "missing_lines": [], "excluded_lines": []}, "TestHealthEndpoints.test_health_check_endpoint": {"executed_lines": [33, 35, 36, 37, 38], "summary": {"covered_lines": 5, "num_statements": 5, "percent_covered": 100.0, "percent_covered_display": "100", "missing_lines": 0, "excluded_lines": 0, "percent_statements_covered": 100.0, "percent_statements_covered_display": "100"}, "missing_lines": [], "excluded_lines": []}, "TestCreateBooking.test_create_booking_success": {"executed_lines": [50, 55, 56, 57, 58, 59, 60, 61], "summary": {"covered_lines": 8, "num_statements": 8, "percent_covered": 100.0, "percent_covered_display": "100", "missing_lines": 0, "excluded_lines": 0, "percent_statements_covered": 100.0, "percent_statements_covered_display": "100"}, "missing_lines": [], "excluded_lines": []}, "TestCreateBooking.test_create_booking_missing_token": {"executed_lines": [66, 72], "summary": {"covered_lines": 2, "num_statements": 2, "percent_covered": 100.0, "percent_covered_display": "100", "missing_lines": 0, "excluded_lines": 0, "percent_statements_covered": 100.0, "percent_statements_covered_display": "100"}, "missing_lines": [], "excluded_lines": []}, "TestCreateBooking.test_create_booking_past_date": {"executed_lines": [80, 81, 89, 91, 92], "summary": {"covered_lines": 5, "num_statements": 5, "percent_covered": 100.0, "percent_covered_display": "100", "missing_lines": 0, "excluded_lines": 0, "percent_statements_covered": 100.0, "percent_statements_covered_display": "100"}, "missing_lines": [], "excluded_lines": []}, "TestCreateBooking.test_create_booking_invalid_time_order": {"executed_lines": [100, 101, 109, 111], "summary": {"covered_lines": 4, "num_statements": 4, "percent_covered": 100.0, "percent_covered_display": "100", "missing_lines": 0, "excluded_lines": 0, "percent_statements_covered": 100.0, "percent_statements_covered_display": "100"}, "missing_lines": [], "excluded_lines": []}, "TestCreateBooking.test_create_booking_room_not_found": {"executed_lines": [122, 123, 131, 133], "summary": {"covered_lines": 4, "num_statements": 4, "percent_covered": 100.0, "percent_covered_display": "100", "missing_lines": 0, "excluded_lines": 0, "percent_statements_covered": 100.0, "percent_statements_covered_display": "100"}, "missing_lines": [], "excluded_lines": []}, "TestCreateBooking.test_create_booking_time_conflict": {"executed_lines": [141, 143, 151, 153], "summary": {"covered_lines": 4, "num_statements": 4, "percent_covered": 100.0, "percent_covered_display": "100", "missing_lines": 0, "excluded_lines": 0, "percent_statements_covered": 100.0, "percent_statements_covered_display": "100"}, "missing_lines": [], "excluded_lines": []}, "TestCreateBooking.test_create_booking_short_duration": {"executed_lines": [161, 162, 170, 172], "summary": {"covered_lines": 4, "num_statements": 4, "percent_covered": 100.0, "percent_covered_display": "100", "missing_lines": 0, "excluded_lines": 0, "percent_statements_covered": 100.0, "percent_statements_covered_display": "100"}, "missing_lines": [], "excluded_lines": []}, "TestCreateBooking.test_create_booking_long_duration": {"executed_lines": [180, 181, 189, 191], "summary": {"covered_lines": 4, "num_statements": 4, "percent_covered": 100.0, "percent_covered_display": "100", "missing_lines": 0, "excluded_lines": 0, "percent_statements_covered": 100.0, "percent_statements_covered_display": "100"}, "missing_lines": [], "excluded_lines": []}, "TestGetBookings.test_get_user_bookings": {"executed_lines": [203, 205, 206, 207, 208], "summary": {"covered_lines": 5, "num_statements": 5, "percent_covered": 100.0, "percent_covered_display": "100", "missing_lines": 0, "excluded_lines": 0, "percent_statements_covered": 100.0, "percent_statements_covered_display": "100"}, "missing_lines": [], "excluded_lines": []}, "TestGetBookings.test_get_all_bookings_as_admin": {"executed_lines": [216, 218, 219, 220], "summary": {"covered_lines": 4, "num_statements": 4, "percent_covered": 100.0, "percent_covered_display": "100", "missing_lines": 0, "excluded_lines": 0, "percent_statements_covered": 100.0, "percent_statements_covered_display": "100"}, "missing_lines": [], "excluded_lines": []}, "TestGetBookings.test_get_bookings_filter_by_status": {"executed_lines": [228, 230, 231, 232], "summary": {"covered_lines": 4, "num_statements": 4, "percent_covered": 100.0, "percent_covered_display": "100", "missing_lines": 0, "excluded_lines": 0, "percent_statements_covered": 100.0, "percent_statements_covered_display": "100"}, "missing_lines": [], "excluded_lines": []}, "TestGetBookings.test_get_bookings_no_auth": {"executed_lines": [237, 239], "summary": {"covered_lines": 2, "num_statements": 2, "
[...]
100.0, "percent_statements_covered_display": "100"}, "missing_lines": [], "excluded_lines": []}, "TestBookingServiceVerifyRoom.test_verify_room_unavailable_status": {"executed_lines": [301, 308, 309, 311, 312], "summary": {"covered_lines": 5, "num_statements": 5, "percent_covered": 100.0, "percent_covered_display": "100", "missing_lines": 0, "excluded_lines": 0, "percent_statements_covered": 100.0, "percent_statements_covered_display": "100"}, "missing_lines": [], "excluded_lines": []}, "TestBookingServiceConflictDetection.test_no_conflict_empty_room": {"executed_lines": [321, 323, 327], "summary": {"covered_lines": 3, "num_statements": 3, "percent_covered": 100.0, "percent_covered_display": "100", "missing_lines": 0, "excluded_lines": 0, "percent_statements_covered": 100.0, "percent_statements_covered_display": "100"}, "missing_lines": [], "excluded_lines": []}, "TestBookingServiceConflictDetection.test_conflict_with_existing_booking": {"executed_lines": [332, 335, 339], "summary": {"covered_lines": 3, "num_statements": 3, "percent_covered": 100.0, "percent_covered_display": "100", "missing_lines": 0, "excluded_lines": 0, "percent_statements_covered": 100.0, "percent_statements_covered_display": "100"}, "missing_lines": [], "excluded_lines": []}, "TestBookingServiceConflictDetection.test_no_conflict_different_room": {"executed_lines": [344, 347, 351], "summary": {"covered_lines": 3, "num_statements": 3, "percent_covered": 100.0, "percent_covered_display": "100", "missing_lines": 0, "excluded_lines": 0, "percent_statements_covered": 100.0, "percent_statements_covered_display": "100"}, "missing_lines": [], "excluded_lines": []}, "TestBookingServiceConflictDetection.test_no_conflict_different_date": {"executed_lines": [356, 359, 363], "summary": {"covered_lines": 3, "num_statements": 3, "percent_covered": 100.0, "percent_covered_display": "100", "missing_lines": 0, "excluded_lines": 0, "percent_statements_covered": 100.0, "percent_statements_covered_display": "100"}, "missing_lines": [], "excluded_lines": []}, "TestBookingServiceConflictDetection.test_no_conflict_after_existing": {"executed_lines": [368, 371, 375], "summary": {"covered_lines": 3, "num_statements": 3, "percent_covered": 100.0, "percent_covered_display": "100", "missing_lines": 0, "excluded_lines": 0, "percent_statements_covered": 100.0, "percent_statements_covered_display": "100"}, "missing_lines": [], "excluded_lines": []}, "TestBookingServiceConflictDetection.test_exclude_booking_id_for_updates": {"executed_lines": [380, 383, 390, 395], "summary": {"covered_lines": 4, "num_statements": 4, "percent_covered": 100.0, "percent_covered_display": "100", "missing_lines": 0, "excluded_lines": 0, "percent_statements_covered": 100.0, "percent_statements_covered_display": "100"}, "missing_lines": [], "excluded_lines": []}, "TestBookingServiceConflictDetection.test_cancelled_bookings_ignored_in_conflict": {"executed_lines": [400, 403, 408, 409, 412, 416], "summary": {"covered_lines": 6, "num_statements": 6, "percent_covered": 100.0, "percent_covered_display": "100", "missing_lines": 0, "excluded_lines": 0, "percent_statements_covered": 100.0, "percent_statements_covered_display": "100"}, "missing_lines": [], "excluded_lines": []}, "TestBookingServiceCheckAuthorization.test_authorize_booking_owner": {"executed_lines": [425, 426, 429], "summary": {"covered_lines": 3, "num_statements": 3, "percent_covered": 100.0, "percent_covered_display": "100", "missing_lines": 0, "excluded_lines": 0, "percent_statements_covered": 100.0, "percent_statements_covered_display": "100"}, "missing_lines": [], "excluded_lines": []}, "TestBookingServiceCheckAuthorization.test_authorize_admin": {"executed_lines": [434, 435, 438], "summary": {"covered_lines": 3, "num_statements": 3, "percent_covered": 100.0, "percent_covered_display": "100", "missing_lines": 0, "excluded_lines": 0, "percent_statements_covered": 100.0, "percent_statements_covered_display": "100"}, "missing_lines": [], "excluded_lines": []}, "TestBookingServiceCheckAuthorization.test_authorize_facility_manager": {"executed_lines": [443, 444, 447], "summary": {"covered_lines": 3, "num_statements": 3, "percent_covered": 100.0, "percent_covered_display": "100", "missing_lines": 0, "excluded_lines": 0, "percent_statements_covered": 100.0, "percent_statements_covered_display": "100"}, "missing_lines": [], "excluded_lines": []}, "TestBookingServiceCheckAuthorization.test_deny_unauthorized_user": {"executed_lines": [452, 453, 455, 456], "summary": {"covered_lines": 4, "num_statements": 4, "percent_covered": 100.0, "percent_covered_display": "100", "missing_lines": 0, "excluded_lines": 0, "percent_statements_covered": 100.0, "percent_statements_covered_display": "100"}, "missing_lines": [], "excluded_lines": []}, "TestBookingServiceGetBookingById.test_get_booking_exists": {"executed_lines": [465, 467, 468], "summary": {"covered_lines": 3, "num_statements": 3, "percent_covered": 100.0, "percent_covered_display": "100", "missing_lines": 0, "excluded_lines": 0, "percent_statements_covered": 100.0, "percent_statements_covered_display": "100"}, "missing_lines": [], "excluded_lines": []}, "TestBookingServiceGetBookingById.test_get_booking_not_found": {"executed_lines": [473, 474], "summary": {"covered_lines": 2, "num_statements": 2, "percent_covered": 100.0, "percent_covered_display": "100", "missing_lines": 0, "excluded_lines": 0, "percent_statements_covered": 100.0, "percent_statements_covered_display": "100"}, "missing_lines": [], "excluded_lines": []}, "TestBookingServiceGetUserBookings.test_get_user_bookings": {"executed_lines": [483, 485, 486], "summary": {"covered_lines": 3, "num_statements": 3, "percent_covered": 100.0, "percent_covered_display": "100", "missing_lines": 0, "excluded_lines": 0, "percent_statements_covered": 100.0, "percent_statements_covered_display": "100"}, "missing_lines": [], "excluded_lines": []}, "TestBookingServiceGetUserBookings.test_get_user_bookings_by_status": {"executed_lines": [491, 493, 494], "summary": {"covered_lines": 3, "num_statements": 3, "percent_covered": 100.0, "percent_covered_display": "100", "missing_lines": 0, "excluded_lines": 0, "percent_statements_covered": 100.0, "percent_statements_covered_display": "100"}, "missing_lines": [], "excluded_lines": []}, "TestBookingServiceGetUserBookings.test_get_user_no_bookings": {"executed_lines": [499, 501], "summary": {"covered_lines": 2, "num_statements": 2, "percent_covered": 100.0, "percent_covered_display": "100", "missing_lines": 0, "excluded_lines": 0, "percent_statements_covered": 100.0, "percent_statements_covered_display": "100"}, "missing_lines": [], "excluded_lines": []}, "TestBookingServiceGetAllBookings.test_get_all_bookings": {"executed_lines": [510, 512], "summary": {"covered_lines": 2, "num_statements": 2, "percent_covered": 100.0, "percent_covered_display": "100", "missing_lines": 0, "excluded_lines": 0, "percent_statements_covered": 100.0, "percent_statements_covered_display": "100"}, "missing_lines": [], "excluded_lines": []}, "TestBookingServiceGetAllBookings.test_get_all_bookings_filter_by_room": {"executed_lines": [517, 519], "summary": {"covered_lines": 2, "num_statements": 2, "percent_covered": 100.0, "percent_covered_display": "100", "missing_lines": 0, "excluded_lines": 0, "percent_statements_covered": 100.0, "percent_statements_covered_display": "100"}, "missing_lines": [], "excluded_lines": []}, "TestBookingServiceGetAllBookings.test_get_all_bookings_filter_by_status": {"executed_lines": [524, 526], "summary": {"covered_lines": 2, "num_statements": 2, "percent_covered": 100.0, "percent_covered_display": "100", "missing_lines": 0, "excluded_lines": 0, "percent_statements_covered": 100.0, "percent_statements_covered_display": "100"}, "missing_lines": [], "excluded_lines": []}, "TestBookingServiceGetRoomSchedule.test_get_room_schedule": {"executed_lines": [535, 536, 538, 539, 541], "summary": {"covered_lines": 5, "num_statements": 5, "percent_covered": 100.0, "percent_covered_display": "100", "missing_lines": 0, "excluded_lines": 0, "percent_statements_covered": 100.0, "percent_statements_covered_display": "100"}, "missing_lines": [], "excluded_lines": []}, "TestBookingServiceGetRoomSchedule.test_get_room_schedule_excludes_cancelled": {"executed_lines": [546, 549, 554, 555, 557, 559, 560], "summary": {"covered_lines": 7, "num_statements": 7, "percent_covered": 100.0, "percent_covered_display": "100", "missing_lines": 0, "excluded_lines": 0, "percent_statements_covered": 100.0, "percent_statements_covered_display": "100"}, "missing_lines": [], "excluded_lines": []}, "TestBookingServiceGetRoomSchedule.test_get_room_schedule_empty_date": {"executed_lines": [565, 566, 568], "summary": {"covered_lines": 3, "num_statements": 3, "percent_covered": 100.0, "percent_covered_display": "100", "missing_lines": 0, "excluded_lines": 0, "percent_statements_covered": 100.0, "percent_statements_covered_display": "100"}, "missing_lines": [], "excluded_lines": []}, "TestBookingServiceCheckAvailability.test_availability_available": {"executed_lines": [577, 579, 583], "summary": {"covered_lines": 3, "num_statements": 3, "percent_covered": 100.0, "percent_covered_display": "100", "missing_lines": 0, "excluded_lines": 0, "percent_statements_covered": 100.0, "percent_statements_covered_display": "100"}, "missing_lines": [], "excluded_lines": []}, "TestBookingServiceCheckAvailability.test_availability_not_available": {"executed_lines": [588, 590, 594], "summary": {"covered_lines": 3, "num_statements": 3, "percent_covered": 100.0, "percent_covered_display": "100", "missing_lines": 0, "excluded_lines": 0, "percent_statements_covered": 100.0, "percent_statements_covered_display": "100"}, "missing_lines": [], "excluded_lines": []}, "": {"executed_lines": [1, 8, 9, 10, 11, 14, 15, 16, 17, 18, 27, 28, 30, 31, 43, 44, 56, 57, 71, 72, 84, 85, 96, 97, 109, 110, 121, 122, 134, 135, 147, 148, 150, 151, 162, 163, 174, 175, 186, 187, 198, 199, 210, 211, 222, 223, 235, 236, 238, 239, 246, 247, 255, 256, 264, 265, 271, 272, 279, 280, 282, 283, 291, 292, 297, 298, 315, 316, 318, 319, 329, 330, 341, 342, 353, 354, 365, 366, 377, 378, 397, 398, 419, 420, 422, 423, 431, 432, 440, 441, 449, 450, 459, 460, 462, 463, 470, 471, 477, 478, 480, 481, 488, 489, 496, 497, 504, 505, 507, 508, 514, 515, 521, 522, 529, 530, 532, 533, 543, 544, 562, 563, 571, 572, 574, 575, 585, 586], "summary": {"covered_lines": 116, "num_statements": 116, "percent_covered": 100.0, "percent_covered_display": "100", "missing_lines": 0, "excluded_lines": 0, "percent_statements_covered": 100.0, "percent_statements_covered_display": "100"}, "missing_lines": [], "excluded_lines": []}}, "classes": {"TestValidateBookingTime": {"executed_lines": [33, 34, 40, 41, 46, 47, 53, 54, 59, 61, 69, 74, 75, 81, 82, 87, 88, 94, 99, 100, 106, 107, 112, 113, 119, 124, 125, 131, 132, 137, 138, 144], "summary": {"covered_lines": 32, "num_statements": 32, "percent_covered": 100.0, "percent_covered_display": "100", "missing_lines": 0, "excluded_lines": 0, "percent_statements_covered": 100.0, "percent_statements_covered_display": "100"}, "missing_lines": [], "excluded_lines": []}, "TestTimesOverlap": {"executed_lines": [153, 160, 165, 172, 177, 184, 189, 196, 201, 208, 213, 220, 225, 232], "summary": {"covered_lines": 14, "num_statements": 14, "percent_covered": 100.0, "percent_covered_display": "100", "missing_lines": 0, "excluded_lines": 0, "percent_statements_covered": 100.0, "percent_statements_covered_display": "100"}, "missing_lines": [], "excluded_lines": []}, "TestSanitizeInput": {"executed_lines": [241, 242, 244, 249, 250, 252, 253, 258, 259, 261, 262, 267, 269, 274, 276], "summary": {"covered_lines": 15, "num_statements": 15, "percent_covered": 100.0, "percent_covered_display": "100", "missing_lines": 0, "excluded_lines": 0, "percent_statements_covered": 100.0, "percent_statements_covered_display": "100"}, "missing_lines": [], "excluded_lines": []}, "TestBookingServiceVerifyRoom": {"executed_lines": [285, 287, 288, 289, 294, 295, 301, 308, 309, 311, 312], "summary": {"covered_lines": 11, "num_statements": 11, "percent_covered": 100.0, "percent_covered_display": "100", "missing_lines": 0, "excluded_lines": 0, "percent_statements_covered": 100.0, "percent_statements_covered_display": "100"}, "missing_lines": [], "excluded_lines": []}, "TestBookingServiceConflictDetection": {"executed_lines": [321, 323, 327, 332, 335, 339, 344, 347, 351, 356, 359, 363, 368, 371, 375, 380, 383, 390, 395, 400, 403, 408, 409, 412, 416], "summary": {"covered_lines": 25, "num_statements": 25, "percent_covered": 100.0, "percent_covered_display": "100", "missing_lines": 0, "excluded_lines": 0, "percent_statements_covered": 100.0, "percent_statements_covered_display": "100"}, "missing_lines": [], "excluded_lines": []}, "TestBookingServiceCheckAuthorization": {"executed_lines": [425, 426, 429, 434, 435, 438, 443, 444, 447, 452, 453, 455, 456], "summary": {"covered_lines": 13, "num_statements": 13, "percent_covered": 100.0, "percent_covered_display": "100", "missing_lines": 0, "excluded_lines": 0, "percent_statements_covered": 100.0, "percent_statements_covered_display": "100"}, "missing_lines": [], "excluded_lines": []}, "TestBookingServiceGetBookingById": {"executed_lines": [465, 467, 468, 473, 474], "summary": {"covered_lines": 5, "num_statements": 5, "percent_covered": 100.0, "percent_covered_display": "100", "missing_lines": 0, "excluded_lines": 0, "percent_statements_covered": 100.0, "percent_statements_covered_display": "100"}, "missing_lines": [], "excluded_lines": []}, "TestBookingServiceGetUserBookings": {"executed_lines": [483, 485, 486, 491, 493, 494, 499, 501], "summary": {"covered_lines": 8, "num_statements": 8, "percent_covered": 100.0, "percent_covered_display": "100", "missing_lines": 0, "excluded_lines": 0, "percent_statements_covered": 100.0, "percent_statements_covered_display": "100"}, "missing_lines": [], "excluded_lines": []}, "TestBookingServiceGetAllBookings": {"executed_lines": [510, 512, 517, 519, 524, 526], "summary": {"covered_lines": 6, "num_statements": 6, "percent_covered": 100.0, "percent_covered_display": "100", "missing_lines": 0, "excluded_lines": 0, "percent_statements_covered": 100.0, "percent_statements_covered_display": "100"}, "missing_lines": [], "excluded_lines": []}, "TestBookingServiceGetRoomSchedule": {"executed_lines": [535, 536, 538, 539, 541, 546, 549, 554, 555, 557, 559, 560, 565, 566, 568], "summary": {"covered_lines": 15, "num_statements": 15, "percent_covered": 100.0, "percent_covered_display": "100", "missing_lines": 0, "excluded_lines": 0, "percent_statements_covered": 100.0, "percent_statements_covered_display": "100"}, "missing_lines": [], "excluded_lines": []}, "TestBookingServiceCheckAvailability": {"executed_lines": [577, 579, 583, 588, 590, 594], "summary": {"covered_lines": 6, "num_statements": 6, "percent_covered": 100.0, "percent_covered_display": "100", "missing_lines": 0, "excluded_lines": 0, "percent_statements_covered": 100.0, "percent_statements_covered_display": "100"}, "missing_lines": [], "excluded_lines": []}, "": {"executed_lines": [1, 8, 9, 10, 11, 14, 15, 16, 17, 18, 27, 28, 30, 31, 43, 44, 56, 57, 71, 72, 84, 85, 96, 97, 109, 110, 121, 122, 134, 135, 147, 148, 150, 151, 162, 163, 174, 175, 186, 187, 198, 199, 210, 211, 222, 223, 235, 236, 238, 239, 246, 247, 255, 256, 264, 265, 271, 272, 279, 280, 282, 283, 291, 292, 297, 298, 315, 316, 318, 319, 329, 330, 341, 342, 353, 354, 365, 366, 377, 378, 397, 398, 419, 420, 422, 423, 431, 432, 440, 441, 449, 450, 459, 460, 462, 463, 470, 471, 477, 478, 480, 481, 488, 489, 496, 497, 504, 505, 507, 508, 514, 515, 521, 522, 529, 530, 532, 533, 543, 544, 562, 563, 571, 572, 574, 575, 585, 586], "summary": {"covered_lines": 116, "num_statements": 116, "percent_covered": 100.0, "percent_covered_display": "100", "missing_lines": 0, "excluded_lines": 0, "percent_statements_covered": 100.0, "percent_statements_covered_display": "100"}, "missing_lines": [], "excluded_lines": []}}}, "utils.py": {"executed_lines": [1, 7, 8, 9, 10, 11, 13, 26, 27, 30, 36, 37, 38, 40, 42, 64, 65, 66, 69, 70, 74, 75, 76, 78, 79, 82, 83, 85, 87, 114, 117, 118, 119, 120, 126, 141, 142, 143, 164, 165], "summary": {"covered_lines": 39, "num_statements": 53, "percent_covered": 73.58490566037736, "percent_covered_display": "74", "missing_lines": 14, "excluded_lines": 0, "percent_statements_covered": 73.58490566037736, "percent_statements_covered_display": "74"}, "missing_lines": [121, 122, 123, 144, 145, 148, 151, 152, 153, 154, 157, 160, 161, 163], "excluded_lines": [], "functions": {"sanitize_input": {"executed_lines": [26, 27, 30, 36, 37, 38, 40], "summary": {"covered_lines": 7, "num_statements": 7, "percent_covered": 100.0, "percent_covered_display": "100", "missing_lines": 0, "excluded_lines": 0, "percent_statements_covered": 100.0, "percent_statements_covered_display": "100"}, "missing_lines": [], "excluded_lines": []}, "validate_booking_time": {"executed_lines": [64, 65, 66, 69, 70, 74, 75, 76, 78, 79, 82, 83, 85], "summary": {"covered_lines": 13, "num_statements": 13, "percent_covered": 100.0, "percent_covered_display": "100", "missing_lines": 0, "excluded_lines": 0, "percent_statements_covered": 100.0, "percent_statements_covered_display": "100"}, "missing_lines": [], "excluded_lines": []}, "times_overlap": {"executed_lines": [114], "summary": {"covered_lines": 1, "num_statements": 1, "percent_covered": 100.0, "percent_covered_display": "100", "missing_lines": 0, "excluded_lines": 0, "percent_statements_covered": 100.0, "percent_statements_covered_display": "100"}, "missing_lines": [], "excluded_lines": []}, "cache_response": {"executed_lines": [141, 142, 165], "summary": {"covered_lines": 3, "num_statements": 3, "percent_covered": 100.0, "percent_covered_display": "100", "missing_lines": 0, "excluded_lines": 0, "percent_statements_covered": 100.0, "percent_statements_covered_display": "100"}, "missing_lines": [], "excluded_lines": []}, "cache_response.decorator": {"executed_lines": [143, 164], "summary": {"covered_lines": 2, "num_statements": 2, "percent_covered": 100.0, "percent_covered_display": "100", "missing_lines": 0, "excluded_lines": 0, "percent_statements_covered": 100.0, "percent_statements_covered_display": "100"}, "missing_lines": [], "excluded_lines": []}, "cache_response.decorator.wrapper": {"executed_lines": [], "summary": {"covered_lines": 0, "num_statements": 11, "percent_covered": 0.0, "percent_covered_display": "0", "missing_lines": 11, "excluded_lines": 0, "percent_statements_covered": 0.0, "percent_statements_covered_display": "0"}, "missing_lines": [144, 145, 148, 151, 152, 153, 154, 157, 160, 161, 163], "excluded_lines": []}, "": {"executed_lines": [1, 7, 8, 9, 10, 11, 13, 42, 87, 117, 118, 119, 120, 126], "summary": {"covered_lines": 13, "num_statements": 16, "percent_covered": 81.25, "percent_covered_display": "81", "missing_lines": 3, "excluded_lines": 0, "percent_statements_covered": 81.25, "percent_statements_covered_display": "81"}, "missing_lines": [121, 122, 123], "excluded_lines": []}}, "classes": {"": {"executed_lines": [1, 7, 8, 9, 10, 11, 13, 26, 27, 30, 36, 37, 38, 40, 42, 64, 65, 66, 69, 70, 74, 75, 76, 78, 79, 82, 83, 85, 87, 114, 117, 118, 119, 120, 126, 141, 142, 143, 164, 165], "summary": {"covered_lines": 39, "num_statements": 53, "percent_covered": 73.58490566037736, "percent_covered_display": "74", "missing_lines": 14, "excluded_lines": 0, "percent_statements_covered": 73.58490566037736, "percent_statements_covered_display": "74"}, "missing_lines": [121, 122, 123, 144, 145, 148, 151, 152, 153, 154, 157, 160, 161, 163], "excluded_lines": []}}}}, "totals": {"covered_lines": 1265, "num_statements": 1712, "percent_covered": 73.89018691588785, "percent_covered_display": "74", "missing_lines": 447, "excluded_lines": 0, "percent_statements_covered": 73.89018691588785, "percent_statements_covered_display": "74"}}