{"meta": {"format": 3, "version": "7.12.0", "timestamp": "2025-11-28T21:30:53.630921", "branch_coverage": false, "show_contexts": false}, "files": {"auth.py": {"executed_lines": [1, 7, 8, 9, 10, 11, 12, 13, 14, 17, 19, 20, 21, 25, 32, 34, 54, 69, 108, 129, 135, 137, 150, 152, 154], "summary": {"covered_lines": 24, "num_statements": 40, "percent_covered": 60.0, "percent_covered_display": "60", "missing_lines": 16, "excluded_lines": 0, "percent_statements_covered": 60.0, "percent_statements_covered_display": "60"}, "missing_lines": [52, 67, 93, 96, 97, 99, 102, 105, 106, 140, 141, 142, 145, 175, 176, 180], "excluded_lines": [], "functions": {"hash_password": {"executed_lines": [], "summary": {"covered_lines": 0, "num_statements": 1, "percent_covered": 0.0, "percent_covered_display": "0", "missing_lines": 1, "excluded_lines": 0, "percent_statements_covered": 0.0, "percent_statements_covered_display": "0"}, "missing_lines": [52], "excluded_lines": []}, "verify_password": {"executed_lines": [], "summary": {"covered_lines": 0, "num_statements": 1, "percent_covered": 0.0, "percent_covered_display": "0", "missing_lines": 1, "excluded_lines": 0, "percent_statements_covered": 0.0, "percent_statements_covered_display": "0"}, "missing_lines": [67], "excluded_lines": []}, "create_access_token": {"executed_lines": [], "summary": {"covered_lines": 0, "num_statements": 7, "percent_covered": 0.0, "percent_covered_display": "0", "missing_lines": 7, "excluded_lines": 0, "percent_statements_covered": 0.0, "percent_statements_covered_display": "0"}, "missing_lines": [93, 96, 97, 99, 102, 105, 106], "excluded_lines": []}, "get_current_user": {"executed_lines": [129, 135, 137, 150, 152], "summary": {"covered_lines": 5, "num_statements": 9, "percent_covered": 55.55555555555556, "percent_covered_display": "56", "missing_lines": 4, "excluded_lines": 0, "percent_statements_covered": 55.55555555555556, "percent_statements_covered_display": "56"}, "missing_lines": [140, 141, 142, 145], "excluded_lines": []}, "require_admin": {"executed_lines": [], "summary": {"covered_lines": 0, "num_statements": 3, "percent_covered": 0.0, "percent_covered_display": "0", "missing_lines": 3, "excluded_lines": 0, "percent_statements_covered": 0.0, "percent_statements_covered_display": "0"}, "missing_lines": [175, 176, 180], "excluded_lines": []}, "": {"executed_lines": [1, 7, 8, 9, 10, 11, 12, 13, 14, 17, 19, 20, 21, 25, 32, 34, 54, 69, 108, 154], "summary": {"covered_lines": 19, "num_statements": 19, "percent_covered": 100.0, "percent_covered_display": "100", "missing_lines": 0, "excluded_lines": 0, "percent_statements_covered": 100.0, "percent_statements_covered_display": "100"}, "missing_lines": [], "excluded_lines": []}}, "classes": {"": {"executed_lines": [1, 7, 8, 9, 10, 11, 12, 13, 14, 17, 19, 20, 21, 25, 32, 34, 54, 69, 108, 129, 135, 137, 150, 152, 154], "summary": {"covered_lines": 24, "num_statements": 40, "percent_covered": 60.0, "percent_covered_display": "60", "missing_lines": 16, "excluded_lines": 0, "percent_statements_covered": 60.0, "percent_statements_covered_display": "60"}, "missing_lines": [52, 67, 93, 96, 97, 99, 102, 105, 106, 140, 141, 142, 145, 175, 176, 180], "excluded_lines": []}}}, "database.py": {"executed_lines": [1, 7, 8, 9, 10, 11, 14, 17, 21, 30, 38, 40], "summary": {"covered_lines": 11, "num_statements": 15, "percent_covered": 73.33333333333333, "percent_covered_display": "73", "missing_lines": 4, "excluded_lines": 0, "percent_statements_covered": 73.33333333333333, "percent_statements_covered_display": "73"}, "missing_lines": [51, 52, 53, 55], "excluded_lines": [], "functions": {"get_db": {"executed_lines": [], "summary": {"covered_lines": 0, "num_statements": 4, "percent_covered": 0.0, "percent_covered_display": "0", "missing_lines": 4, "excluded_lines": 0, "percent_statements_covered": 0.0, "percent_statements_covered_display": "0"}, "missing_lines": [51, 52, 53, 55], "excluded_lines": []}, "": {"executed_lines": [1, 7, 8, 9, 10, 11, 14, 17, 21, 30, 38, 40], "summary": {"covered_lines": 11, "num_statements": 11, "percent_covered": 100.0, "percent_covered_display": "100", "missing_lines": 0, "excluded_lines": 0, "percent_statements_covered": 100.0, "percent_statements_covered_display": "100"}, "missing_lines": [], "excluded_lines": []}}, "classes": {"": {"executed_lines": [1, 7, 8, 9, 10, 11, 14, 17, 21, 30, 38, 40], "summary": {"covered_lines": 11, "num_statements": 15, "percent_covered": 73.33333333333333, "percent_covered_display": "73", "missing_lines": 4, "excluded_lines": 0, "percent_statements_covered": 73.33333333333333, "percent_statements_covered_display": "73"}, "missing_lines": [51, 52, 53, 55], "excluded_lines": []}}}, "errors.py": {"executed_lines": [1, 7, 8, 9, 10, 11, 14, 15, 17, 18, 22, 28, 29, 33, 39, 40, 44, 50, 63, 66, 76, 84], "summary": {"covered_lines": 18, "num_statements": 26, "percent_covered": 69.23076923076923, "percent_covered_display": "69", "missing_lines": 8, "excluded_lines": 0, "percent_statements_covered": 69.23076923076923, "percent_statements_covered_display": "69"}, "missing_lines": [23, 34, 45, 67, 97, 98, 99, 105], "excluded_lines": [], "functions": {"UserNotFoundException.__init__": {"executed_lines": [], "summary": {"covered_lines": 0, "num_statements": 1, "percent_covered": 0.0, "percent_covered_display": "0", "missing_lines": 1, "excluded_lines": 0, "percent_statements_covered": 0.0, "percent_statements_covered_display": "0"}, "missing_lines": [23], "excluded_lines": []}, "DuplicateUserException.__init__": {"executed_lines": [], "summary": {"covered_lines": 0, "num_statements": 1, "percent_covered": 0.0, "percent_covered_display": "0", "missing_lines": 1, "excluded_lines": 0, "percent_statements_covered": 0.0, "percent_statements_covered_display": "0"}, "missing_lines": [34], "excluded_lines": []}, "UnauthorizedException.__init__": {"executed_lines": [], "summary": {"covered_lines": 0, "num_statements": 1, "percent_covered": 0.0, "percent_covered_display": "0", "missing_lines": 1, "excluded_lines": 0, "percent_statements_covered": 0.0, "percent_statements_covered_display": "0"}, "missing_lines": [45], "excluded_lines": []}, "database_exception_handler": {"executed_lines": [63, 66, 76], "summary": {"covered_lines": 3, "num_statements": 4, "percent_covered": 75.0, "percent_covered_display": "75", "missing_lines": 1, "excluded_lines": 0, "percent_statements_covered": 75.0, "percent_statements_covered_display": "75"}, "missing_lines": [67], "excluded_lines": []}, "validation_exception_handler": {"executed_lines": [], "summary": {"covered_lines": 0, "num_statements": 4, "percent_covered": 0.0, "percent_covered_display": "0", "missing_lines": 4, "excluded_lines": 0, "percent_statements_covered": 0.0, "percent_statements_covered_display": "0"}, "missing_lines": [97, 98, 99, 105], "excluded_lines": []}, "": {"executed_lines": [1, 7, 8, 9, 10, 11, 14, 15, 17, 18, 22, 28, 29, 33, 39, 40, 44, 50, 84], "summary": {"covered_lines": 15, "num_statements": 15, "percent_covered": 100.0, "percent_covered_display": "100", "missing_lines": 0, "excluded_lines": 0, "percent_statements_covered": 100.0, "percent_statements_covered_display": "100"}, "missing_lines": [], "excluded_lines": []}}, "classes": {"UserNotFoundException": {"executed_lines": [], "summary": {"covered_lines": 0, "num_statements": 1, "percent_covered": 0.0, "percent_covered_display": "0", "missing_lines": 1, "excluded_lines": 0, "percent_statements_covered": 0.0, "percent_statements_covered_display": "0"}, "missing_lines": [23], "excluded_lines": []}, "DuplicateUserException": {"executed_lines": [], "summary": {"covered_lines": 0, "num_statements": 1, "percent_covered": 0.0, "percent_covered_display": "0", "missing_lines": 1, "excluded_lines": 0, "percent_statements_covered": 0.0, "percent_statements_covered_display": "0"}, "missing_lines": [34], "excluded_lines": []}, "UnauthorizedException": {"executed_lines": [], "summary": {"covered_lines": 0, "num_statements": 1, "percent_covered": 0.0, "percent_covered_display": "0", "missing_lines": 1, "excluded_lines": 0, "percent_statements_covered": 0.0, "percent_statements_covered_display": "0"}, "missing_lines": [45], "excluded_lines": []}, "": {"executed_lines": [1, 7, 8, 9, 10, 11, 14, 15, 17, 18, 22, 28, 29, 33, 39, 40, 44, 50, 63, 66, 76, 84], "summary": {"covered_lines": 18, "num_statements": 23, "percent_covered": 78.26086956521739, "percent_covered_display": "78", "missing_lines": 5, "excluded_lines": 0, "percent_statements_covered": 78.26086956521739, "percent_statements_covered_display": "78"}, "missing_lines": [67, 97, 98, 99, 105], "excluded_lines": []}}}, "main.py": {"executed_lines": [1, 14, 15, 16, 17, 19, 20, 23, 33, 42, 43, 46, 48, 53, 57, 63, 68, 73, 79], "summary": {"covered_lines": 18, "num_statements": 20, "percent_covered": 90.0, "percent_covered_display": "90", "missing_lines": 2, "excluded_lines": 0, "percent_statements_covered": 90.0, "percent_statements_covered_display": "90"}, "missing_lines": [80, 83], "excluded_lines": [], "functions": {"root": {"executed_lines": [57], "summary": {"covered_lines": 1, "num_statements": 1, "percent_covered": 100.0, "percent_covered_display": "100", "missing_lines": 0, "excluded_lines": 0, "percent_statements_covered": 100.0, "percent_statements_covered_display": "100"}, "missing_lines": [], "excluded_lines": []}, "health_check": {"executed_lines": [73], "summary": {"covered_lines": 1, "num_statements": 1, "percent_covered": 100.0, "percent_covered_display": "100", "missing_lines": 0, "excluded_lines": 0, "percent_statements_covered": 100.0, "percent_statements_covered_display": "100"}, "missing_lines": [], "excluded_lines": []}, "": {"executed_lines": [1, 14, 15, 16, 17, 19, 20, 23, 33, 42, 43, 46, 48, 53, 63, 68, 79], "summary": {"covered_lines": 16, "num_statements": 18, "percent_covered": 88.88888888888889, "percent_covered_display": "89", "missing_lines": 2, "excluded_lines": 0, "percent_statements_covered": 88.88888888888889, "percent_statements_covered_display": "89"}, "missing_lines": [80, 83], "excluded_lines": []}}, "classes": {"": {"executed_lines": [1, 14, 15, 16, 17, 19, 20, 23, 33, 42, 43, 46, 48, 53, 57, 63, 68, 73, 79], "summary": {"covered_lines": 18, "num_statements": 20, "percent_covered": 90.0, "percent_covered_display": "90", "missing_lines": 2, "excluded_lines": 0, "percent_statements_covered": 90.0, "percent_statements_covered_display": "90"}, "missing_lines": [80, 83], "excluded_lines": []}}}, "models.py": {"executed_lines": [1, 7, 8, 9, 11, 12, 30, 33, 36, 42, 48, 56, 62, 69, 75, 79, 83, 88], "summary": {"covered_lines": 16, "num_statements": 17, "percent_covered": 94.11764705882354, "percent_covered_display": "94", "missing_lines": 1, "excluded_lines": 0, "percent_statements_covered": 94.11764705882354, "percent_statements_covered_display": "94"}, "missing_lines": [90], "excluded_lines": [], "functions": {"User.__repr__": {"executed_lines": [], "summary": {"covered_lines": 0, "num_statements": 1, "percent_covered": 0.0, "percent_covered_display": "0", "missing_lines": 1, "excluded_lines": 0, "percent_statements_covered": 0.0, "percent_statements_covered_display": "0"}, "missing_lines": [90], "excluded_lines": []}, "": {"executed_lines": [1, 7, 8, 9, 11, 12, 30, 33, 36, 42, 48, 56, 62, 69, 75, 79, 83, 88], "summary": {"covered_lines": 16, "num_statements": 16, "percent_covered": 100.0, "percent_covered_display": "100", "missing_lines": 0, "excluded_lines": 0, "percent_statements_covered": 100.0, "percent_statements_covered_display": "100"}, "missing_lines": [], "excluded_lines": []}}, "classes": {"User": {"executed_lines": [], "summary": {"covered_lines": 0, "num_statements": 1, "percent_covered": 0.0, "percent_covered_display": "0", "missing_lines": 1, "excluded_lines": 0, "percent_statements_covered": 0.0, "percent_statements_covered_display": "0"}, "missing_lines": [90], "excluded_lines": []}, "": {"executed_lines": [1, 7, 8, 9, 11, 12, 30, 33, 36, 42, 48, 56, 62, 69, 75, 79, 83, 88], "summary": {"covered_lines": 16, "num_statements": 16, "percent_covered": 100.0, "percent_covered_display": "100", "missing_lines": 0, "excluded_lines": 0, "percent_statements_covered": 100.0, "percent_statements_covered_display": "100"}, "missing_lines": [], "excluded_lines": []}}}, "profiling_users.py": {"executed_lines": [], "summary": {"covered_lines": 0, "num_statements": 165, "percent_covered": 0.0, "percent_covered_display": "0", "missing_lines": 165, "excluded_lines": 0, "percent_statements_covered": 0.0, "percent_statements_covered_display": "0"}, "missing_lines": [9, 10, 11, 12, 13, 14, 15, 16, 19, 21, 22, 25, 27, 29, 30, 31, 39, 40, 41, 42, 43, 44, 46, 48, 49, 50, 53, 54, 59, 61, 69, 70, 71, 72, 73, 74, 76, 77, 78, 79, 82, 83, 84, 85, 86, 92, 93, 95, 96, 97, 98, 99, 100, 101, 103, 104, 105, 106, 107, 109, 111, 113, 114, 115, 117, 124, 125, 126, 127, 128, 130, 131, 132, 133, 134, 135, 136, 137, 139, 145, 146, 147, 149, 150, 151, 152, 154, 155, 156, 157, 158, 160, 161, 162, 163, 164, 165, 168, 171, 172, 174, 176, 177, 178, 179, 180, 182, 183, 185, 187, 189, 190, 191, 193, 201, 202, 203, 205, 208, 209, 210, 211, 212, 213, 215, 216, 217, 218, 219, 220, 221, 222, 224, 225, 226, 227, 228, 229, 231, 232, 233, 235, 237, 239, 241, 242, 243, 244, 245, 247, 249, 250, 253, 255, 256, 257, 258, 260, 261, 262, 263, 264, 265, 267, 268], "excluded_lines": [], "functions": {"run_command": {"executed_lines": [], "summary": {"covered_lines": 0, "num_statements": 9, "percent_covered": 0.0, "percent_covered_display": "0", "missing_lines": 9, "excluded_lines": 0, "percent_statements_covered": 0.0, "percent_statements_covered_display": "0"}, "missing_lines": [29, 30, 31, 39, 40, 41, 42, 43, 44], "excluded_lines": []}, "analyze_coverage": {"executed_lines": [], "summary": {"covered_lines": 0, "num_statements": 37, "percent_covered": 0.0, "percent_covered_display": "0", "missing_lines": 37, "excluded_lines": 0, "percent_statements_covered": 0.0, "percent_statements_covered_display": "0"}, "missing_lines": [48, 49, 50, 53, 54, 59, 61, 69, 70, 71, 72, 73, 74, 76, 77, 78, 79, 82, 83, 84, 85, 86, 92, 93, 95, 96, 97, 98, 99, 100, 101, 103, 104, 105, 106, 107, 109], "excluded_lines": []}, "analyze_performance": {"executed_lines": [], "summary": {"covered_lines": 0, "num_statements": 48, "percent_covered": 0.0, "percent_covered_display": "0", "missing_lines": 48, "excluded_lines": 0, "percent_statements_covered": 0.0, "percent_statements_covered_display": "0"}, "missing_lines": [113, 114, 115, 117, 124, 125, 126, 127, 128, 130, 131, 132, 133, 134, 135, 136, 137, 139, 145, 146, 147, 149, 150, 151, 152, 154, 155, 156, 157, 158, 160, 161, 162, 163, 164, 165, 168, 171, 172, 174, 176, 177, 178, 179, 180, 182, 183, 185], "excluded_lines": []}, "generate_report": {"executed_lines": [], "summary": {"covered_lines": 0, "num_statements": 33, "percent_covered": 0.0, "percent_covered_display": "0", "missing_lines": 33, "excluded_lines": 0, "percent_statements_covered": 0.0, "percent_statements_covered_display": "0"}, "missing_lines": [189, 190, 191, 193, 201, 202, 203, 205, 208, 209, 210, 211, 212, 213, 215, 216, 217, 218, 219, 220, 221, 222, 224, 225, 226, 227, 228, 229, 231, 232, 233, 235, 237], "excluded_lines": []}, "main": {"executed_lines": [], "summary": {"covered_lines": 0, "num_statements": 19, "percent_covered": 0.0, "percent_covered_display": "0", "missing_lines": 19, "excluded_lines": 0, "percent_statements_covered": 0.0, "percent_statements_covered_display": "0"}, "missing_lines": [241, 242, 243, 244, 245, 247, 249, 250, 253, 255, 256, 257, 258, 260, 261, 262, 263, 264, 265], "excluded_lines": []}, "": {"executed_lines": [], "summary": {"covered_lines": 0, "num_statements": 19, "percent_covered": 0.0, "percent_covered_display": "0", "missing_lines": 19, "excluded_lines": 0, "percent_statements_covered": 0.0, "percent_statements_covered_display": "0"}, "missing_lines": [9, 10, 11, 12, 13, 14, 15, 16, 19, 21, 22, 25, 27, 46, 111, 187, 239, 267, 268], "excluded_lines": []}}, "classes": {"": {"executed_lines": [], "summary": {"covered_lines": 0, "num_statements": 165, "percent_covered": 0.0, "percent_covered_display": "0", "missing_lines": 165, "excluded_lines": 0, "percent_statements_covered": 0.0, "percent_statements_covered_display": "0"}, "missing_lines": [9, 10, 11, 12, 13, 14, 15, 16, 19, 21, 22, 25, 27, 29, 30, 31, 39, 40, 41, 42, 43, 44, 46, 48, 49, 50, 53, 54, 59, 61, 69, 70, 71, 72, 73, 74, 76, 77, 78, 79, 82, 83, 84, 85, 86, 92, 93, 95, 96, 97, 98, 99, 100, 101, 103, 104, 105, 106, 107, 109, 111, 113, 114, 115, 117, 124, 125, 126, 127, 128, 130, 131, 132, 133, 134, 135, 136, 137, 139, 145, 146, 147, 149, 150, 151, 152, 154, 155, 156, 157, 158, 160, 161, 162, 163, 164, 165, 168, 171, 172, 174, 176, 177, 178, 179, 180, 182, 183, 185, 187, 189, 190, 191, 193, 201, 202, 203, 205, 208, 209, 210, 211, 212, 213, 215, 216, 217, 218, 219, 220, 221, 222, 224, 225, 226, 227, 228, 229, 231, 232, 233, 235, 237, 239, 241, 242, 243, 244, 245, 247, 249, 250, 253, 255, 256, 257, 258, 260, 261, 262, 263, 264, 265, 267, 268], "excluded_lines": []}}}, "profiling_users_enhanced.py": {"executed_lines": [], "summary": {"covered_lines": 0, "num_statements": 51, "percent_covered": 0.0, "percent_covered_display": "0", "missing_lines": 51, "excluded_lines": 0, "percent_statements_covered": 0.0, "percent_statements_covered_display": "0"}, "missing_lines": [7, 8, 9, 10, 11, 12, 13, 15, 16, 17, 19, 21, 22, 24, 26, 27, 28, 30, 31, 33, 34, 36, 39, 40, 42, 43, 44, 46, 47, 48, 50, 51, 52, 53, 54, 56, 57, 60, 61, 63, 64, 65, 67, 82, 83, 86, 87, 88, 90, 91, 92], "excluded_lines": [], "functions": {"get_memory_usage": {"executed_lines": [], "summary": {"covered_lines": 0, "num_statements": 2, "percent_covered": 0.0, "percent_covered_display": "0", "missing_lines": 2, "excluded_lines": 0, "percent_statements_covered": 0.0, "percent_statements_covered_display": "0"}, "missing_lines": [21, 22], "excluded_lines": []}, "run_pytest_with_memory": {"executed_lines": [], "summary": {"covered_lines": 0, "num_statements": 29, "percent_covered": 0.0, "percent_covered_display": "0", "missing_lines": 29, "excluded_lines": 0, "percent_statements_covered": 0.0, "percent_statements_covered_display": "0"}, "missing_lines": [26, 27, 28, 30, 31, 33, 34, 36, 39, 40, 42, 43, 44, 46, 47, 48, 50, 51, 52, 53, 54, 56, 57, 60, 61, 63, 64, 65, 67], "excluded_lines": []}, "": {"executed_lines": [], "summary": {"covered_lines": 0, "num_statements": 20, "percent_covered": 0.0, "percent_covered_display": "0", "missing_lines": 20, "excluded_lines": 0, "percent_statements_covered": 0.0, "percent_statements_covered_display": "0"}, "missing_lines": [7, 8, 9, 10, 11, 12, 13, 15, 16, 17, 19, 24, 82, 83, 86, 87, 88, 90, 91, 92], "excluded_lines": []}}, "classes": {"": {"executed_lines": [], "summary": {"covered_lines": 0, "num_statements": 51, "percent_covered": 0.0, "percent_covered_display": "0", "missing_lines": 51, "excluded_lines": 0, "percent_statements_covered": 0.0, "percent_statements_covered_display": "0"}, "missing_lines": [7, 8, 9, 10, 11, 12, 13, 15, 16, 17, 19, 21, 22, 24, 26, 27, 28, 30, 31, 33, 34, 36, 39, 40, 42, 43, 44, 46, 47, 48, 50, 51, 52, 53, 54, 56, 57, 60, 61, 63, 64, 65, 67, 82, 83, 86, 87, 88, 90, 91, 92], "excluded_lines": []}}}, "routes\\__init__.py": {"executed_lines": [1, 12, 13, 14, 15, 16, 19, 25, 26, 27, 28], "summary": {"covered_lines": 10, "num_statements": 10, "percent_covered": 100.0, "percent_covered_display": "100", "missing_lines": 0, "excluded_lines": 0, "percent_statements_covered": 100.0, "percent_statements_covered_display": "100"}, "missing_lines": [], "excluded_lines": [], "functions": {"": {"executed_lines": [1, 12, 13, 14, 15, 16, 19, 25, 26, 27, 28], "summary": {"covered_lines": 10, "num_statements": 10, "percent_covered": 100.0, "percent_covered_display": "100", "missing_lines": 0, "excluded_lines": 0, "percent_statements_covered": 100.0, "percent_statements_covered_display": "100"}, "missing_lines": [], "excluded_lines": []}}, "classes": {"": {"executed_lines": [1, 12, 13, 14, 15, 16, 19, 25, 26, 27, 28], "summary": {"covered_lines": 10, "num_statements": 10, "percent_covered": 100.0, "percent_covered_display": "100", "missing_lines": 0, "excluded_lines": 0, "percent_statements_covered": 100.0, "percent_statements_covered_display": "100"}, "missing_lines": [], "excluded_lines": []}}}, "routes\\admin.py": {"executed_lines": [1, 7, 8, 9, 10, 11, 12, 14, 19, 20], "summary": {"covered_lines": 9, "num_statements": 11, "percent_covered": 81.81818181818181, "percent_covered_display": "82", "missing_lines": 2, "excluded_lines": 0, "percent_statements_covered": 81.81818181818181, "percent_statements_covered_display": "82"}, "missing_lines": [87, 88], "excluded_lines": [], "functions": {"get_all_users": {"executed_lines": [], "summary": {"covered_lines": 0, "num_statements": 2, "percent_covered": 0.0, "percent_covered_display": "0", "missing_lines": 2, "excluded_lines": 0, "percent_statements_covered": 0.0, "percent_statements_covered_display": "0"}, "missing_lines": [87, 88], "excluded_lines": []}, "": {"executed_lines": [1, 7, 8, 9, 10, 11, 12, 14, 19, 20], "summary": {"covered_lines": 9, "num_statements": 9, "percent_covered": 100.0, "percent_covered_display": "100", "missing_lines": 0, "excluded_lines": 0, "percent_statements_covered": 100.0, "percent_statements_covered_display": "100"}, "missing_lines": [], "excluded_lines": []}}, "classes": {"": {"executed_lines": [1, 7, 8, 9, 10, 11, 12, 14, 19, 20], "summary": {"covered_lines": 9, "num_statements": 11, "percent_covered": 81.81818181818181, "percent_covered_display": "82", "missing_lines": 2, "excluded_lines": 0, "percent_statements_covered": 81.81818181818181, "percent_statements_covered_display": "82"}, "missing_lines": [87, 88], "excluded_lines": []}}}, "routes\\auth_login.py": {"executed_lines": [1, 7, 8, 9, 10, 11, 12, 13, 15, 20, 21, 76], "summary": {"covered_lines": 11, "num_statements": 19, "percent_covered": 57.89473684210526, "percent_covered_display": "58", "missing_lines": 8, "excluded_lines": 0, "percent_statements_covered": 57.89473684210526, "percent_statements_covered_display": "58"}, "missing_lines": [82, 83, 89, 90, 93, 94, 98, 106], "excluded_lines": [], "functions": {"login_user": {"executed_lines": [76], "summary": {"covered_lines": 1, "num_statements": 9, "percent_covered": 11.11111111111111, "percent_covered_display": "11", "missing_lines": 8, "excluded_lines": 0, "percent_statements_covered": 11.11111111111111, "percent_statements_covered_display": "11"}, "missing_lines": [82, 83, 89, 90, 93, 94, 98, 106], "excluded_lines": []}, "": {"executed_lines": [1, 7, 8, 9, 10, 11, 12, 13, 15, 20, 21], "summary": {"covered_lines": 10, "num_statements": 10, "percent_covered": 100.0, "percent_covered_display": "100", "missing_lines": 0, "excluded_lines": 0, "percent_statements_covered": 100.0, "percent_statements_covered_display": "100"}, "missing_lines": [], "excluded_lines": []}}, "classes": {"": {"executed_lines": [1, 7, 8, 9, 10, 11, 12, 13, 15, 20, 21, 76], "summary": {"covered_lines": 11, "num_statements": 19, "percent_covered": 57.89473684210526, "percent_covered_display": "58", "missing_lines": 8, "excluded_lines": 0, "percent_statements_covered": 57.89473684210526, "percent_statements_covered_display": "58"}, "missing_lines": [82, 83, 89, 90, 93, 94, 98, 106], "excluded_lines": []}}}, "routes\\profile.py": {"executed_lines": [1, 7, 8, 9, 10, 11, 12, 13, 15, 20, 21, 91, 92, 174, 175], "summary": {"covered_lines": 14, "num_statements": 43, "percent_covered": 32.55813953488372, "percent_covered_display": "33", "missing_lines": 29, "excluded_lines": 0, "percent_statements_covered": 32.55813953488372, "percent_statements_covered_display": "33"}, "missing_lines": [77, 78, 81, 82, 83, 85, 141, 142, 145, 146, 147, 150, 152, 156, 157, 158, 161, 162, 165, 166, 168, 222, 223, 226, 227, 228, 232, 233, 235], "excluded_lines": [], "functions": {"get_user_profile": {"executed_lines": [], "summary": {"covered_lines": 0, "num_statements": 6, "percent_covered": 0.0, "percent_covered_display": "0", "missing_lines": 6, "excluded_lines": 0, "percent_statements_covered": 0.0, "percent_statements_covered_display": "0"}, "missing_lines": [77, 78, 81, 82, 83, 85], "excluded_lines": []}, "update_user_profile": {"executed_lines": [], "summary": {"covered_lines": 0, "num_statements": 15, "percent_covered": 0.0, "percent_covered_display": "0", "missing_lines": 15, "excluded_lines": 0, "percent_statements_covered": 0.0, "percent_statements_covered_display": "0"}, "missing_lines": [141, 142, 145, 146, 147, 150, 152, 156, 157, 158, 161, 162, 165, 166, 168], "excluded_lines": []}, "delete_user_account": {"executed_lines": [], "summary": {"covered_lines": 0, "num_statements": 8, "percent_covered": 0.0, "percent_covered_display": "0", "missing_lines": 8, "excluded_lines": 0, "percent_statements_covered": 0.0, "percent_statements_covered_display": "0"}, "missing_lines": [222, 223, 226, 227, 228, 232, 233, 235], "excluded_lines": []}, "": {"executed_lines": [1, 7, 8, 9, 10, 11, 12, 13, 15, 20, 21, 91, 92, 174, 175], "summary": {"covered_lines": 14, "num_statements": 14, "percent_covered": 100.0, "percent_covered_display": "100", "missing_lines": 0, "excluded_lines": 0, "percent_statements_covered": 100.0, "percent_statements_covered_display": "100"}, "missing_lines": [], "excluded_lines": []}}, "classes": {"": {"executed_lines": [1, 7, 8, 9, 10, 11, 12, 13, 15, 20, 21, 91, 92, 174, 175], "summary": {"covered_lines": 14, "num_statements": 43, "percent_covered": 32.55813953488372, "percent_covered_display": "33", "missing_lines": 29, "excluded_lines": 0, "percent_statements_covered": 32.55813953488372, "percent_statements_covered_display": "33"}, "missing_lines": [77, 78, 81, 82, 83, 85, 141, 142, 145, 146, 147, 150, 152, 156, 157, 158, 161, 162, 165, 166, 168, 222, 223, 226, 227, 228, 232, 233, 235], "excluded_lines": []}}}, "routes\\registration.py": {"executed_lines": [1, 7, 8, 9, 10, 11, 12, 13, 17, 22, 23, 69], "summary": {"covered_lines": 11, "num_statements": 20, "percent_covered": 55.0, "percent_covered_display": "55", "missing_lines": 9, "excluded_lines": 0, "percent_statements_covered": 55.0, "percent_statements_covered_display": "55"}, "missing_lines": [73, 75, 76, 81, 88, 97, 98, 99, 101], "excluded_lines": [], "functions": {"register_user": {"executed_lines": [69], "summary": {"covered_lines": 1, "num_statements": 10, "percent_covered": 10.0, "percent_covered_display": "10", "missing_lines": 9, "excluded_lines": 0, "percent_statements_covered": 10.0, "percent_statements_covered_display": "10"}, "missing_lines": [73, 75, 76, 81, 88, 97, 98, 99, 101], "excluded_lines": []}, "": {"executed_lines": [1, 7, 8, 9, 10, 11, 12, 13, 17, 22, 23], "summary": {"covered_lines": 10, "num_statements": 10, "percent_covered": 100.0, "percent_covered_display": "100", "missing_lines": 0, "excluded_lines": 0, "percent_statements_covered": 100.0, "percent_statements_covered_display": "100"}, "missing_lines": [], "excluded_lines": []}}, "classes": {"": {"executed_lines": [1, 7, 8, 9, 10, 11, 12, 13, 17, 22, 23, 69], "summary": {"covered_lines": 11, "num_statements": 20, "percent_covered": 55.0, "percent_covered_display": "55", "missing_lines": 9, "excluded_lines": 0, "percent_statements_covered": 55.0, "percent_statements_covered_display": "55"}, "missing_lines": [73, 75, 76, 81, 88, 97, 98, 99, 101], "excluded_lines": []}}}, "schemas.py": {"executed_lines": [1, 7, 8, 9, 11, 12, 16, 22, 27, 31, 37, 42, 43, 44, 49, 50, 51, 53, 55, 57, 58, 59, 60, 62, 63, 67, 68, 69, 70, 71, 72, 73, 74, 76, 78, 80, 81, 82, 83, 85, 86, 87, 88, 89, 90, 91], "summary": {"covered_lines": 32, "num_statements": 34, "percent_covered": 94.11764705882354, "percent_covered_display": "94", "missing_lines": 2, "excluded_lines": 0, "percent_statements_covered": 94.11764705882354, "percent_statements_covered_display": "94"}, "missing_lines": [52, 54], "excluded_lines": [], "functions": {"UserCreate.validate_password_strength": {"executed_lines": [49, 50, 51, 53, 55], "summary": {"covered_lines": 5, "num_statements": 7, "percent_covered": 71.42857142857143, "percent_covered_display": "71", "missing_lines": 2, "excluded_lines": 0, "percent_statements_covered": 71.42857142857143, "percent_statements_covered_display": "71"}, "missing_lines": [52, 54], "excluded_lines": []}, "": {"executed_lines": [1, 7, 8, 9, 11, 12, 16, 22, 27, 31, 37, 42, 43, 44, 57, 58, 59, 60, 62, 63, 67, 68, 69, 70, 71, 72, 73, 74, 76, 78, 80, 81, 82, 83, 85, 86, 87, 88, 89, 90, 91], "summary": {"covered_lines": 27, "num_statements": 27, "percent_covered": 100.0, "percent_covered_display": "100", "missing_lines": 0, "excluded_lines": 0, "percent_statements_covered": 100.0, "percent_statements_covered_display": "100"}, "missing_lines": [], "excluded_lines": []}}, "classes": {"UserCreate": {"executed_lines": [49, 50, 51, 53, 55], "summary": {"covered_lines": 5, "num_statements": 7, "percent_covered": 71.42857142857143, "percent_covered_display": "71", "missing_lines": 2, "excluded_lines": 0, "percent_statements_covered": 71.42857142857143, "percent_statements_covered_display": "71"}, "missing_lines": [52, 54], "excluded_lines": []}, "UserLogin": {"executed_lines": [], "summary": {"covered_lines": 0, "num_statements": 0, "percent_covered": 100.0, "percent_covered_display": "100", "missing_lines": 0, "excluded_lines": 0, "percent_statements_covered": 100.0, "percent_statements_covered_display": "100"}, "missing_lines": [], "excluded_lines": []}, "UserResponse": {"executed_lines": [], "summary": {"covered_lines": 0, "num_statements": 0, "percent_covered": 100.0, "percent_covered_display": "100", "missing_lines": 0, "excluded_lines": 0, "percent_statements_covered": 100.0, "percent_statements_covered_display": "100"}, "missing_lines": [], "excluded_lines": []}, "UserResponse.Config": {"executed_lines": [], "summary": {"covered_lines": 0, "num_statements": 0, "percent_covered": 100.0, "percent_covered_display": "100", "missing_lines": 0, "excluded_lines": 0, "percent_statements_covered": 100.0, "percent_statements_covered_display": "100"}, "missing_lines": [], "excluded_lines": []}, "UserUpdate": {"executed_lines": [], "summary": {"covered_lines": 0, "num_statements": 0, "percent_covered": 100.0, "percent_covered_display": "100", "missing_lines": 0, "excluded_lines": 0, "percent_statements_covered": 100.0, "percent_statements_covered_display": "100"}, "missing_lines": [], "excluded_lines": []}, "Token": {"executed_lines": [], "summary": {"covered_lines": 0, "num_statements": 0, "percent_covered": 100.0, "percent_covered_display": "100", "missing_lines": 0, "excluded_lines": 0, "percent_statements_covered": 100.0, "percent_statements_covered_display": "100"}, "missing_lines": [], "excluded_lines": []}, "": {"executed_lines": [1, 7, 8, 9, 11, 12, 16, 22, 27, 31, 37, 42, 43, 44, 57, 58, 59, 60, 62, 63, 67, 68, 69, 70, 71, 72, 73, 74, 76, 78, 80, 81, 82, 83, 85, 86, 87, 88, 89, 90, 91], "summary": {"covered_lines": 27, "num_statements": 27, "percent_covered": 100.0, "percent_covered_display": "100", "missing_lines": 0, "excluded_lines": 0, "percent_statements_covered": 100.0, "percent_statements_covered_display": "100"}, "missing_lines": [], "excluded_lines": []}}}, "services.py": {"executed_lines": [], "summary": {"covered_lines": 0, "num_statements": 81, "percent_covered": 0.0, "percent_covered_display": "0", "missing_lines": 81, "excluded_lines": 0, "percent_statements_covered": 0.0, "percent_statements_covered_display": "0"}, "missing_lines": [12, 13, 14, 15, 17, 18, 19, 20, 21, 23, 29, 30, 54, 55, 56, 59, 60, 61, 64, 65, 66, 67, 70, 73, 74, 77, 80, 81, 84, 87, 96, 97, 98, 100, 102, 103, 126, 131, 132, 135, 136, 139, 140, 143, 144, 146, 148, 149, 163, 165, 169, 170, 172, 174, 175, 185, 187, 188, 216, 219, 221, 226, 227, 229, 232, 233, 237, 238, 240, 242, 243, 254, 257, 258, 260, 261, 277, 278, 281, 282, 285], "excluded_lines": [], "functions": {"UserService.create_user": {"executed_lines": [], "summary": {"covered_lines": 0, "num_statements": 22, "percent_covered": 0.0, "percent_covered_display": "0", "missing_lines": 22, "excluded_lines": 0, "percent_statements_covered": 0.0, "percent_statements_covered_display": "0"}, "missing_lines": [54, 55, 56, 59, 60, 61, 64, 65, 66, 67, 70, 73, 74, 77, 80, 81, 84, 87, 96, 97, 98, 100], "excluded_lines": []}, "UserService.authenticate_user": {"executed_lines": [], "summary": {"covered_lines": 0, "num_statements": 10, "percent_covered": 0.0, "percent_covered_display": "0", "missing_lines": 10, "excluded_lines": 0, "percent_statements_covered": 0.0, "percent_statements_covered_display": "0"}, "missing_lines": [126, 131, 132, 135, 136, 139, 140, 143, 144, 146], "excluded_lines": []}, "UserService.get_user_by_username": {"executed_lines": [], "summary": {"covered_lines": 0, "num_statements": 5, "percent_covered": 0.0, "percent_covered_display": "0", "missing_lines": 5, "excluded_lines": 0, "percent_statements_covered": 0.0, "percent_statements_covered_display": "0"}, "missing_lines": [163, 165, 169, 170, 172], "excluded_lines": []}, "UserService.get_all_users": {"executed_lines": [], "summary": {"covered_lines": 0, "num_statements": 1, "percent_covered": 0.0, "percent_covered_display": "0", "missing_lines": 1, "excluded_lines": 0, "percent_statements_covered": 0.0, "percent_statements_covered_display": "0"}, "missing_lines": [185], "excluded_lines": []}, "UserService.update_user": {"executed_lines": [], "summary": {"covered_lines": 0, "num_statements": 11, "percent_covered": 0.0, "percent_covered_display": "0", "missing_lines": 11, "excluded_lines": 0, "percent_statements_covered": 0.0, "percent_statements_covered_display": "0"}, "missing_lines": [216, 219, 221, 226, 227, 229, 232, 233, 237, 238, 240], "excluded_lines": []}, "UserService.delete_user": {"executed_lines": [], "summary": {"covered_lines": 0, "num_statements": 3, "percent_covered": 0.0, "percent_covered_display": "0", "missing_lines": 3, "excluded_lines": 0, "percent_statements_covered": 0.0, "percent_statements_covered_display": "0"}, "missing_lines": [254, 257, 258], "excluded_lines": []}, "UserService.check_authorization": {"executed_lines": [], "summary": {"covered_lines": 0, "num_statements": 5, "percent_covered": 0.0, "percent_covered_display": "0", "missing_lines": 5, "excluded_lines": 0, "percent_statements_covered": 0.0, "percent_statements_covered_display": "0"}, "missing_lines": [277, 278, 281, 282, 285], "excluded_lines": []}, "": {"executed_lines": [], "summary": {"covered_lines": 0, "num_statements": 24, "percent_covered": 0.0, "percent_covered_display": "0", "missing_lines": 24, "excluded_lines": 0, "percent_statements_covered": 0.0, "percent_statements_covered_display": "0"}, "missing_lines": [12, 13, 14, 15, 17, 18, 19, 20, 21, 23, 29, 30, 102, 103, 148, 149, 174, 175, 187, 188, 242, 243, 260, 261], "excluded_lines": []}}, "classes": {"UserService": {"executed_lines": [], "summary": {"covered_lines": 0, "num_statements": 57, "percent_covered": 0.0, "percent_covered_display": "0", "missing_lines": 57, "excluded_lines": 0, "percent_statements_covered": 0.0, "percent_statements_covered_display": "0"}, "missing_lines": [54, 55, 56, 59, 60, 61, 64, 65, 66, 67, 70, 73, 74, 77, 80, 81, 84, 87, 96, 97, 98, 100, 126, 131, 132, 135, 136, 139, 140, 143, 144, 146, 163, 165, 169, 170, 172, 185, 216, 219, 221, 226, 227, 229, 232, 233, 237, 238, 240, 254, 257, 258, 277, 278, 281, 282, 285], "excluded_lines": []}, "": {"executed_lines": [], "summary": {"covered_lines": 0, "num_statements": 24, "percent_covered": 0.0, "percent_covered_display": "0", "missing_lines": 24, "excluded_lines": 0, "percent_statements_covered": 0.0, "percent_statements_covered_display": "0"}, "missing_lines": [12, 13, 14, 15, 17, 18, 19, 20, 21, 23, 29, 30, 102, 103, 148, 149, 174, 175, 187, 188, 242, 243, 260, 261], "excluded_lines": []}}}, "tests\\conftest.py": {"executed_lines": [1, 2, 3, 4, 5, 6, 9, 11, 12, 13, 16, 19, 25, 26, 28, 31, 33, 34, 35, 37, 39, 40, 41, 43, 44, 46, 47, 48, 50, 52, 54, 55, 57, 59, 60, 62, 70, 71, 73, 81, 82, 85, 86, 110, 111, 114, 115, 139, 140, 145, 146, 151, 152, 159, 160, 169, 170, 180, 181, 191, 192], "summary": {"covered_lines": 61, "num_statements": 92, "percent_covered": 66.30434782608695, "percent_covered_display": "66", "missing_lines": 31, "excluded_lines": 0, "percent_statements_covered": 66.30434782608695, "percent_statements_covered_display": "66"}, "missing_lines": [87, 90, 97, 98, 101, 102, 103, 104, 105, 106, 108, 116, 119, 126, 127, 130, 131, 132, 133, 134, 135, 137, 142, 143, 148, 149, 154, 162, 172, 183, 194], "excluded_lines": [], "functions": {"test_db": {"executed_lines": [28, 31, 33, 34, 35, 37, 39, 40, 41], "summary": {"covered_lines": 9, "num_statements": 9, "percent_covered": 100.0, "percent_covered_display": "100", "missing_lines": 0, "excluded_lines": 0, "percent_statements_covered": 100.0, "percent_statements_covered_display": "100"}, "missing_lines": [], "excluded_lines": []}, "client": {"executed_lines": [46, 52, 54, 55, 57], "summary": {"covered_lines": 5, "num_statements": 5, "percent_covered": 100.0, "percent_covered_display": "100", "missing_lines": 0, "excluded_lines": 0, "percent_statements_covered": 100.0, "percent_statements_covered_display": "100"}, "missing_lines": [], "excluded_lines": []}, "client.override_get_db": {"executed_lines": [47, 48, 50], "summary": {"covered_lines": 3, "num_statements": 3, "percent_covered": 100.0, "percent_covered_display": "100", "missing_lines": 0, "excluded_lines": 0, "percent_statements_covered": 100.0, "percent_statements_covered_display": "100"}, "missing_lines": [], "excluded_lines": []}, "sample_user_data": {"executed_lines": [62], "summary": {"covered_lines": 1, "num_statements": 1, "percent_covered": 100.0, "percent_covered_display": "100", "missing_lines": 0, "excluded_lines": 0, "percent_statements_covered": 100.0, "percent_statements_covered_display": "100"}, "missing_lines": [], "excluded_lines": []}, "sample_admin_data": {"executed_lines": [73], "summary": {"covered_lines": 1, "num_statements": 1, "percent_covered": 100.0, "percent_covered_display": "100", "missing_lines": 0, "excluded_lines": 0, "percent_statements_covered": 100.0, "percent_statements_covered_display": "100"}, "missing_lines": [], "excluded_lines": []}, "create_test_user": {"executed_lines": [85, 86], "summary": {"covered_lines": 2, "num_statements": 9, "percent_covered": 22.22222222222222, "percent_covered_display": "22", "missing_lines": 7, "excluded_lines": 0, "percent_statements_covered": 22.22222222222222, "percent_statements_covered_display": "22"}, "missing_lines": [87, 90, 97, 98, 101, 102, 108], "excluded_lines": []}, "create_test_user.UserObj.__init__": {"executed_lines": [], "summary": {"covered_lines": 0, "num_statements": 4, "percent_covered": 0.0, "percent_covered_display": "0", "missing_lines": 4, "excluded_lines": 0, "percent_statements_covered": 0.0, "percent_statements_covered_display": "0"}, "missing_lines": [103, 104, 105, 106], "excluded_lines": []}, "create_test_admin": {"executed_lines": [114, 115], "summary": {"covered_lines": 2, "num_statements": 9, "percent_covered": 22.22222222222222, "percent_covered_display": "22", "missing_lines": 7, "excluded_lines": 0, "percent_statements_covered": 22.22222222222222, "percent_statements_covered_display": "22"}, "missing_lines": [116, 119, 126, 127, 130, 131, 137], "excluded_lines": []}, "create_test_admin.UserObj.__init__": {"executed_lines": [], "summary": {"covered_lines": 0, "num_statements": 4, "percent_covered": 0.0, "percent_covered_display": "0", "missing_lines": 4, "excluded_lines": 0, "percent_statements_covered": 0.0, "percent_statements_covered_display": "0"}, "missing_lines": [132, 133, 134, 135], "excluded_lines": []}, "auth_headers": {"executed_lines": [], "summary": {"covered_lines": 0, "num_statements": 2, "percent_covered": 0.0, "percent_covered_display": "0", "missing_lines": 2, "excluded_lines": 0, "percent_statements_covered": 0.0, "percent_statements_covered_display": "0"}, "missing_lines": [142, 143], "excluded_lines": []}, "admin_auth_headers": {"executed_lines": [], "summary": {"covered_lines": 0, "num_statements": 2, "percent_covered": 0.0, "percent_covered_display": "0", "missing_lines": 2, "excluded_lines": 0, "percent_statements_covered": 0.0, "percent_statements_covered_display": "0"}, "missing_lines": [148, 149], "excluded_lines": []}, "sample_update_data": {"executed_lines": [], "summary": {"covered_lines": 0, "num_statements": 1, "percent_covered": 0.0, "percent_covered_display": "0", "missing_lines": 1, "excluded_lines": 0, "percent_statements_covered": 0.0, "percent_statements_covered_display": "0"}, "missing_lines": [154], "excluded_lines": []}, "second_user_data": {"executed_lines": [], "summary": {"covered_lines": 0, "num_statements": 1, "percent_covered": 0.0, "percent_covered_display": "0", "missing_lines": 1, "excluded_lines": 0, "percent_statements_covered": 0.0, "percent_statements_covered_display": "0"}, "missing_lines": [162], "excluded_lines": []}, "facility_manager_data": {"executed_lines": [], "summary": {"covered_lines": 0, "num_statements": 1, "percent_covered": 0.0, "percent_covered_display": "0", "missing_lines": 1, "excluded_lines": 0, "percent_statements_covered": 0.0, "percent_statements_covered_display": "0"}, "missing_lines": [172], "excluded_lines": []}, "moderator_data": {"executed_lines": [], "summary": {"covered_lines": 0, "num_statements": 1, "percent_covered": 0.0, "percent_covered_display": "0", "missing_lines": 1, "excluded_lines": 0, "percent_statements_covered": 0.0, "percent_statements_covered_display": "0"}, "missing_lines": [183], "excluded_lines": []}, "auditor_data": {"executed_lines": [], "summary": {"covered_lines": 0, "num_statements": 1, "percent_covered": 0.0, "percent_covered_display": "0", "missing_lines": 1, "excluded_lines": 0, "percent_statements_covered": 0.0, "percent_statements_covered_display": "0"}, "missing_lines": [194], "excluded_lines": []}, "": {"executed_lines": [1, 2, 3, 4, 5, 6, 9, 11, 12, 13, 16, 19, 25, 26, 43, 44, 59, 60, 70, 71, 81, 82, 110, 111, 139, 140, 145, 146, 151, 152, 159, 160, 169, 170, 180, 181, 191, 192], "summary": {"covered_lines": 38, "num_statements": 38, "percent_covered": 100.0, "percent_covered_display": "100", "missing_lines": 0, "excluded_lines": 0, "percent_statements_covered": 100.0, "percent_statements_covered_display": "100"}, "missing_lines": [], "excluded_lines": []}}, "classes": {"create_test_user.UserObj": {"executed_lines": [], "summary": {"covered_lines": 0, "num_statements": 4, "percent_covered": 0.0, "percent_covered_display": "0", "missing_lines": 4, "excluded_lines": 0, "percent_statements_covered": 0.0, "percent_statements_covered_display": "0"}, "missing_lines": [103, 104, 105, 106], "excluded_lines": []}, "create_test_admin.UserObj": {"executed_lines": [], "summary": {"covered_lines": 0, "num_statements": 4, "percent_covered": 0.0, "percent_covered_display": "0", "missing_lines": 4, "excluded_lines": 0, "percent_statements_covered": 0.0, "percent_statements_covered_display": "0"}, "missing_lines": [132, 133, 134, 135], "excluded_lines": []}, "": {"executed_lines": [1, 2, 3, 4, 5, 6, 9, 11, 12, 13, 16, 19, 25, 26, 28, 31, 33, 34, 35, 37, 39, 40, 41, 43, 44, 46, 47, 48, 50, 52, 54, 55, 57, 59, 60, 62, 70, 71, 73, 81, 82, 85, 86, 110, 111, 114, 115, 139, 140, 145, 146, 151, 152, 159, 160, 169, 170, 180, 181, 191, 192], "summary": {"covered_lines": 61, "num_statements": 84, "percent_covered": 72.61904761904762, "percent_covered_display": "73", "missing_lines": 23, "excluded_lines": 0, "percent_statements_covered": 72.61904761904762, "percent_statements_covered_display": "73"}, "missing_lines": [87, 90, 97, 98, 101, 102, 108, 116, 119, 126, 127, 130, 131, 137, 142, 143, 148, 149, 154, 162, 172, 183, 194], "excluded_lines": []}}}, "tests\\test_users.py": {"executed_lines": [1, 7, 8, 11, 12, 14, 15, 17, 19, 28, 29, 38, 39, 50, 51, 53, 55, 57, 59, 60, 62, 64, 66, 68, 69, 71, 73, 75, 77, 78, 80, 81, 82, 84, 86, 89, 90, 92, 94, 96, 99, 100, 102, 103, 106, 109, 117, 124, 125, 139, 140, 142, 150, 152, 153, 155, 157, 159, 160, 174, 175, 190, 191, 193, 194, 207, 208, 210, 212, 214, 215, 230, 231, 243, 244, 250, 251, 253, 259, 261, 262, 264, 266, 272, 275, 276, 278, 279, 291, 292, 298, 299, 301, 303, 305, 306, 321, 322, 331, 332, 343, 344, 356, 357, 359, 360, 369, 370, 372, 374, 377, 378, 380, 381, 386, 387, 392, 393, 395, 396, 397, 399, 401, 404, 405, 407, 408, 409, 411, 413, 416, 417, 419, 420, 421, 423, 425, 429, 430, 432, 433, 435, 437, 438, 440, 442, 443, 445, 447, 448, 450, 452, 453, 455, 456, 458, 459, 461, 462, 463, 466, 467, 469, 470, 472, 473, 475, 477, 482, 483, 485, 486, 487, 489, 491, 493, 494, 496, 498, 500, 502, 503, 505, 506, 508, 510, 515, 516, 518, 524, 526, 527, 529, 530, 531, 533, 535, 538, 539, 541, 542, 544, 545, 547, 549, 554, 555, 557, 558, 559, 561, 563, 565, 566, 577, 578, 580, 582, 583, 585, 586, 588, 589, 591, 593, 598, 599, 610, 611, 613, 614, 615, 617, 619, 622, 623, 625, 626, 628, 629, 631, 632, 634, 635, 637, 638, 640, 645, 647, 648, 650, 654, 659, 660, 662, 666, 668, 669, 671, 675, 678, 679, 681, 682, 684, 686, 692, 693, 695, 697, 699, 704, 705, 720, 721, 723, 724, 726, 727, 737], "summary": {"covered_lines": 267, "num_statements": 362, "percent_covered": 73.75690607734806, "percent_covered_display": "74", "missing_lines": 95, "excluded_lines": 0, "percent_statements_covered": 73.75690607734806, "percent_statements_covered_display": "74"}, "missing_lines": [20, 22, 23, 24, 25, 26, 31, 33, 35, 36, 41, 43, 44, 46, 48, 87, 118, 120, 121, 122, 127, 129, 137, 162, 164, 172, 177, 179, 187, 196, 198, 200, 202, 203, 204, 205, 217, 222, 228, 233, 235, 241, 246, 248, 281, 283, 285, 286, 288, 289, 294, 296, 308, 310, 315, 316, 318, 319, 324, 329, 334, 336, 341, 346, 348, 353, 362, 367, 383, 384, 389, 390, 402, 414, 426, 568, 570, 571, 573, 575, 601, 603, 604, 606, 608, 687, 689, 690, 707, 709, 710, 717, 729, 730, 738], "excluded_lines": [], "functions": {"TestUserRegistration.test_register_new_user_success": {"executed_lines": [17, 19], "summary": {"covered_lines": 2, "num_statements": 8, "percent_covered": 25.0, "percent_covered_display": "25", "missing_lines": 6, "excluded_lines": 0, "percent_statements_covered": 25.0, "percent_statements_covered_display": "25"}, "missing_lines": [20, 22, 23, 24, 25, 26], "excluded_lines": []}, "TestUserRegistration.test_register_duplicate_username": {"executed_lines": [], "summary": {"covered_lines": 0, "num_statements": 4, "percent_covered": 0.0, "percent_covered_display": "0", "missing_lines": 4, "excluded_lines": 0, "percent_statements_covered": 0.0, "percent_statements_covered_display": "0"}, "missing_lines": [31, 33, 35, 36], "excluded_lines": []}, "TestUserRegistration.test_register_duplicate_email": {"executed_lines": [], "summary": {"covered_lines": 0, "num_statements": 5, "percent_covered": 0.0, "percent_covered_display": "0", "missing_lines": 5, "excluded_lines": 0, "percent_statements_covered": 0.0, "percent_statements_covered_display": "0"}, "missing_lines": [41, 43, 44, 46, 48], "excluded_lines": []}, "TestUserRegistration.test_register_invalid_email": {"executed_lines": [53, 55, 57], "summary": {"covered_lines": 3, "num_statements": 3, "percent_covered": 100.0, "percent_covered_display": "100", "missing_lines": 0, "excluded_lines": 0, "percent_statements_covered": 100.0, "percent_statements_covered_display": "100"}, "missing_lines": [], "excluded_lines": []}, "TestUserRegistration.test_register_weak_password": {"executed_lines": [62, 64, 66], "summary": {"covered_lines": 3, "num_statements": 3, "percent_covered": 100.0, "percent_covered_display": "100", "missing_lines": 0, "excluded_lines": 0, "percent_statements_covered": 100.0, "percent_statements_covered_display": "100"}, "missing_lines": [], "excluded_lines": []}, "TestUserRegistration.test_register_missing_required_fields": {"executed_lines": [71, 73, 75], "summary": {"covered_lines": 3, "num_statements": 3, "percent_covered": 100.0, "percent_covered_display": "100", "missing_lines": 0, "excluded_lines": 0, "percent_statements_covered": 100.0, "percent_statements_covered_display": "100"}, "missing_lines": [], "excluded_lines": []}, "TestUserRegistration.test_register_admin_user": {"executed_lines": [80, 81, 82, 84, 86], "summary": {"covered_lines": 5, "num_statements": 6, "percent_covered": 83.33333333333333, "percent_covered_display": "83", "missing_lines": 1, "excluded_lines": 0, "percent_statements_covered": 83.33333333333333, "percent_statements_covered_display": "83"}, "missing_lines": [87], "excluded_lines": []}, "TestUserRegistration.test_register_with_empty_strings": {"executed_lines": [92, 94, 96], "summary": {"covered_lines": 3, "num_statements": 3, "percent_covered": 100.0, "percent_covered_display": "100", "missing_lines": 0, "excluded_lines": 0, "percent_statements_covered": 100.0, "percent_statements_covered_display": "100"}, "missing_lines": [], "excluded_lines": []}, "TestUserAuthentication.test_login_success": {"executed_lines": [106, 109, 117], "summary": {"covered_lines": 3, "num_statements": 7, "percent_covered": 42.857142857142854, "percent_covered_display": "43", "missing_lines": 4, "excluded_lines": 0, "percent_statements_covered": 42.857142857142854, "percent_statements_covered_display": "43"}, "missing_lines": [118, 120, 121, 122], "excluded_lines": []}, "TestUserAuthentication.test_login_wrong_password": {"executed_lines": [], "summary": {"covered_lines": 0, "num_statements": 3, "percent_covered": 0.0, "percent_covered_display": "0", "missing_lines": 3, "excluded_lines": 0, "percent_statements_covered": 0.0, "percent_statements_covered_display": "0"}, "missing_lines": [127, 129, 137], "excluded_lines": []}, "TestUserAuthentication.test_login_nonexistent_user": {"executed_lines": [142, 150], "summary": {"covered_lines": 2, "num_statements": 2, "percent_covered": 100.0, "percent_covered_display": "100", "missing_lines": 0, "excluded_lines": 0, "percent_statements_covered": 100.0, "percent_statements_covered_display": "100"}, "missing_lines": [], "excluded_lines": []}, "TestUserAuthentication.test_login_missing_credentials": {"executed_lines": [155, 157], "summary": {"covered_lines": 2, "num_statements": 2, "percent_covered": 100.0, "percent_covered_display": "100", "missing_lines": 0, "excluded_lines": 0, "percent_statements_covered": 100.0, "percent_statements_covered_display": "100"}, "missing_lines": [], "excluded_lines": []}, "TestUserAuthentication.test_login_with_email_instead_of_username": {"executed_lines": [], "summary": {"covered_lines": 0, "num_statements": 3, "percent_covered": 0.0, "percent_covered_display": "0", "missing_lines": 3, "excluded_lines": 0, "percent_statements_covered": 0.0, "percent_statements_covered_display": "0"}, "missing_lines": [162, 164, 172], "excluded_lines": []}, "TestUserAuthentication.test_login_case_sensitive_username": {"executed_lines": [], "summary": {"covered_lines": 0, "num_statements": 3, "percent_covered": 0.0, "percent_covered_display": "0", "missing_lines": 3, "excluded_lines": 0, "percent_statements_covered": 0.0, "percent_statements_covered_display": "0"}, "missing_lines": [177, 179, 187], "excluded_lines": []}, "TestUserProfile.test_get_current_user": {"executed_lines": [], "summary": {"covered_lines": 0, "num_statements": 7, "percent_covered": 0.0, "percent_covered_display": "0", "missing_lines": 7, "excluded_lines": 0, "percent_statements_covered": 0.0, "percent_statements_covered_display": "0"}, "missing_lines": [196, 198, 200, 202, 203, 204, 205], "excluded_lines": []}, "TestUserProfile.test_get_current_user_unauthorized": {"executed_lines": [210, 212], "summary": {"covered_lines": 2, "num_statements": 2, "percent_covered": 100.0, "percent_covered_display": "100", "missing_lines": 0, "excluded_lines": 0, "percent_statements_covered": 100.0, "percent_statements_covered_display": "100"}, "missing_lines": [], "excluded_lines": []}, "TestUserProfile.test_update_user_profile": {"executed_lines": [], "summary": {"covered_lines": 0, "num_statements": 3, "percent_covered": 0.0, "percent_covered_display": "0", "missing_lines": 3, "excluded_lines": 0, "percent_statements_covered": 0.0, "percent_statements_covered_display": "0"}, "missing_lines": [217, 222, 228], "excluded_lines": []}, "TestUserProfile.test_update_profile_invalid_email": {"executed_lines": [], "summary": {"covered_lines": 0, "num_statements": 3, "percent_covered": 0.0, "percent_covered_display": "0", "missing_lines": 3, "excluded_lines": 0, "percent_statements_covered": 0.0, "percent_statements_covered_display": "0"}, "missing_lines": [233, 235, 241], "excluded_lines": []}, "TestUserProfile.test_delete_user_account": {"executed_lines": [], "summary": {"covered_lines": 0, "num_statements": 2, "percent_covered": 0.0, "percent_covered_display": "0", "missing_lines": 2, "excluded_lines": 0, "percent_statements_covered": 0.0, "percent_statements_covered_display": "0"}, "missing_lines": [246, 248], "excluded_lines": []}, "TestUserProfile.test_update_profile_with_invalid_token": {"executed_lines": [253, 259], "summary": {"covered_lines": 2, "num_statements": 2, "percent_covered": 100.0, "percent_covered_display": "100", "missing_lines": 0, "excluded_lines": 0, "percent_statements_covered": 100.0, "percent_statements_covered_display": "100"}, "missing_lines": [], "excluded_lines": []}, "TestUserProfile.test_update_profile_with_expired_token": {"executed_lines": [264, 266, 272], "summary": {"covered_lines": 3, "num_statements": 3, "percent_covered": 100.0, "percent_covered_display": "100", "missing_lines": 0, "excluded_lines": 0, "percent_statements_covered": 100.0, "percent_statements_covered_display": "100"}, "missing_lines": [], "excluded_lines": []}, "TestUserManagement.test_get_all_users_as_admin": {"executed_lines": [], "summary": {"covered_lines": 0, "num_statements": 6, "percent_covered": 0.0, "percent_covered_display": "0", "missing_lines": 6, "excluded_lines": 0, "percent_statements_covered": 0.0, "percent_statements_covered_display": "0"}, "missing_lines": [281, 283, 285, 286, 288, 289], "excluded_lines": []}, "TestUserManagement.test_get_all_users_as_regular_user_fails": {"executed_lines": [], "summary": {"covered_lines": 0, "num_statements": 2, "percent_covered": 0.0, "percent_covered_display": "0", "missing_lines": 2, "excluded_lines": 0, "percent_statements_covered": 0.0, "percent_statements_covered_display": "0"}, "missing_lines": [294, 296], "excluded_lines": []}, "TestUserManagement.test_get_all_users_unauthorized": {"executed_lines": [301, 303], "summary": {"covered_lines": 2, "num_statements": 2, "percent_covered": 100.0, "percent_covered_display": "100", "missing_lines": 0, "excluded_lines": 0, "percent_statements_covered": 100.0, "percent_statements_covered_display": "100"}, "missing_lines": [], "excluded_lines": []}, "TestUserManagement.test_get_user_by_username_as_admin": {"executed_lines": [], "summary": {"covered_lines": 0, "num_statements": 6, "percent_covered": 0.0, "percent_covered_display": "0", "missing_lines": 6, "excluded_lines": 0, "percent_statements_covered": 0.0, "percent_statements_covered_display": "0"}, "missing_lines": [308, 310, 315, 316, 318, 319], "excluded_lines": []}, "TestUserManagement.test_get_nonexistent_user": {"executed_lines": [], "summary": {"covered_lines": 0, "num_statements": 2, "percent_covered": 0.0, "percent_covered_display": "0", "missing_lines": 2, "excluded_lines": 0, "percent_statements_covered": 0.0, "percent_statements_covered_display": "0"}, "missing_lines": [324, 329], "excluded_lines": []}, "TestUserManagement.test_delete_user_as_admin": {"executed_lines": [], "summary": {"covered_lines": 0, "num_statements": 3, "percent_covered": 0.0, "percent_covered_display": "0", "missing_lines": 3, "excluded_lines": 0, "percent_statements_covered": 0.0, "percent_statements_covered_display": "0"}, "missing_lines": [334, 336, 341], "excluded_lines": []}, "TestUserManagement.test_delete_user_as_regular_user": {"executed_lines": [], "summary": {"covered_lines": 0, "num_statements": 3, "percent_covered": 0.0, "percent_covered_display": "0", "missing_lines": 3, "excluded_lines": 0, "percent_statements_covered": 0.0, "percent_statements_covered_display": "0"}, "missing_lines": [346, 348, 353], "excluded_lines": []}, "TestUserBookingHistory.test_get_user_booking_history": {"executed_lines": [], "summary": {"covered_lines": 0, "num_statements": 2, "percent_covered": 0.0, "percent_covered_display": "0", "missing_lines": 2, "excluded_lines": 0, "percent_statements_covered": 0.0, "percent_statements_covered_display": "0"}, "missing_lines": [362, 367], "excluded_lines": []}, "TestUserBookingHistory.test_get_booking_history_unauthorized": {"executed_lines": [372, 374], "summary": {"covered_lines": 2, "num_statements": 2, "percent_covered": 100.0, "percent_covered_display": "100", "missing_lines": 0, "excluded_lines": 0, "percent_statements_covered": 100.0, "percent_statements_covered_display": "100"}, "missing_lines": [], "excluded_lines": []}, "TestRoleBasedAccess.test_admin_role_permissions": {"executed_lines": [], "summary": {"covered_lines": 0, "num_statements": 2, "percent_covered": 0.0, "percent_covered_display": "0", "missing_lines": 2, "excluded_lines": 0, "percent_statements_covered": 0.0, "percent_statements_covered_display": "0"}, "missing_lines": [383, 384], "excluded_lines": []}, "TestRoleBasedAccess.test_regular_user_role_restrictions": {"executed_lines": [], "summary": {"covered_lines": 0, "num_statements": 2, "percent_covered": 0.0, "percent_covered_display": "0", "missing_lines": 2, "excluded_lines": 0, "percent_statements_covered": 0.0, "percent_statements_covered_display": "0"}, "missing_lines": [389, 390], "excluded_lines": []}, "TestRoleBasedAccess.test_facility_manager_role": {"executed_lines": [395, 396, 397, 399, 401], "summary": {"covered_lines": 5, "num_statements": 6, "percent_covered": 83.33333333333333, "percent_covered_display": "83", "missing_lines": 1, "excluded_lines": 0, "percent_statements_covered": 83.33333333333333, "percent_statements_covered_display": "83"}, "missing_lines": [402], "excluded_lines": []}, "TestRoleBasedAccess.test_moderator_role": {"executed_lines": [407, 408, 409, 411, 413], "summary": {"covered_lines": 5, "num_statements": 6, "percent_covered": 83.33333333333333, "percent_covered_display": "83", "missing_lines": 1, "excluded_lines": 0, "percent_statements_covered": 83.33333333333333, "percent_statements_covered_display": "83"}, "missing_lines": [414], "excluded_lines": []}, "TestRoleBasedAccess.test_auditor_role": {"executed_lines": [419, 420, 421, 423, 425], "summary": {"covered_lines": 5, "num_statements": 6, "percent_covered": 83.33333333333333, "percent_covered_display": "83", "missing_lines": 1, "excluded_lines": 0, "percent_statements_covered": 83.33333333333333, "percent_statements_covered_display": "83"}, "missing_lines": [426], "excluded_lines": []}, "TestHealthCheck.test_health_endpoint": {"executed_lines": [435, 437, 438, 440], "summary": {"covered_lines": 4, "num_statements": 4, "percent_covered": 100.0, "percent_covered_display": "100", "missing_lines": 0, "excluded_lines": 0, "percent_statements_covered": 100.0, "percent_statements_covered_display": "100"}, "missing_lines": [], "excluded_lines": []}, "TestHealthCheck.test_root_endpoint": {"executed_lines": [445, 447, 448, 450], "summary": {"covered_lines": 4, "num_statements": 4, "percent_covered": 100.0, "percent_covered_display": "100", "missing_lines": 0, "excluded_lines": 0, "percent_statements_covered": 100.0, "percent_statements_covered_display": "100"}, "missing_lines": [], "excluded_lines": []}, "TestHealthCheck.test_health_endpoint_no_auth_required": {"executed_lines": [455, 456], "summary": {"covered_lines": 2, "num_statements": 2, "percent_covered": 100.0, "percent_covered_display": "100", "missing_lines": 0, "excluded_lines": 0, "percent_statements_covered": 100.0, "percent_statements_covered_display": "100"}, "missing_lines": [], "excluded_lines": []}, "TestHealthCheck.test_database_connection": {"executed_lines": [461, 462, 463], "summary": {"covered_lines": 3, "num_statements": 3, "percent_covered": 100.0, "percent_covered_display": "100", "missing_lines": 0, "excluded_lines": 0, "percent_statements_covered": 100.0, "percent_statements_covered_display": "100"}, "missing_lines": [], "excluded_lines": []}, "TestInputValidation.test_sql_injection_prevention_username": {"executed_lines": [472, 473, 475, 477], "summary": {"covered_lines": 4, "num_statements": 4, "percent_covered": 100.0, "percent_covered_display": "100", "missing_lines": 0, "excluded_lines": 0, "percent_statements_covered": 100.0, "percent_statements_covered_display": "100"}, "missing_lines": [], "excluded_lines": []}, "TestInputValidation.test_xss_prevention_in_full_name": {"executed_lines": [485, 486, 487, 489, 491], "summary": {"covered_lines": 5, "num_statements": 5, "percent_covered": 100.0, "percent_covered_display": "100", "missing_lines": 0, "excluded_lines": 0, "percent_statements_covered": 100.0, "percent_statements_covered_display": "100"}, "missing_lines": [], "excluded_lines": []}, "TestInputValidation.test_email_validation": {"executed_lines": [496, 498, 500], "summary": {"covered_lines": 3, "num_statements": 3, "percent_covered": 100.0, "percent_covered_display": "100", "missing_lines": 0, "excluded_lines": 0, "percent_statements_covered": 100.0, "percent_statements_covered_display": "100"}, "missing_lines": [], "excluded_lines": []}, "TestInputValidation.test_username_special_characters": {"executed_lines": [505, 506, 508, 510], "summary": {"covered_lines": 4, "num_statements": 4, "percent_covered": 100.0, "percent_covered_display": "100", "missing_lines": 0, "excluded_lines": 0, "percent_statements_covered": 100.0, "percent_statements_covered_display": "100"}, "missing_lines": [], "excluded_lines": []}, "TestInputValidation.test_null_values_rejected": {"executed_lines": [518, 524], "summary": {"covered_lines": 2, "num_statements": 2, "percent_covered": 100.0, "percent_covered_display": "100", "missing_lines": 0, "excluded_lines": 0, "percent_statements_covered": 100.0, "percent_statements_covered_display": "100"}, "missing_lines": [], "excluded_lines": []}, "TestInputValidation.test_input_sanitization": {"executed_lines": [529, 530, 531, 533, 535], "summary": {"covered_lines": 5, "num_statements": 5, "percent_covered": 100.0, "percent_covered_display": "100", "missing_lines": 0, "excluded_lines": 0, "percent_statements_covered": 100.0, "percent_statements_covered_display": "100"}, "missing_lines": [], "excluded_lines": []}, "TestEdgeCases.test_very_long_username": {"executed_lines": [544, 545, 547, 549], "summary": {"covered_lines": 4, "num_statements": 4, "percent_covered": 100.0, "percent_covered_display": "100", "missing_lines": 0, "excluded_lines": 0, "percent_statements_covered": 100.0, "percent_statements_covered_display": "100"}, "missing_lines": [], "excluded_lines": []}, "TestEdgeCases.test_unicode_characters_in_name": {"executed_lines": [557, 558, 559, 561, 563], "summary": {"covered_lines": 5, "num_statements": 5, "percent_covered": 100.0, "percent_covered_display": "100", "missing_lines": 0, "excluded_lines": 0, "percent_statements_covered": 100.0, "percent_statements_covered_display": "100"}, "missing_lines": [], "excluded_lines": []}, "TestEdgeCases.test_case_insensitive_username": {"executed_lines": [], "summary": {"covered_lines": 0, "num_statements": 5, "percent_covered": 0.0, "percent_covered_display": "0", "missing_lines": 5, "excluded_lines": 0, "percent_statements_covered": 0.0, "percent_statements_covered_display": "0"}, "missing_lines": [568, 570, 571, 573, 575], "excluded_lines": []}, "TestEdgeCases.test_minimum_password_length": {"executed_lines": [580, 582, 583], "summary": {"covered_lines": 3, "num_statements": 3, "percent_covered": 100.0, "percent_covered_display": "100", "missing_lines": 0, "excluded_lines": 0, "percent_statements_covered": 100.0, "percent_statements_covered_display": "100"}, "missing_lines": [], "excluded_lines": []}, "TestEdgeCases.test_whitespace_in_username": {"executed_lines": [588, 589, 591, 593], "summary": {"covered_lines": 4, "num_statements": 4, "percent_covered": 100.0, "percent_covered_display": "100", "missing_lines": 0, "excluded_lines": 0, "percent_statements_covered": 100.0, "percent_statements_covered_display": "100"}, "missing_lines": [], "excluded_lines": []}, "TestEdgeCases.test_email_case_insensitivity": {"executed_lines": [], "summary": {"covered_lines": 0, "num_statements": 5, "percent_covered": 0.0, "percent_covered_display": "0", "missing_lines": 5, "excluded_lines": 0, "percent_statements_covered": 0.0, "percent_statements_covered_display": "0"}, "missing_lines": [601, 603, 604, 606, 608], "excluded_lines": []}, "TestEdgeCases.test_maximum_field_length": {"executed_lines": [613, 614, 615, 617, 619], "summary": {"covered_lines": 5, "num_statements": 5, "percent_covered": 100.0, "percent_covered_display": "100", "missing_lines": 0, "excluded_lines": 0, "percent_statements_covered": 100.0, "percent_statements_covered_display": "100"}, "missing_lines": [], "excluded_lines": []}, "TestErrorHandling.test_404_error_nonexistent_endpoint": {"executed_lines": [628, 629], "summary": {"covered_lines": 2, "num_statements": 2, "percent_covered": 100.0, "percent_covered_display": "100", "missing_lines": 0, "excluded_lines": 0, "percent_statements_covered": 100.0, "percent_statements_covered_display": "100"}, "missing_lines": [], "excluded_lines": []}, "TestErrorHandling.test_method_not_allowed": {"executed_lines": [634, 635], "summary": {"covered_lines": 2, "num_statements": 2, "percent_covered": 100.0, "percent_covered_display": "100", "missing_lines": 0, "excluded_lines": 0, "percent_statements_covered": 100.0, "percent_statements_covered_display": "100"}, "missing_lines": [], "excluded_lines": []}, "TestErrorHandling.test_invalid_json_body": {"executed_lines": [640, 645], "summary": {"covered_lines": 2, "num_statements": 2, "percent_covered": 100.0, "percent_covered_display": "100", "missing_lines": 0, "excluded_lines": 0, "percent_statements_covered": 100.0, "percent_statements_covered_display": "100"}, "missing_lines": [], "excluded_lines": []}, "TestErrorHandling.test_missing_content_type": {"executed_lines": [650, 654], "summary": {"covered_lines": 2, "num_statements": 2, "percent_covered": 100.0, "percent_covered_display": "100", "missing_lines": 0, "excluded_lines": 0, "percent_statements_covered": 100.0, "percent_statements_covered_display": "100"}, "missing_lines": [], "excluded_lines": []}, "TestErrorHandling.test_malformed_authorization_header": {"executed_lines": [662, 666], "summary": {"covered_lines": 2, "num_statements": 2, "percent_covered": 100.0, "percent_covered_display": "100", "missing_lines": 0, "excluded_lines": 0, "percent_statements_covered": 100.0, "percent_statements_covered_display": "100"}, "missing_lines": [], "excluded_lines": []}, "TestErrorHandling.test_missing_bearer_prefix": {"executed_lines": [671, 675], "summary": {"covered_lines": 2, "num_statements": 2, "percent_covered": 100.0, "percent_covered_display": "100", "missing_lines": 0, "excluded_lines": 0, "percent_statements_covered": 100.0, "percent_statements_covered_display": "100"}, "missing_lines": [], "excluded_lines": []}, "TestPasswordSecurity.test_password_not_returned_in_response": {"executed_lines": [684, 686], "summary": {"covered_lines": 2, "num_statements": 5, "percent_covered": 40.0, "percent_covered_display": "40", "missing_lines": 3, "excluded_lines": 0, "percent_statements_covered": 40.0, "percent_statements_covered_display": "40"}, "missing_lines": [687, 689, 690], "excluded_lines": []}, "TestPasswordSecurity.test_password_complexity_requirements": {"executed_lines": [695, 697, 699], "summary": {"covered_lines": 3, "num_statements": 3, "percent_covered": 100.0, "percent_covered_display": "100", "missing_lines": 0, "excluded_lines": 0, "percent_statements_covered": 100.0, "percent_statements_covered_display": "100"}, "missing_lines": [], "excluded_lines": []}, "TestPasswordSecurity.test_failed_login_attempts": {"executed_lines": [], "summary": {"covered_lines": 0, "num_statements": 4, "percent_covered": 0.0, "percent_covered_display": "0", "missing_lines": 4, "excluded_lines": 0, "percent_statements_covered": 0.0, "percent_statements_covered_display": "0"}, "missing_lines": [707, 709, 710, 717], "excluded_lines": []}, "TestConcurrency.test_concurrent_user_creation_same_username": {"executed_lines": [726, 727], "summary": {"covered_lines": 2, "num_statements": 4, "percent_covered": 50.0, "percent_covered_display": "50", "missing_lines": 2, "excluded_lines": 0, "percent_statements_covered": 50.0, "percent_statements_covered_display": "50"}, "missing_lines": [729, 730], "excluded_lines": []}, "": {"executed_lines": [1, 7, 8, 11, 12, 14, 15, 28, 29, 38, 39, 50, 51, 59, 60, 68, 69, 77, 78, 89, 90, 99, 100, 102, 103, 124, 125, 139, 140, 152, 153, 159, 160, 174, 175, 190, 191, 193, 194, 207, 208, 214, 215, 230, 231, 243, 244, 250, 251, 261, 262, 275, 276, 278, 279, 291, 292, 298, 299, 305, 306, 321, 322, 331, 332, 343, 344, 356, 357, 359, 360, 369, 370, 377, 378, 380, 381, 386, 387, 392, 393, 404, 405, 416, 417, 429, 430, 432, 433, 442, 443, 452, 453, 458, 459, 466, 467, 469, 470, 482, 483, 493, 494, 502, 503, 515, 516, 526, 527, 538, 539, 541, 542, 554, 555, 565, 566, 577, 578, 585, 586, 598, 599, 610, 611, 622, 623, 625, 626, 631, 632, 637, 638, 647, 648, 659, 660, 668, 669, 678, 679, 681, 682, 692, 693, 704, 705, 720, 721, 723, 724, 737], "summary": {"covered_lines": 139, "num_statements": 140, "percent_covered": 99.28571428571429, "percent_covered_display": "99", "missing_lines": 1, "excluded_lines": 0, "percent_statements_covered": 99.28571428571429, "percent_statements_covered_display": "99"}, "missing_lines": [738], "excluded_lines": []}}, "classes": {"TestUserRegistration": {"executed_lines": [17, 19, 53, 55, 57, 62, 64, 66, 71, 73, 75, 80, 81, 82, 84, 86, 92, 94, 96], "summary": {"covered_lines": 19, "num_statements": 35, "percent_covered": 54.285714285714285, "percent_covered_display": "54", "missing_lines": 16, "excluded_lines": 0, "percent_statements_covered": 54.285714285714285, "percent_statements_covered_display": "54"}, "missing_lines": [20, 22, 23, 24, 25, 26, 31, 33, 35, 36, 41, 43, 44, 46, 48, 87], "excluded_lines": []}, "TestUserAuthentication": {"executed_lines": [106, 109, 117, 142, 150, 155, 157], "summary": {"covered_lines": 7, "num_statements": 20, "percent_covered": 35.0, "percent_covered_display": "35", "missing_lines": 13, "excluded_lines": 0, "percent_statements_covered": 35.0, "percent_statements_covered_display": "35"}, "missing_lines": [118, 120, 121, 122, 127, 129, 137, 162, 164, 172, 177, 179, 187], "excluded_lines": []}, "TestUserProfile": {"executed_lines": [210, 212, 253, 259, 264, 266, 272], "summary": {"covered_lines": 7, "num_statements": 22, "percent_covered": 31.818181818181817, "percent_covered_display": "32", "missing_lines": 15, "excluded_lines": 0, "percent_statements_covered": 31.818181818181817, "percent_statements_covered_display": "32"}, "missing_lines": [196, 198, 200, 202, 203, 204, 205, 217, 222, 228, 233, 235, 241, 246, 248], "excluded_lines": []}, "TestUserManagement": {"executed_lines": [301, 303], "summary": {"covered_lines": 2, "num_statements": 24, "percent_covered": 8.333333333333334, "percent_covered_display": "8", "missing_lines": 22, "excluded_lines": 0, "percent_statements_covered": 8.333333333333334, "percent_statements_covered_display": "8"}, "missing_lines": [281, 283, 285, 286, 288, 289, 294, 296, 308, 310, 315, 316, 318, 319, 324, 329, 334, 336, 341, 346, 348, 353], "excluded_lines": []}, "TestUserBookingHistory": {"executed_lines": [372, 374], "summary": {"covered_lines": 2, "num_statements": 4, "percent_covered": 50.0, "percent_covered_display": "50", "missing_lines": 2, "excluded_lines": 0, "percent_statements_covered": 50.0, "percent_statements_covered_display": "50"}, "missing_lines": [362, 367], "excluded_lines": []}, "TestRoleBasedAccess": {"executed_lines": [395, 396, 397, 399, 401, 407, 408, 409, 411, 413, 419, 420, 421, 423, 425], "summary": {"covered_lines": 15, "num_statements": 22, "percent_covered": 68.18181818181819, "percent_covered_display": "68", "missing_lines": 7, "excluded_lines": 0, "percent_statements_covered": 68.18181818181819, "percent_statements_covered_display": "68"}, "missing_lines": [383, 384, 389, 390, 402, 414, 426], "excluded_lines": []}, "TestHealthCheck": {"executed_lines": [435, 437, 438, 440, 445, 447, 448, 450, 455, 456, 461, 462, 463], "summary": {"covered_lines": 13, "num_statements": 13, "percent_covered": 100.0, "percent_covered_display": "100", "missing_lines": 0, "excluded_lines": 0, "percent_statements_covered": 100.0, "percent_statements_covered_display": "100"}, "missing_lines": [], "excluded_lines": []}, "TestInputValidation": {"executed_lines": [472, 473, 475, 477, 485, 486, 487, 489, 491, 496, 498, 500, 505, 506, 508, 510, 518, 524, 529, 530, 531, 533, 535], "summary": {"covered_lines": 23, "num_statements": 23, "percent_covered": 100.0, "percent_covered_display": "100", "missing_lines": 0, "excluded_lines": 0, "percent_statements_covered": 100.0, "percent_statements_covered_display": "100"}, "missing_lines": [], "excluded_lines": []}, "TestEdgeCases": {"executed_lines": [544, 545, 547, 549, 557, 558, 559, 561, 563, 580, 582, 583, 588, 589, 591, 593, 613, 614, 615, 617, 619], "summary": {"covered_lines": 21, "num_statements": 31, "percent_covered": 67.74193548387096, "percent_covered_display": "68", "missing_lines": 10, "excluded_lines": 0, "percent_statements_covered": 67.74193548387096, "percent_statements_covered_display": "68"}, "missing_lines": [568, 570, 571, 573, 575, 601, 603, 604, 606, 608], "excluded_lines": []}, "TestErrorHandling": {"executed_lines": [628, 629, 634, 635, 640, 645, 650, 654, 662, 666, 671, 675], "summary": {"covered_lines": 12, "num_statements": 12, "percent_covered": 100.0, "percent_covered_display": "100", "missing_lines": 0, "excluded_lines": 0, "percent_statements_covered": 100.0, "percent_statements_covered_display": "100"}, "missing_lines": [], "excluded_lines": []}, "TestPasswordSecurity": {"executed_lines": [684, 686, 695, 697, 699], "summary": {"covered_lines": 5, "num_statements": 12, "percent_covered": 41.666666666666664, "percent_covered_display": "42", "missing_lines": 7, "excluded_lines": 0, "percent_statements_covered": 41.666666666666664, "percent_statements_covered_display": "42"}, "missing_lines": [687, 689, 690, 707, 709, 710, 717], "excluded_lines": []}, "TestConcurrency": {"executed_lines": [726, 727], "summary": {"covered_lines": 2, "num_statements": 4, "percent_covered": 50.0, "percent_covered_display": "50", "missing_lines": 2, "excluded_lines": 0, "percent_statements_covered": 50.0, "percent_statements_covered_display": "50"}, "missing_lines": [729, 730], "excluded_lines": []}, "": {"executed_lines": [1, 7, 8, 11, 12, 14, 15, 28, 29, 38, 39, 50, 51, 59, 60, 68, 69, 77, 78, 89, 90, 99, 100, 102, 103, 124, 125, 139, 140, 152, 153, 159, 160, 174, 175, 190, 191, 193, 194, 207, 208, 214, 215, 230, 231, 243, 244, 250, 251, 261, 262, 275, 276, 278, 279, 291, 292, 298, 299, 305, 306, 321, 322, 331, 332, 343, 344, 356, 357, 359, 360, 369, 370, 377, 378, 380, 381, 386, 387, 392, 393, 404, 405, 416, 417, 429, 430, 432, 433, 442, 443, 452, 453, 458, 459, 466, 467, 469, 470, 482, 483, 493, 494, 502, 503, 515, 516, 526, 527, 538, 539, 541, 542, 554, 555, 565, 566, 577, 578, 585, 586, 598, 599, 610, 611, 622, 623, 625, 626, 631, 632, 637, 638, 647, 648, 659, 660, 668, 669, 678, 679, 681, 682, 692, 693, 704, 705, 720, 721, 723, 724, 737], "summary": {"covered_lines": 139, "num_statements": 140, "percent_covered": 99.28571428571429, "percent_covered_display": "99", "missing_lines": 1, "excluded_lines": 0, "percent_statements_covered": 99.28571428571429, "percent_statements_covered_display": "99"}, "missing_lines": [738], "excluded_lines": []}}}, "utils.py": {"executed_lines": [], "summary": {"covered_lines": 0, "num_statements": 31, "percent_covered": 0.0, "percent_covered_display": "0", "missing_lines": 31, "excluded_lines": 0, "percent_statements_covered": 0.0, "percent_statements_covered_display": "0"}, "missing_lines": [7, 8, 9, 11, 33, 34, 37, 56, 57, 58, 61, 63, 86, 87, 90, 91, 94, 95, 98, 99, 102, 104, 119, 120, 122, 123, 126, 127, 130, 131, 133], "excluded_lines": [], "functions": {"sanitize_input": {"executed_lines": [], "summary": {"covered_lines": 0, "num_statements": 7, "percent_covered": 0.0, "percent_covered_display": "0", "missing_lines": 7, "excluded_lines": 0, "percent_statements_covered": 0.0, "percent_statements_covered_display": "0"}, "missing_lines": [33, 34, 37, 56, 57, 58, 61], "excluded_lines": []}, "validate_password_strength": {"executed_lines": [], "summary": {"covered_lines": 0, "num_statements": 9, "percent_covered": 0.0, "percent_covered_display": "0", "missing_lines": 9, "excluded_lines": 0, "percent_statements_covered": 0.0, "percent_statements_covered_display": "0"}, "missing_lines": [86, 87, 90, 91, 94, 95, 98, 99, 102], "excluded_lines": []}, "validate_username": {"executed_lines": [], "summary": {"covered_lines": 0, "num_statements": 9, "percent_covered": 0.0, "percent_covered_display": "0", "missing_lines": 9, "excluded_lines": 0, "percent_statements_covered": 0.0, "percent_statements_covered_display": "0"}, "missing_lines": [119, 120, 122, 123, 126, 127, 130, 131, 133], "excluded_lines": []}, "": {"executed_lines": [], "summary": {"covered_lines": 0, "num_statements": 6, "percent_covered": 0.0, "percent_covered_display": "0", "missing_lines": 6, "excluded_lines": 0, "percent_statements_covered": 0.0, "percent_statements_covered_display": "0"}, "missing_lines": [7, 8, 9, 11, 63, 104], "excluded_lines": []}}, "classes": {"": {"executed_lines": [], "summary": {"covered_lines": 0, "num_statements": 31, "percent_covered": 0.0, "percent_covered_display": "0", "missing_lines": 31, "excluded_lines": 0, "percent_statements_covered": 0.0, "percent_statements_covered_display": "0"}, "missing_lines": [7, 8, 9, 11, 33, 34, 37, 56, 57, 58, 61, 63, 86, 87, 90, 91, 94, 95, 98, 99, 102, 104, 119, 120, 122, 123, 126, 127, 130, 131, 133], "excluded_lines": []}}}}, "totals": {"covered_lines": 502, "num_statements": 1037, "percent_covered": 48.40887174541948, "percent_covered_display": "48", "missing_lines": 535, "excluded_lines": 0, "percent_statements_covered": 48.40887174541948, "percent_statements_covered_display": "48"}}